[2023-03-19T20:43:51.969+0000] {taskinstance.py:1084} INFO - Dependencies all met for dep_context=non-requeueable deps ti=<TaskInstance: project_spark_processing.process_data scheduled__2023-03-18T00:00:00+00:00 [queued]>
[2023-03-19T20:43:52.008+0000] {taskinstance.py:1084} INFO - Dependencies all met for dep_context=requeueable deps ti=<TaskInstance: project_spark_processing.process_data scheduled__2023-03-18T00:00:00+00:00 [queued]>
[2023-03-19T20:43:52.008+0000] {taskinstance.py:1282} INFO - 
--------------------------------------------------------------------------------
[2023-03-19T20:43:52.008+0000] {taskinstance.py:1283} INFO - Starting attempt 1 of 2
[2023-03-19T20:43:52.008+0000] {taskinstance.py:1284} INFO - 
--------------------------------------------------------------------------------
[2023-03-19T20:43:52.078+0000] {taskinstance.py:1303} INFO - Executing <Task(DataprocSubmitJobOperator): process_data> on 2023-03-18 00:00:00+00:00
[2023-03-19T20:43:52.090+0000] {standard_task_runner.py:55} INFO - Started process 16582 to run task
[2023-03-19T20:43:52.105+0000] {standard_task_runner.py:82} INFO - Running: ['***', 'tasks', 'run', 'project_spark_processing', 'process_data', 'scheduled__2023-03-18T00:00:00+00:00', '--job-id', '145', '--raw', '--subdir', 'DAGS_FOLDER/p_submit_job_draft.py', '--cfg-path', '/tmp/tmpvo2ac2a0']
[2023-03-19T20:43:52.110+0000] {standard_task_runner.py:83} INFO - Job 145: Subtask process_data
[2023-03-19T20:43:52.140+0000] {warnings.py:110} WARNING - /home/***/.local/lib/python3.7/site-packages/***/settings.py:250: DeprecationWarning: The sql_alchemy_conn option in [core] has been moved to the sql_alchemy_conn option in [database] - the old setting has been used, but please update your config.
  SQL_ALCHEMY_CONN = conf.get("database", "SQL_ALCHEMY_CONN")

[2023-03-19T20:43:52.180+0000] {warnings.py:110} WARNING - /home/***/.local/lib/python3.7/site-packages/***/utils/sqlalchemy.py:124: DeprecationWarning: The sql_alchemy_conn option in [core] has been moved to the sql_alchemy_conn option in [database] - the old setting has been used, but please update your config.
  return not conf.get("database", "sql_alchemy_conn").startswith("mssql")

[2023-03-19T20:43:52.239+0000] {task_command.py:388} INFO - Running <TaskInstance: project_spark_processing.process_data scheduled__2023-03-18T00:00:00+00:00 [running]> on host 50ce40c43c89
[2023-03-19T20:43:52.410+0000] {taskinstance.py:1511} INFO - Exporting the following env vars:
AIRFLOW_CTX_DAG_OWNER=***
AIRFLOW_CTX_DAG_ID=project_spark_processing
AIRFLOW_CTX_TASK_ID=process_data
AIRFLOW_CTX_EXECUTION_DATE=2023-03-18T00:00:00+00:00
AIRFLOW_CTX_TRY_NUMBER=1
AIRFLOW_CTX_DAG_RUN_ID=scheduled__2023-03-18T00:00:00+00:00
[2023-03-19T20:43:52.411+0000] {dataproc.py:1985} INFO - Submitting job
[2023-03-19T20:43:52.413+0000] {crypto.py:83} WARNING - empty cryptography key - values will not be stored encrypted.
[2023-03-19T20:43:52.413+0000] {base.py:73} INFO - Using connection ID 'google_cloud_default' for task execution.
[2023-03-19T20:43:52.699+0000] {dataproc.py:1997} INFO - Job your_job_id submitted successfully.
[2023-03-19T20:43:52.732+0000] {dataproc.py:2017} INFO - Waiting for job your_job_id to complete
[2023-03-19T20:44:33.162+0000] {taskinstance.py:1775} ERROR - Task failed with exception
Traceback (most recent call last):
  File "/home/airflow/.local/lib/python3.7/site-packages/airflow/providers/google/cloud/operators/dataproc.py", line 2019, in execute
    job_id=new_job_id, region=self.region, project_id=self.project_id, timeout=self.wait_timeout
  File "/home/airflow/.local/lib/python3.7/site-packages/airflow/providers/google/common/hooks/base_google.py", line 468, in inner_wrapper
    return func(self, *args, **kwargs)
  File "/home/airflow/.local/lib/python3.7/site-packages/airflow/providers/google/cloud/hooks/dataproc.py", line 723, in wait_for_job
    raise AirflowException(f"Job failed:\n{job}")
airflow.exceptions.AirflowException: Job failed:
reference {
  project_id: "dtc-de-course-375420"
  job_id: "your_job_id"
}
placement {
  cluster_name: "my-dataproc-cluster"
  cluster_uuid: "150fc923-5d4c-4fc6-bb42-247e549768cc"
}
pyspark_job {
  main_python_file_uri: "gs://dtc_data_lake_dtc-de-course-375420/spark_job.py"
  args: "--input_table"
  args: "dtc-de-course-375420.chicago_crime_all.et_chicago_crimes"
}
status {
  state: ERROR
  details: "Job failed with message [TabError: inconsistent use of tabs and spaces in indentation]. Additional details can be found at:\nhttps://console.cloud.google.com/dataproc/jobs/your_job_id?project=dtc-de-course-375420&region=europe-west6\ngcloud dataproc jobs wait \'your_job_id\' --region \'europe-west6\' --project \'dtc-de-course-375420\'\nhttps://console.cloud.google.com/storage/browser/dataproc-staging-europe-west6-192108012555-yegdrxcc/google-cloud-dataproc-metainfo/150fc923-5d4c-4fc6-bb42-247e549768cc/jobs/your_job_id/\ngs://dataproc-staging-europe-west6-192108012555-yegdrxcc/google-cloud-dataproc-metainfo/150fc923-5d4c-4fc6-bb42-247e549768cc/jobs/your_job_id/driveroutput"
  state_start_time {
    seconds: 1679258667
    nanos: 970531000
  }
}
status_history {
  state: PENDING
  state_start_time {
    seconds: 1679258632
    nanos: 679188000
  }
}
status_history {
  state: SETUP_DONE
  state_start_time {
    seconds: 1679258632
    nanos: 737852000
  }
}
status_history {
  state: RUNNING
  state_start_time {
    seconds: 1679258633
    nanos: 342711000
  }
}
driver_control_files_uri: "gs://dataproc-staging-europe-west6-192108012555-yegdrxcc/google-cloud-dataproc-metainfo/150fc923-5d4c-4fc6-bb42-247e549768cc/jobs/your_job_id/"
driver_output_resource_uri: "gs://dataproc-staging-europe-west6-192108012555-yegdrxcc/google-cloud-dataproc-metainfo/150fc923-5d4c-4fc6-bb42-247e549768cc/jobs/your_job_id/driveroutput"
job_uuid: "766aa6c0-8048-454d-aa44-7810781e7a97"
done: true

[2023-03-19T20:44:33.200+0000] {taskinstance.py:1326} INFO - Marking task as UP_FOR_RETRY. dag_id=project_spark_processing, task_id=process_data, execution_date=20230318T000000, start_date=20230319T204351, end_date=20230319T204433
[2023-03-19T20:44:33.315+0000] {standard_task_runner.py:105} ERROR - Failed to execute job 145 for task process_data (Job failed:
reference {
  project_id: "dtc-de-course-375420"
  job_id: "your_job_id"
}
placement {
  cluster_name: "my-dataproc-cluster"
  cluster_uuid: "150fc923-5d4c-4fc6-bb42-247e549768cc"
}
pyspark_job {
  main_python_file_uri: "gs://dtc_data_lake_dtc-de-course-375420/spark_job.py"
  args: "--input_table"
  args: "dtc-de-course-375420.chicago_crime_all.et_chicago_crimes"
}
status {
  state: ERROR
  details: "Job failed with message [TabError: inconsistent use of tabs and spaces in indentation]. Additional details can be found at:\nhttps://console.cloud.google.com/dataproc/jobs/your_job_id?project=dtc-de-course-375420&region=europe-west6\ngcloud dataproc jobs wait \'your_job_id\' --region \'europe-west6\' --project \'dtc-de-course-375420\'\nhttps://console.cloud.google.com/storage/browser/dataproc-staging-europe-west6-192108012555-yegdrxcc/google-cloud-dataproc-metainfo/150fc923-5d4c-4fc6-bb42-247e549768cc/jobs/your_job_id/\ngs://dataproc-staging-europe-west6-192108012555-yegdrxcc/google-cloud-dataproc-metainfo/150fc923-5d4c-4fc6-bb42-247e549768cc/jobs/your_job_id/driveroutput"
  state_start_time {
    seconds: 1679258667
    nanos: 970531000
  }
}
status_history {
  state: PENDING
  state_start_time {
    seconds: 1679258632
    nanos: 679188000
  }
}
status_history {
  state: SETUP_DONE
  state_start_time {
    seconds: 1679258632
    nanos: 737852000
  }
}
status_history {
  state: RUNNING
  state_start_time {
    seconds: 1679258633
    nanos: 342711000
  }
}
driver_control_files_uri: "gs://dataproc-staging-europe-west6-192108012555-yegdrxcc/google-cloud-dataproc-metainfo/150fc923-5d4c-4fc6-bb42-247e549768cc/jobs/your_job_id/"
driver_output_resource_uri: "gs://dataproc-staging-europe-west6-192108012555-yegdrxcc/google-cloud-dataproc-metainfo/150fc923-5d4c-4fc6-bb42-247e549768cc/jobs/your_job_id/driveroutput"
job_uuid: "766aa6c0-8048-454d-aa44-7810781e7a97"
done: true
; 16582)
[2023-03-19T20:44:33.360+0000] {local_task_job.py:212} INFO - Task exited with return code 1
[2023-03-19T20:44:33.460+0000] {taskinstance.py:2585} INFO - 0 downstream tasks scheduled from follow-on schedule check
