[2023-03-21T13:31:07.842+0000] {taskinstance.py:1084} INFO - Dependencies all met for dep_context=non-requeueable deps ti=<TaskInstance: project_masterdag.local_to_gcs_task manual__2023-03-21T12:29:29.795825+00:00 [queued]>
[2023-03-21T13:31:07.868+0000] {taskinstance.py:1084} INFO - Dependencies all met for dep_context=requeueable deps ti=<TaskInstance: project_masterdag.local_to_gcs_task manual__2023-03-21T12:29:29.795825+00:00 [queued]>
[2023-03-21T13:31:07.869+0000] {taskinstance.py:1282} INFO - 
--------------------------------------------------------------------------------
[2023-03-21T13:31:07.869+0000] {taskinstance.py:1283} INFO - Starting attempt 4 of 5
[2023-03-21T13:31:07.869+0000] {taskinstance.py:1284} INFO - 
--------------------------------------------------------------------------------
[2023-03-21T13:31:07.905+0000] {taskinstance.py:1303} INFO - Executing <Task(PythonOperator): local_to_gcs_task> on 2023-03-21 12:29:29.795825+00:00
[2023-03-21T13:31:07.917+0000] {standard_task_runner.py:55} INFO - Started process 37885 to run task
[2023-03-21T13:31:07.933+0000] {standard_task_runner.py:82} INFO - Running: ['***', 'tasks', 'run', 'project_masterdag', 'local_to_gcs_task', 'manual__2023-03-21T12:29:29.795825+00:00', '--job-id', '326', '--raw', '--subdir', 'DAGS_FOLDER/project_master_dags.py', '--cfg-path', '/tmp/tmpy2v_s9s4']
[2023-03-21T13:31:07.938+0000] {standard_task_runner.py:83} INFO - Job 326: Subtask local_to_gcs_task
[2023-03-21T13:31:07.969+0000] {warnings.py:110} WARNING - /home/***/.local/lib/python3.7/site-packages/***/settings.py:250: DeprecationWarning: The sql_alchemy_conn option in [core] has been moved to the sql_alchemy_conn option in [database] - the old setting has been used, but please update your config.
  SQL_ALCHEMY_CONN = conf.get("database", "SQL_ALCHEMY_CONN")

[2023-03-21T13:31:08.088+0000] {task_command.py:388} INFO - Running <TaskInstance: project_masterdag.local_to_gcs_task manual__2023-03-21T12:29:29.795825+00:00 [running]> on host 796cac132c25
[2023-03-21T13:31:08.269+0000] {taskinstance.py:1511} INFO - Exporting the following env vars:
AIRFLOW_CTX_DAG_OWNER=***
AIRFLOW_CTX_DAG_ID=project_masterdag
AIRFLOW_CTX_TASK_ID=local_to_gcs_task
AIRFLOW_CTX_EXECUTION_DATE=2023-03-21T12:29:29.795825+00:00
AIRFLOW_CTX_TRY_NUMBER=4
AIRFLOW_CTX_DAG_RUN_ID=manual__2023-03-21T12:29:29.795825+00:00
[2023-03-21T13:31:08.480+0000] {logging_mixin.py:137} INFO - Bucket name is  <Bucket: dtc_data_lake_dtc-de-course-375420>
[2023-03-21T13:31:08.481+0000] {project_master_dags.py:77} INFO - Uploading: Chicago_Crimes_2001.csv
[2023-03-21T13:31:11.877+0000] {project_master_dags.py:82} INFO - Chicago_Crimes_2001.csv uploaded to GCS bucket
[2023-03-21T13:31:11.877+0000] {project_master_dags.py:77} INFO - Uploading: Chicago_Crimes_2002.csv
[2023-03-21T13:31:15.176+0000] {project_master_dags.py:82} INFO - Chicago_Crimes_2002.csv uploaded to GCS bucket
[2023-03-21T13:31:15.177+0000] {project_master_dags.py:77} INFO - Uploading: Chicago_Crimes_2003.csv
[2023-03-21T13:31:18.315+0000] {project_master_dags.py:82} INFO - Chicago_Crimes_2003.csv uploaded to GCS bucket
[2023-03-21T13:31:18.315+0000] {project_master_dags.py:77} INFO - Uploading: Chicago_Crimes_2004.csv
[2023-03-21T13:31:21.779+0000] {project_master_dags.py:82} INFO - Chicago_Crimes_2004.csv uploaded to GCS bucket
[2023-03-21T13:31:21.780+0000] {project_master_dags.py:77} INFO - Uploading: Chicago_Crimes_2005.csv
[2023-03-21T13:31:25.176+0000] {project_master_dags.py:82} INFO - Chicago_Crimes_2005.csv uploaded to GCS bucket
[2023-03-21T13:31:25.176+0000] {project_master_dags.py:77} INFO - Uploading: Chicago_Crimes_2006.csv
[2023-03-21T13:31:27.996+0000] {project_master_dags.py:82} INFO - Chicago_Crimes_2006.csv uploaded to GCS bucket
[2023-03-21T13:31:27.997+0000] {project_master_dags.py:77} INFO - Uploading: Chicago_Crimes_2007.csv
[2023-03-21T13:31:31.821+0000] {project_master_dags.py:82} INFO - Chicago_Crimes_2007.csv uploaded to GCS bucket
[2023-03-21T13:31:31.822+0000] {project_master_dags.py:77} INFO - Uploading: Chicago_Crimes_2008.csv
[2023-03-21T13:31:35.267+0000] {project_master_dags.py:82} INFO - Chicago_Crimes_2008.csv uploaded to GCS bucket
[2023-03-21T13:31:35.267+0000] {project_master_dags.py:77} INFO - Uploading: Chicago_Crimes_2009.csv
[2023-03-21T13:31:37.992+0000] {project_master_dags.py:82} INFO - Chicago_Crimes_2009.csv uploaded to GCS bucket
[2023-03-21T13:31:37.993+0000] {project_master_dags.py:77} INFO - Uploading: Chicago_Crimes_2010.csv
[2023-03-21T13:31:41.077+0000] {project_master_dags.py:82} INFO - Chicago_Crimes_2010.csv uploaded to GCS bucket
[2023-03-21T13:31:41.078+0000] {project_master_dags.py:77} INFO - Uploading: Chicago_Crimes_2011.csv
[2023-03-21T13:31:43.615+0000] {project_master_dags.py:82} INFO - Chicago_Crimes_2011.csv uploaded to GCS bucket
[2023-03-21T13:31:43.616+0000] {project_master_dags.py:77} INFO - Uploading: Chicago_Crimes_2012.csv
[2023-03-21T13:31:45.927+0000] {project_master_dags.py:82} INFO - Chicago_Crimes_2012.csv uploaded to GCS bucket
[2023-03-21T13:31:45.927+0000] {project_master_dags.py:77} INFO - Uploading: Chicago_Crimes_2013.csv
[2023-03-21T13:31:48.070+0000] {project_master_dags.py:82} INFO - Chicago_Crimes_2013.csv uploaded to GCS bucket
[2023-03-21T13:31:48.070+0000] {project_master_dags.py:77} INFO - Uploading: Chicago_Crimes_2014.csv
[2023-03-21T13:31:49.887+0000] {project_master_dags.py:82} INFO - Chicago_Crimes_2014.csv uploaded to GCS bucket
[2023-03-21T13:31:49.888+0000] {project_master_dags.py:77} INFO - Uploading: Chicago_Crimes_2015.csv
[2023-03-21T13:31:51.919+0000] {project_master_dags.py:82} INFO - Chicago_Crimes_2015.csv uploaded to GCS bucket
[2023-03-21T13:31:51.920+0000] {project_master_dags.py:77} INFO - Uploading: Chicago_Crimes_2016.csv
[2023-03-21T13:31:53.777+0000] {project_master_dags.py:82} INFO - Chicago_Crimes_2016.csv uploaded to GCS bucket
[2023-03-21T13:31:53.801+0000] {project_master_dags.py:77} INFO - Uploading: Chicago_Crimes_2017.csv
[2023-03-21T13:31:55.810+0000] {project_master_dags.py:82} INFO - Chicago_Crimes_2017.csv uploaded to GCS bucket
[2023-03-21T13:31:55.811+0000] {project_master_dags.py:77} INFO - Uploading: Chicago_Crimes_2018.csv
[2023-03-21T13:31:57.754+0000] {project_master_dags.py:82} INFO - Chicago_Crimes_2018.csv uploaded to GCS bucket
[2023-03-21T13:31:57.755+0000] {project_master_dags.py:77} INFO - Uploading: Chicago_Crimes_2019.csv
[2023-03-21T13:31:59.582+0000] {project_master_dags.py:82} INFO - Chicago_Crimes_2019.csv uploaded to GCS bucket
[2023-03-21T13:31:59.582+0000] {project_master_dags.py:77} INFO - Uploading: Chicago_Crimes_2020.csv
[2023-03-21T13:32:00.780+0000] {project_master_dags.py:82} INFO - Chicago_Crimes_2020.csv uploaded to GCS bucket
[2023-03-21T13:32:00.781+0000] {project_master_dags.py:77} INFO - Uploading: Chicago_Crimes_2021.csv
[2023-03-21T13:32:02.875+0000] {project_master_dags.py:82} INFO - Chicago_Crimes_2021.csv uploaded to GCS bucket
[2023-03-21T13:32:02.876+0000] {project_master_dags.py:77} INFO - Uploading: Chicago_Crimes_2022.csv
[2023-03-21T13:32:04.474+0000] {project_master_dags.py:82} INFO - Chicago_Crimes_2022.csv uploaded to GCS bucket
[2023-03-21T13:32:04.477+0000] {project_master_dags.py:85} INFO - Removing downloaded files
[2023-03-21T13:32:04.478+0000] {python.py:177} INFO - Done. Returned value was: None
[2023-03-21T13:32:04.551+0000] {taskinstance.py:1326} INFO - Marking task as SUCCESS. dag_id=project_masterdag, task_id=local_to_gcs_task, execution_date=20230321T122929, start_date=20230321T133107, end_date=20230321T133204
[2023-03-21T13:32:04.654+0000] {local_task_job.py:212} INFO - Task exited with return code 0
