[2023-03-21T13:02:37.768+0000] {taskinstance.py:1084} INFO - Dependencies all met for dep_context=non-requeueable deps ti=<TaskInstance: project_masterdag.local_to_gcs_task manual__2023-03-21T12:29:29.795825+00:00 [queued]>
[2023-03-21T13:02:37.826+0000] {taskinstance.py:1084} INFO - Dependencies all met for dep_context=requeueable deps ti=<TaskInstance: project_masterdag.local_to_gcs_task manual__2023-03-21T12:29:29.795825+00:00 [queued]>
[2023-03-21T13:02:37.827+0000] {taskinstance.py:1282} INFO - 
--------------------------------------------------------------------------------
[2023-03-21T13:02:37.828+0000] {taskinstance.py:1283} INFO - Starting attempt 3 of 4
[2023-03-21T13:02:37.828+0000] {taskinstance.py:1284} INFO - 
--------------------------------------------------------------------------------
[2023-03-21T13:02:37.882+0000] {taskinstance.py:1303} INFO - Executing <Task(PythonOperator): local_to_gcs_task> on 2023-03-21 12:29:29.795825+00:00
[2023-03-21T13:02:37.908+0000] {standard_task_runner.py:55} INFO - Started process 36603 to run task
[2023-03-21T13:02:37.947+0000] {standard_task_runner.py:82} INFO - Running: ['***', 'tasks', 'run', 'project_masterdag', 'local_to_gcs_task', 'manual__2023-03-21T12:29:29.795825+00:00', '--job-id', '319', '--raw', '--subdir', 'DAGS_FOLDER/project_master_dags.py', '--cfg-path', '/tmp/tmpryavnu84']
[2023-03-21T13:02:37.951+0000] {standard_task_runner.py:83} INFO - Job 319: Subtask local_to_gcs_task
[2023-03-21T13:02:38.011+0000] {warnings.py:110} WARNING - /home/***/.local/lib/python3.7/site-packages/***/settings.py:250: DeprecationWarning: The sql_alchemy_conn option in [core] has been moved to the sql_alchemy_conn option in [database] - the old setting has been used, but please update your config.
  SQL_ALCHEMY_CONN = conf.get("database", "SQL_ALCHEMY_CONN")

[2023-03-21T13:02:38.247+0000] {task_command.py:388} INFO - Running <TaskInstance: project_masterdag.local_to_gcs_task manual__2023-03-21T12:29:29.795825+00:00 [running]> on host 796cac132c25
[2023-03-21T13:02:38.570+0000] {taskinstance.py:1511} INFO - Exporting the following env vars:
AIRFLOW_CTX_DAG_OWNER=***
AIRFLOW_CTX_DAG_ID=project_masterdag
AIRFLOW_CTX_TASK_ID=local_to_gcs_task
AIRFLOW_CTX_EXECUTION_DATE=2023-03-21T12:29:29.795825+00:00
AIRFLOW_CTX_TRY_NUMBER=3
AIRFLOW_CTX_DAG_RUN_ID=manual__2023-03-21T12:29:29.795825+00:00
[2023-03-21T13:02:39.027+0000] {logging_mixin.py:137} INFO - Bucket name is  <Bucket: dtc_data_lake_dtc-de-course-375420>
[2023-03-21T13:02:39.028+0000] {project_master_dags.py:77} INFO - Uploading: Chicago_Crimes_2001.csv
[2023-03-21T13:02:42.596+0000] {project_master_dags.py:82} INFO - Chicago_Crimes_2001.csv uploaded to GCS bucket
[2023-03-21T13:02:42.597+0000] {project_master_dags.py:77} INFO - Uploading: Chicago_Crimes_2002.csv
[2023-03-21T13:02:45.878+0000] {project_master_dags.py:82} INFO - Chicago_Crimes_2002.csv uploaded to GCS bucket
[2023-03-21T13:02:45.879+0000] {project_master_dags.py:85} INFO - Removing downloaded files
[2023-03-21T13:02:45.880+0000] {python.py:177} INFO - Done. Returned value was: None
[2023-03-21T13:02:45.903+0000] {taskinstance.py:1326} INFO - Marking task as SUCCESS. dag_id=project_masterdag, task_id=local_to_gcs_task, execution_date=20230321T122929, start_date=20230321T130237, end_date=20230321T130245
[2023-03-21T13:02:45.972+0000] {local_task_job.py:212} INFO - Task exited with return code 0
