[2023-03-21T12:39:02.379+0000] {taskinstance.py:1084} INFO - Dependencies all met for dep_context=non-requeueable deps ti=<TaskInstance: project_masterdag.local_to_gcs_task manual__2023-03-21T12:29:29.795825+00:00 [queued]>
[2023-03-21T12:39:02.403+0000] {taskinstance.py:1084} INFO - Dependencies all met for dep_context=requeueable deps ti=<TaskInstance: project_masterdag.local_to_gcs_task manual__2023-03-21T12:29:29.795825+00:00 [queued]>
[2023-03-21T12:39:02.404+0000] {taskinstance.py:1282} INFO - 
--------------------------------------------------------------------------------
[2023-03-21T12:39:02.405+0000] {taskinstance.py:1283} INFO - Starting attempt 2 of 3
[2023-03-21T12:39:02.406+0000] {taskinstance.py:1284} INFO - 
--------------------------------------------------------------------------------
[2023-03-21T12:39:02.446+0000] {taskinstance.py:1303} INFO - Executing <Task(PythonOperator): local_to_gcs_task> on 2023-03-21 12:29:29.795825+00:00
[2023-03-21T12:39:02.458+0000] {standard_task_runner.py:55} INFO - Started process 35515 to run task
[2023-03-21T12:39:02.474+0000] {standard_task_runner.py:82} INFO - Running: ['***', 'tasks', 'run', 'project_masterdag', 'local_to_gcs_task', 'manual__2023-03-21T12:29:29.795825+00:00', '--job-id', '311', '--raw', '--subdir', 'DAGS_FOLDER/project_master_dags.py', '--cfg-path', '/tmp/tmpz5g_66gy']
[2023-03-21T12:39:02.478+0000] {standard_task_runner.py:83} INFO - Job 311: Subtask local_to_gcs_task
[2023-03-21T12:39:02.508+0000] {warnings.py:110} WARNING - /home/***/.local/lib/python3.7/site-packages/***/settings.py:250: DeprecationWarning: The sql_alchemy_conn option in [core] has been moved to the sql_alchemy_conn option in [database] - the old setting has been used, but please update your config.
  SQL_ALCHEMY_CONN = conf.get("database", "SQL_ALCHEMY_CONN")

[2023-03-21T12:39:02.624+0000] {task_command.py:388} INFO - Running <TaskInstance: project_masterdag.local_to_gcs_task manual__2023-03-21T12:29:29.795825+00:00 [running]> on host 796cac132c25
[2023-03-21T12:39:02.806+0000] {taskinstance.py:1511} INFO - Exporting the following env vars:
AIRFLOW_CTX_DAG_OWNER=***
AIRFLOW_CTX_DAG_ID=project_masterdag
AIRFLOW_CTX_TASK_ID=local_to_gcs_task
AIRFLOW_CTX_EXECUTION_DATE=2023-03-21T12:29:29.795825+00:00
AIRFLOW_CTX_TRY_NUMBER=2
AIRFLOW_CTX_DAG_RUN_ID=manual__2023-03-21T12:29:29.795825+00:00
[2023-03-21T12:39:03.034+0000] {logging_mixin.py:137} INFO - Bucket name is  <Bucket: dtc_data_lake_dtc-de-course-375420>
[2023-03-21T12:39:03.035+0000] {project_master_dags.py:77} INFO - Uploading: Chicago_Crimes_2001.csv
[2023-03-21T12:39:06.800+0000] {project_master_dags.py:82} INFO - Chicago_Crimes_2001.csv uploaded to GCS bucket
[2023-03-21T12:39:06.801+0000] {project_master_dags.py:77} INFO - Uploading: Chicago_Crimes_2002.csv
[2023-03-21T12:39:10.307+0000] {project_master_dags.py:82} INFO - Chicago_Crimes_2002.csv uploaded to GCS bucket
[2023-03-21T12:39:10.307+0000] {project_master_dags.py:85} INFO - Removing downloaded files
[2023-03-21T12:39:10.308+0000] {python.py:177} INFO - Done. Returned value was: None
[2023-03-21T12:39:10.339+0000] {taskinstance.py:1326} INFO - Marking task as SUCCESS. dag_id=project_masterdag, task_id=local_to_gcs_task, execution_date=20230321T122929, start_date=20230321T123902, end_date=20230321T123910
[2023-03-21T12:39:10.426+0000] {local_task_job.py:212} INFO - Task exited with return code 0
