[2023-03-21T10:34:25.155+0000] {taskinstance.py:1084} INFO - Dependencies all met for dep_context=non-requeueable deps ti=<TaskInstance: project_masterdag.create_dataproc_cluster manual__2023-03-21T10:34:20.758326+00:00 [queued]>
[2023-03-21T10:34:25.206+0000] {taskinstance.py:1084} INFO - Dependencies all met for dep_context=requeueable deps ti=<TaskInstance: project_masterdag.create_dataproc_cluster manual__2023-03-21T10:34:20.758326+00:00 [queued]>
[2023-03-21T10:34:25.207+0000] {taskinstance.py:1282} INFO - 
--------------------------------------------------------------------------------
[2023-03-21T10:34:25.208+0000] {taskinstance.py:1283} INFO - Starting attempt 1 of 2
[2023-03-21T10:34:25.208+0000] {taskinstance.py:1284} INFO - 
--------------------------------------------------------------------------------
[2023-03-21T10:34:25.283+0000] {taskinstance.py:1303} INFO - Executing <Task(DataprocCreateClusterOperator): create_dataproc_cluster> on 2023-03-21 10:34:20.758326+00:00
[2023-03-21T10:34:25.307+0000] {standard_task_runner.py:55} INFO - Started process 29904 to run task
[2023-03-21T10:34:25.347+0000] {standard_task_runner.py:82} INFO - Running: ['***', 'tasks', 'run', 'project_masterdag', 'create_dataproc_cluster', 'manual__2023-03-21T10:34:20.758326+00:00', '--job-id', '292', '--raw', '--subdir', 'DAGS_FOLDER/project_master_dags.py', '--cfg-path', '/tmp/tmpyzwji6bf']
[2023-03-21T10:34:25.351+0000] {standard_task_runner.py:83} INFO - Job 292: Subtask create_dataproc_cluster
[2023-03-21T10:34:25.412+0000] {warnings.py:110} WARNING - /home/***/.local/lib/python3.7/site-packages/***/settings.py:250: DeprecationWarning: The sql_alchemy_conn option in [core] has been moved to the sql_alchemy_conn option in [database] - the old setting has been used, but please update your config.
  SQL_ALCHEMY_CONN = conf.get("database", "SQL_ALCHEMY_CONN")

[2023-03-21T10:34:25.589+0000] {task_command.py:388} INFO - Running <TaskInstance: project_masterdag.create_dataproc_cluster manual__2023-03-21T10:34:20.758326+00:00 [running]> on host 796cac132c25
[2023-03-21T10:34:25.906+0000] {taskinstance.py:1511} INFO - Exporting the following env vars:
AIRFLOW_CTX_DAG_OWNER=***
AIRFLOW_CTX_DAG_ID=project_masterdag
AIRFLOW_CTX_TASK_ID=create_dataproc_cluster
AIRFLOW_CTX_EXECUTION_DATE=2023-03-21T10:34:20.758326+00:00
AIRFLOW_CTX_TRY_NUMBER=1
AIRFLOW_CTX_DAG_RUN_ID=manual__2023-03-21T10:34:20.758326+00:00
[2023-03-21T10:34:25.908+0000] {dataproc.py:601} INFO - Creating cluster: my-dataproc-cluster
[2023-03-21T10:34:25.913+0000] {base.py:73} INFO - Using connection ID 'google_cloud_default' for task execution.
[2023-03-21T10:37:26.227+0000] {dataproc.py:614} INFO - Cluster created.
[2023-03-21T10:37:26.340+0000] {taskinstance.py:1326} INFO - Marking task as SUCCESS. dag_id=project_masterdag, task_id=create_dataproc_cluster, execution_date=20230321T103420, start_date=20230321T103425, end_date=20230321T103726
[2023-03-21T10:37:26.440+0000] {local_task_job.py:212} INFO - Task exited with return code 0
