[2023-03-15T22:10:15.714+0000] {taskinstance.py:1084} INFO - Dependencies all met for dep_context=non-requeueable deps ti=<TaskInstance: project_data_ingestion_gcs_dag.local_to_gcs_task manual__2023-03-15T22:08:42.375851+00:00 [queued]>
[2023-03-15T22:10:15.728+0000] {taskinstance.py:1084} INFO - Dependencies all met for dep_context=requeueable deps ti=<TaskInstance: project_data_ingestion_gcs_dag.local_to_gcs_task manual__2023-03-15T22:08:42.375851+00:00 [queued]>
[2023-03-15T22:10:15.728+0000] {taskinstance.py:1282} INFO - 
--------------------------------------------------------------------------------
[2023-03-15T22:10:15.728+0000] {taskinstance.py:1283} INFO - Starting attempt 1 of 2
[2023-03-15T22:10:15.728+0000] {taskinstance.py:1284} INFO - 
--------------------------------------------------------------------------------
[2023-03-15T22:10:15.751+0000] {taskinstance.py:1303} INFO - Executing <Task(PythonOperator): local_to_gcs_task> on 2023-03-15 22:08:42.375851+00:00
[2023-03-15T22:10:15.762+0000] {standard_task_runner.py:55} INFO - Started process 16573 to run task
[2023-03-15T22:10:15.770+0000] {standard_task_runner.py:82} INFO - Running: ['***', 'tasks', 'run', 'project_data_ingestion_gcs_dag', 'local_to_gcs_task', 'manual__2023-03-15T22:08:42.375851+00:00', '--job-id', '38', '--raw', '--subdir', 'DAGS_FOLDER/p_download_upload.py', '--cfg-path', '/tmp/tmp8isnv_0f']
[2023-03-15T22:10:15.774+0000] {standard_task_runner.py:83} INFO - Job 38: Subtask local_to_gcs_task
[2023-03-15T22:10:15.806+0000] {warnings.py:110} WARNING - /home/***/.local/lib/python3.7/site-packages/***/settings.py:250: DeprecationWarning: The sql_alchemy_conn option in [core] has been moved to the sql_alchemy_conn option in [database] - the old setting has been used, but please update your config.
  SQL_ALCHEMY_CONN = conf.get("database", "SQL_ALCHEMY_CONN")

[2023-03-15T22:10:15.917+0000] {task_command.py:388} INFO - Running <TaskInstance: project_data_ingestion_gcs_dag.local_to_gcs_task manual__2023-03-15T22:08:42.375851+00:00 [running]> on host 8d6d3f05a6c2
[2023-03-15T22:10:16.033+0000] {taskinstance.py:1511} INFO - Exporting the following env vars:
AIRFLOW_CTX_DAG_OWNER=***
AIRFLOW_CTX_DAG_ID=project_data_ingestion_gcs_dag
AIRFLOW_CTX_TASK_ID=local_to_gcs_task
AIRFLOW_CTX_EXECUTION_DATE=2023-03-15T22:08:42.375851+00:00
AIRFLOW_CTX_TRY_NUMBER=1
AIRFLOW_CTX_DAG_RUN_ID=manual__2023-03-15T22:08:42.375851+00:00
[2023-03-15T22:10:16.144+0000] {logging_mixin.py:137} INFO - Bucket name is  <Bucket: dtc_data_lake_dtc-de-course-375420>
[2023-03-15T22:10:16.145+0000] {p_download_upload.py:66} INFO - Uploading: Chicago_Crimes_2001.csv
[2023-03-15T22:10:18.736+0000] {p_download_upload.py:71} INFO - Chicago_Crimes_2001.csv uploaded to GCS bucket
[2023-03-15T22:10:18.737+0000] {p_download_upload.py:66} INFO - Uploading: Chicago_Crimes_2002.csv
[2023-03-15T22:10:21.401+0000] {p_download_upload.py:71} INFO - Chicago_Crimes_2002.csv uploaded to GCS bucket
[2023-03-15T22:10:21.402+0000] {p_download_upload.py:66} INFO - Uploading: Chicago_Crimes_2003.csv
[2023-03-15T22:10:24.240+0000] {p_download_upload.py:71} INFO - Chicago_Crimes_2003.csv uploaded to GCS bucket
[2023-03-15T22:10:24.240+0000] {p_download_upload.py:66} INFO - Uploading: Chicago_Crimes_2004.csv
[2023-03-15T22:11:47.739+0000] {p_download_upload.py:71} INFO - Chicago_Crimes_2004.csv uploaded to GCS bucket
[2023-03-15T22:11:47.740+0000] {p_download_upload.py:66} INFO - Uploading: Chicago_Crimes_2005.csv
[2023-03-15T22:11:50.259+0000] {p_download_upload.py:71} INFO - Chicago_Crimes_2005.csv uploaded to GCS bucket
[2023-03-15T22:11:50.259+0000] {p_download_upload.py:66} INFO - Uploading: Chicago_Crimes_2006.csv
[2023-03-15T22:11:53.596+0000] {p_download_upload.py:71} INFO - Chicago_Crimes_2006.csv uploaded to GCS bucket
[2023-03-15T22:11:53.596+0000] {p_download_upload.py:66} INFO - Uploading: Chicago_Crimes_2007.csv
[2023-03-15T22:11:55.873+0000] {p_download_upload.py:71} INFO - Chicago_Crimes_2007.csv uploaded to GCS bucket
[2023-03-15T22:11:55.873+0000] {p_download_upload.py:66} INFO - Uploading: Chicago_Crimes_2008.csv
[2023-03-15T22:11:58.282+0000] {p_download_upload.py:71} INFO - Chicago_Crimes_2008.csv uploaded to GCS bucket
[2023-03-15T22:11:58.282+0000] {p_download_upload.py:66} INFO - Uploading: Chicago_Crimes_2009.csv
[2023-03-15T22:12:01.124+0000] {p_download_upload.py:71} INFO - Chicago_Crimes_2009.csv uploaded to GCS bucket
[2023-03-15T22:12:01.125+0000] {p_download_upload.py:66} INFO - Uploading: Chicago_Crimes_2010.csv
[2023-03-15T22:12:03.528+0000] {p_download_upload.py:71} INFO - Chicago_Crimes_2010.csv uploaded to GCS bucket
[2023-03-15T22:12:03.529+0000] {p_download_upload.py:66} INFO - Uploading: Chicago_Crimes_2011.csv
[2023-03-15T22:12:05.457+0000] {p_download_upload.py:71} INFO - Chicago_Crimes_2011.csv uploaded to GCS bucket
[2023-03-15T22:12:05.457+0000] {p_download_upload.py:66} INFO - Uploading: Chicago_Crimes_2012.csv
[2023-03-15T22:12:07.296+0000] {p_download_upload.py:71} INFO - Chicago_Crimes_2012.csv uploaded to GCS bucket
[2023-03-15T22:12:07.297+0000] {p_download_upload.py:66} INFO - Uploading: Chicago_Crimes_2013.csv
[2023-03-15T22:12:09.226+0000] {p_download_upload.py:71} INFO - Chicago_Crimes_2013.csv uploaded to GCS bucket
[2023-03-15T22:12:09.226+0000] {p_download_upload.py:66} INFO - Uploading: Chicago_Crimes_2014.csv
[2023-03-15T22:12:10.812+0000] {p_download_upload.py:71} INFO - Chicago_Crimes_2014.csv uploaded to GCS bucket
[2023-03-15T22:12:10.813+0000] {p_download_upload.py:66} INFO - Uploading: Chicago_Crimes_2015.csv
[2023-03-15T22:12:12.618+0000] {p_download_upload.py:71} INFO - Chicago_Crimes_2015.csv uploaded to GCS bucket
[2023-03-15T22:12:12.619+0000] {p_download_upload.py:66} INFO - Uploading: Chicago_Crimes_2016.csv
[2023-03-15T22:12:14.801+0000] {p_download_upload.py:71} INFO - Chicago_Crimes_2016.csv uploaded to GCS bucket
[2023-03-15T22:12:14.801+0000] {p_download_upload.py:66} INFO - Uploading: Chicago_Crimes_2017.csv
[2023-03-15T22:12:16.292+0000] {p_download_upload.py:71} INFO - Chicago_Crimes_2017.csv uploaded to GCS bucket
[2023-03-15T22:12:16.293+0000] {p_download_upload.py:66} INFO - Uploading: Chicago_Crimes_2018.csv
[2023-03-15T22:12:17.858+0000] {p_download_upload.py:71} INFO - Chicago_Crimes_2018.csv uploaded to GCS bucket
[2023-03-15T22:12:17.858+0000] {p_download_upload.py:66} INFO - Uploading: Chicago_Crimes_2019.csv
[2023-03-15T22:12:19.253+0000] {p_download_upload.py:71} INFO - Chicago_Crimes_2019.csv uploaded to GCS bucket
[2023-03-15T22:12:19.254+0000] {p_download_upload.py:66} INFO - Uploading: Chicago_Crimes_2020.csv
[2023-03-15T22:12:20.658+0000] {p_download_upload.py:71} INFO - Chicago_Crimes_2020.csv uploaded to GCS bucket
[2023-03-15T22:12:20.658+0000] {p_download_upload.py:66} INFO - Uploading: Chicago_Crimes_2021.csv
[2023-03-15T22:12:21.942+0000] {p_download_upload.py:71} INFO - Chicago_Crimes_2021.csv uploaded to GCS bucket
[2023-03-15T22:12:21.942+0000] {p_download_upload.py:66} INFO - Uploading: Chicago_Crimes_2022.csv
[2023-03-15T22:12:23.194+0000] {p_download_upload.py:71} INFO - Chicago_Crimes_2022.csv uploaded to GCS bucket
[2023-03-15T22:12:23.195+0000] {p_download_upload.py:74} INFO - Removing downloaded files
[2023-03-15T22:12:23.195+0000] {python.py:177} INFO - Done. Returned value was: None
[2023-03-15T22:12:23.211+0000] {taskinstance.py:1326} INFO - Marking task as SUCCESS. dag_id=project_data_ingestion_gcs_dag, task_id=local_to_gcs_task, execution_date=20230315T220842, start_date=20230315T221015, end_date=20230315T221223
[2023-03-15T22:12:23.278+0000] {local_task_job.py:212} INFO - Task exited with return code 0
[2023-03-15T22:12:23.303+0000] {taskinstance.py:2585} INFO - 0 downstream tasks scheduled from follow-on schedule check
