[2023-03-18T00:15:54.053+0000] {taskinstance.py:1084} INFO - Dependencies all met for dep_context=non-requeueable deps ti=<TaskInstance: project_data_ingestion_gcs_dag.local_to_gcs_task scheduled__2023-03-17T00:00:00+00:00 [queued]>
[2023-03-18T00:15:54.068+0000] {taskinstance.py:1084} INFO - Dependencies all met for dep_context=requeueable deps ti=<TaskInstance: project_data_ingestion_gcs_dag.local_to_gcs_task scheduled__2023-03-17T00:00:00+00:00 [queued]>
[2023-03-18T00:15:54.069+0000] {taskinstance.py:1282} INFO - 
--------------------------------------------------------------------------------
[2023-03-18T00:15:54.069+0000] {taskinstance.py:1283} INFO - Starting attempt 1 of 2
[2023-03-18T00:15:54.069+0000] {taskinstance.py:1284} INFO - 
--------------------------------------------------------------------------------
[2023-03-18T00:15:54.091+0000] {taskinstance.py:1303} INFO - Executing <Task(PythonOperator): local_to_gcs_task> on 2023-03-17 00:00:00+00:00
[2023-03-18T00:15:54.100+0000] {standard_task_runner.py:55} INFO - Started process 513 to run task
[2023-03-18T00:15:54.108+0000] {standard_task_runner.py:82} INFO - Running: ['***', 'tasks', 'run', 'project_data_ingestion_gcs_dag', 'local_to_gcs_task', 'scheduled__2023-03-17T00:00:00+00:00', '--job-id', '56', '--raw', '--subdir', 'DAGS_FOLDER/p_download_upload.py', '--cfg-path', '/tmp/tmptu0ktrq1']
[2023-03-18T00:15:54.111+0000] {standard_task_runner.py:83} INFO - Job 56: Subtask local_to_gcs_task
[2023-03-18T00:15:54.134+0000] {warnings.py:110} WARNING - /home/***/.local/lib/python3.7/site-packages/***/settings.py:250: DeprecationWarning: The sql_alchemy_conn option in [core] has been moved to the sql_alchemy_conn option in [database] - the old setting has been used, but please update your config.
  SQL_ALCHEMY_CONN = conf.get("database", "SQL_ALCHEMY_CONN")

[2023-03-18T00:15:54.169+0000] {warnings.py:110} WARNING - /home/***/.local/lib/python3.7/site-packages/***/utils/sqlalchemy.py:124: DeprecationWarning: The sql_alchemy_conn option in [core] has been moved to the sql_alchemy_conn option in [database] - the old setting has been used, but please update your config.
  return not conf.get("database", "sql_alchemy_conn").startswith("mssql")

[2023-03-18T00:15:54.218+0000] {task_command.py:388} INFO - Running <TaskInstance: project_data_ingestion_gcs_dag.local_to_gcs_task scheduled__2023-03-17T00:00:00+00:00 [running]> on host 8d6d3f05a6c2
[2023-03-18T00:15:54.334+0000] {taskinstance.py:1511} INFO - Exporting the following env vars:
AIRFLOW_CTX_DAG_OWNER=***
AIRFLOW_CTX_DAG_ID=project_data_ingestion_gcs_dag
AIRFLOW_CTX_TASK_ID=local_to_gcs_task
AIRFLOW_CTX_EXECUTION_DATE=2023-03-17T00:00:00+00:00
AIRFLOW_CTX_TRY_NUMBER=1
AIRFLOW_CTX_DAG_RUN_ID=scheduled__2023-03-17T00:00:00+00:00
[2023-03-18T00:15:54.443+0000] {logging_mixin.py:137} INFO - Bucket name is  <Bucket: dtc_data_lake_dtc-de-course-375420>
[2023-03-18T00:15:54.443+0000] {p_download_upload.py:66} INFO - Uploading: Chicago_Crimes_2001.csv
[2023-03-18T00:15:56.917+0000] {p_download_upload.py:71} INFO - Chicago_Crimes_2001.csv uploaded to GCS bucket
[2023-03-18T00:15:56.917+0000] {p_download_upload.py:66} INFO - Uploading: Chicago_Crimes_2002.csv
[2023-03-18T00:15:59.267+0000] {p_download_upload.py:71} INFO - Chicago_Crimes_2002.csv uploaded to GCS bucket
[2023-03-18T00:15:59.267+0000] {p_download_upload.py:66} INFO - Uploading: Chicago_Crimes_2003.csv
[2023-03-18T00:16:01.771+0000] {p_download_upload.py:71} INFO - Chicago_Crimes_2003.csv uploaded to GCS bucket
[2023-03-18T00:16:01.772+0000] {p_download_upload.py:66} INFO - Uploading: Chicago_Crimes_2004.csv
[2023-03-18T00:16:04.142+0000] {p_download_upload.py:71} INFO - Chicago_Crimes_2004.csv uploaded to GCS bucket
[2023-03-18T00:16:04.143+0000] {p_download_upload.py:66} INFO - Uploading: Chicago_Crimes_2005.csv
[2023-03-18T00:16:06.407+0000] {p_download_upload.py:71} INFO - Chicago_Crimes_2005.csv uploaded to GCS bucket
[2023-03-18T00:16:06.408+0000] {p_download_upload.py:66} INFO - Uploading: Chicago_Crimes_2006.csv
[2023-03-18T00:16:08.790+0000] {p_download_upload.py:71} INFO - Chicago_Crimes_2006.csv uploaded to GCS bucket
[2023-03-18T00:16:08.791+0000] {p_download_upload.py:66} INFO - Uploading: Chicago_Crimes_2007.csv
[2023-03-18T00:16:11.327+0000] {p_download_upload.py:71} INFO - Chicago_Crimes_2007.csv uploaded to GCS bucket
[2023-03-18T00:16:11.327+0000] {p_download_upload.py:66} INFO - Uploading: Chicago_Crimes_2008.csv
[2023-03-18T00:16:13.475+0000] {p_download_upload.py:71} INFO - Chicago_Crimes_2008.csv uploaded to GCS bucket
[2023-03-18T00:16:13.475+0000] {p_download_upload.py:66} INFO - Uploading: Chicago_Crimes_2009.csv
[2023-03-18T00:16:15.426+0000] {p_download_upload.py:71} INFO - Chicago_Crimes_2009.csv uploaded to GCS bucket
[2023-03-18T00:16:15.426+0000] {p_download_upload.py:66} INFO - Uploading: Chicago_Crimes_2010.csv
[2023-03-18T00:16:17.606+0000] {p_download_upload.py:71} INFO - Chicago_Crimes_2010.csv uploaded to GCS bucket
[2023-03-18T00:16:17.607+0000] {p_download_upload.py:66} INFO - Uploading: Chicago_Crimes_2011.csv
[2023-03-18T00:16:19.397+0000] {p_download_upload.py:71} INFO - Chicago_Crimes_2011.csv uploaded to GCS bucket
[2023-03-18T00:16:19.398+0000] {p_download_upload.py:66} INFO - Uploading: Chicago_Crimes_2012.csv
[2023-03-18T00:16:21.167+0000] {p_download_upload.py:71} INFO - Chicago_Crimes_2012.csv uploaded to GCS bucket
[2023-03-18T00:16:21.168+0000] {p_download_upload.py:66} INFO - Uploading: Chicago_Crimes_2013.csv
[2023-03-18T00:16:22.771+0000] {p_download_upload.py:71} INFO - Chicago_Crimes_2013.csv uploaded to GCS bucket
[2023-03-18T00:16:22.772+0000] {p_download_upload.py:66} INFO - Uploading: Chicago_Crimes_2014.csv
[2023-03-18T00:16:24.266+0000] {p_download_upload.py:71} INFO - Chicago_Crimes_2014.csv uploaded to GCS bucket
[2023-03-18T00:16:24.266+0000] {p_download_upload.py:66} INFO - Uploading: Chicago_Crimes_2015.csv
[2023-03-18T00:16:25.807+0000] {p_download_upload.py:71} INFO - Chicago_Crimes_2015.csv uploaded to GCS bucket
[2023-03-18T00:16:25.808+0000] {p_download_upload.py:66} INFO - Uploading: Chicago_Crimes_2016.csv
[2023-03-18T00:16:27.366+0000] {p_download_upload.py:71} INFO - Chicago_Crimes_2016.csv uploaded to GCS bucket
[2023-03-18T00:16:27.367+0000] {p_download_upload.py:66} INFO - Uploading: Chicago_Crimes_2017.csv
[2023-03-18T00:16:28.865+0000] {p_download_upload.py:71} INFO - Chicago_Crimes_2017.csv uploaded to GCS bucket
[2023-03-18T00:16:28.866+0000] {p_download_upload.py:66} INFO - Uploading: Chicago_Crimes_2018.csv
[2023-03-18T00:16:30.214+0000] {p_download_upload.py:71} INFO - Chicago_Crimes_2018.csv uploaded to GCS bucket
[2023-03-18T00:16:30.214+0000] {p_download_upload.py:66} INFO - Uploading: Chicago_Crimes_2019.csv
[2023-03-18T00:16:31.742+0000] {p_download_upload.py:71} INFO - Chicago_Crimes_2019.csv uploaded to GCS bucket
[2023-03-18T00:16:31.743+0000] {p_download_upload.py:66} INFO - Uploading: Chicago_Crimes_2020.csv
[2023-03-18T00:16:33.213+0000] {p_download_upload.py:71} INFO - Chicago_Crimes_2020.csv uploaded to GCS bucket
[2023-03-18T00:16:33.213+0000] {p_download_upload.py:66} INFO - Uploading: Chicago_Crimes_2021.csv
[2023-03-18T00:16:34.295+0000] {p_download_upload.py:71} INFO - Chicago_Crimes_2021.csv uploaded to GCS bucket
[2023-03-18T00:16:34.296+0000] {p_download_upload.py:66} INFO - Uploading: Chicago_Crimes_2022.csv
[2023-03-18T00:16:35.517+0000] {p_download_upload.py:71} INFO - Chicago_Crimes_2022.csv uploaded to GCS bucket
[2023-03-18T00:16:35.517+0000] {p_download_upload.py:74} INFO - Removing downloaded files
[2023-03-18T00:16:35.518+0000] {python.py:177} INFO - Done. Returned value was: None
[2023-03-18T00:16:35.533+0000] {taskinstance.py:1326} INFO - Marking task as SUCCESS. dag_id=project_data_ingestion_gcs_dag, task_id=local_to_gcs_task, execution_date=20230317T000000, start_date=20230318T001554, end_date=20230318T001635
[2023-03-18T00:16:35.572+0000] {local_task_job.py:212} INFO - Task exited with return code 0
[2023-03-18T00:16:35.595+0000] {taskinstance.py:2585} INFO - 0 downstream tasks scheduled from follow-on schedule check
