[2023-03-21T14:20:27.021+0000] {taskinstance.py:1084} INFO - Dependencies all met for dep_context=non-requeueable deps ti=<TaskInstance: project_masterdag.download_dataset_task manual__2023-03-21T14:00:00.595190+00:00 [queued]>
[2023-03-21T14:20:27.075+0000] {taskinstance.py:1084} INFO - Dependencies all met for dep_context=requeueable deps ti=<TaskInstance: project_masterdag.download_dataset_task manual__2023-03-21T14:00:00.595190+00:00 [queued]>
[2023-03-21T14:20:27.086+0000] {taskinstance.py:1282} INFO - 
--------------------------------------------------------------------------------
[2023-03-21T14:20:27.086+0000] {taskinstance.py:1283} INFO - Starting attempt 2 of 3
[2023-03-21T14:20:27.087+0000] {taskinstance.py:1284} INFO - 
--------------------------------------------------------------------------------
[2023-03-21T14:20:27.201+0000] {taskinstance.py:1303} INFO - Executing <Task(PythonOperator): download_dataset_task> on 2023-03-21 14:00:00.595190+00:00
[2023-03-21T14:20:27.224+0000] {standard_task_runner.py:55} INFO - Started process 40216 to run task
[2023-03-21T14:20:27.287+0000] {standard_task_runner.py:82} INFO - Running: ['***', 'tasks', 'run', 'project_masterdag', 'download_dataset_task', 'manual__2023-03-21T14:00:00.595190+00:00', '--job-id', '347', '--raw', '--subdir', 'DAGS_FOLDER/project_master_dags.py', '--cfg-path', '/tmp/tmp9_0kr9nn']
[2023-03-21T14:20:27.303+0000] {standard_task_runner.py:83} INFO - Job 347: Subtask download_dataset_task
[2023-03-21T14:20:27.384+0000] {warnings.py:110} WARNING - /home/***/.local/lib/python3.7/site-packages/***/settings.py:250: DeprecationWarning: The sql_alchemy_conn option in [core] has been moved to the sql_alchemy_conn option in [database] - the old setting has been used, but please update your config.
  SQL_ALCHEMY_CONN = conf.get("database", "SQL_ALCHEMY_CONN")

[2023-03-21T14:20:27.742+0000] {task_command.py:388} INFO - Running <TaskInstance: project_masterdag.download_dataset_task manual__2023-03-21T14:00:00.595190+00:00 [running]> on host 796cac132c25
[2023-03-21T14:20:28.411+0000] {taskinstance.py:1511} INFO - Exporting the following env vars:
AIRFLOW_CTX_DAG_OWNER=***
AIRFLOW_CTX_DAG_ID=project_masterdag
AIRFLOW_CTX_TASK_ID=download_dataset_task
AIRFLOW_CTX_EXECUTION_DATE=2023-03-21T14:00:00.595190+00:00
AIRFLOW_CTX_TRY_NUMBER=2
AIRFLOW_CTX_DAG_RUN_ID=manual__2023-03-21T14:00:00.595190+00:00
[2023-03-21T14:20:28.431+0000] {logging_mixin.py:137} INFO - Warning: Your Kaggle API key is readable by other users on this system! To fix this, you can run 'chmod 600 /home/***/.kaggle/kaggle.json'
[2023-03-21T14:20:28.444+0000] {logging_mixin.py:137} INFO - file path is /opt/***
[2023-03-21T14:20:28.450+0000] {project_master_dags.py:51} INFO - Downloading files...
[2023-03-21T14:22:43.537+0000] {project_master_dags.py:53} INFO - Downloading completed!
[2023-03-21T14:22:43.543+0000] {python.py:177} INFO - Done. Returned value was: None
[2023-03-21T14:22:43.576+0000] {taskinstance.py:1326} INFO - Marking task as SUCCESS. dag_id=project_masterdag, task_id=download_dataset_task, execution_date=20230321T140000, start_date=20230321T142027, end_date=20230321T142243
[2023-03-21T14:22:43.658+0000] {local_task_job.py:212} INFO - Task exited with return code 0
