[2023-03-21T00:45:50.724+0000] {taskinstance.py:1084} INFO - Dependencies all met for dep_context=non-requeueable deps ti=<TaskInstance: project_masterdag.local_to_gcs_task manual__2023-03-21T00:43:30.185105+00:00 [queued]>
[2023-03-21T00:45:50.775+0000] {taskinstance.py:1084} INFO - Dependencies all met for dep_context=requeueable deps ti=<TaskInstance: project_masterdag.local_to_gcs_task manual__2023-03-21T00:43:30.185105+00:00 [queued]>
[2023-03-21T00:45:50.777+0000] {taskinstance.py:1282} INFO - 
--------------------------------------------------------------------------------
[2023-03-21T00:45:50.779+0000] {taskinstance.py:1283} INFO - Starting attempt 1 of 2
[2023-03-21T00:45:50.779+0000] {taskinstance.py:1284} INFO - 
--------------------------------------------------------------------------------
[2023-03-21T00:45:50.860+0000] {taskinstance.py:1303} INFO - Executing <Task(PythonOperator): local_to_gcs_task> on 2023-03-21 00:43:30.185105+00:00
[2023-03-21T00:45:50.874+0000] {standard_task_runner.py:55} INFO - Started process 5801 to run task
[2023-03-21T00:45:50.890+0000] {standard_task_runner.py:82} INFO - Running: ['***', 'tasks', 'run', 'project_masterdag', 'local_to_gcs_task', 'manual__2023-03-21T00:43:30.185105+00:00', '--job-id', '275', '--raw', '--subdir', 'DAGS_FOLDER/project_master_dags.py', '--cfg-path', '/tmp/tmpfpgjcf3t']
[2023-03-21T00:45:50.895+0000] {standard_task_runner.py:83} INFO - Job 275: Subtask local_to_gcs_task
[2023-03-21T00:45:50.953+0000] {warnings.py:110} WARNING - /home/***/.local/lib/python3.7/site-packages/***/settings.py:250: DeprecationWarning: The sql_alchemy_conn option in [core] has been moved to the sql_alchemy_conn option in [database] - the old setting has been used, but please update your config.
  SQL_ALCHEMY_CONN = conf.get("database", "SQL_ALCHEMY_CONN")

[2023-03-21T00:45:51.312+0000] {task_command.py:388} INFO - Running <TaskInstance: project_masterdag.local_to_gcs_task manual__2023-03-21T00:43:30.185105+00:00 [running]> on host 796cac132c25
[2023-03-21T00:45:51.735+0000] {taskinstance.py:1511} INFO - Exporting the following env vars:
AIRFLOW_CTX_DAG_OWNER=***
AIRFLOW_CTX_DAG_ID=project_masterdag
AIRFLOW_CTX_TASK_ID=local_to_gcs_task
AIRFLOW_CTX_EXECUTION_DATE=2023-03-21T00:43:30.185105+00:00
AIRFLOW_CTX_TRY_NUMBER=1
AIRFLOW_CTX_DAG_RUN_ID=manual__2023-03-21T00:43:30.185105+00:00
[2023-03-21T00:45:52.180+0000] {logging_mixin.py:137} INFO - Bucket name is  <Bucket: dtc_data_lake_dtc-de-course-375420>
[2023-03-21T00:45:52.181+0000] {project_master_dags.py:77} INFO - Uploading: Chicago_Crimes_2001.csv
[2023-03-21T00:45:55.681+0000] {project_master_dags.py:82} INFO - Chicago_Crimes_2001.csv uploaded to GCS bucket
[2023-03-21T00:45:55.687+0000] {project_master_dags.py:77} INFO - Uploading: Chicago_Crimes_2002.csv
[2023-03-21T00:45:59.308+0000] {project_master_dags.py:82} INFO - Chicago_Crimes_2002.csv uploaded to GCS bucket
[2023-03-21T00:45:59.309+0000] {project_master_dags.py:85} INFO - Removing downloaded files
[2023-03-21T00:45:59.309+0000] {python.py:177} INFO - Done. Returned value was: None
[2023-03-21T00:45:59.339+0000] {taskinstance.py:1326} INFO - Marking task as SUCCESS. dag_id=project_masterdag, task_id=local_to_gcs_task, execution_date=20230321T004330, start_date=20230321T004550, end_date=20230321T004559
[2023-03-21T00:45:59.427+0000] {local_task_job.py:212} INFO - Task exited with return code 0
