[2023-03-15T21:20:41.268+0000] {taskinstance.py:1084} INFO - Dependencies all met for dep_context=non-requeueable deps ti=<TaskInstance: project_gcs_to_bq.gcs_to_bq scheduled__2023-03-14T00:00:00+00:00 [queued]>
[2023-03-15T21:20:41.281+0000] {taskinstance.py:1084} INFO - Dependencies all met for dep_context=requeueable deps ti=<TaskInstance: project_gcs_to_bq.gcs_to_bq scheduled__2023-03-14T00:00:00+00:00 [queued]>
[2023-03-15T21:20:41.281+0000] {taskinstance.py:1282} INFO - 
--------------------------------------------------------------------------------
[2023-03-15T21:20:41.281+0000] {taskinstance.py:1283} INFO - Starting attempt 16 of 17
[2023-03-15T21:20:41.281+0000] {taskinstance.py:1284} INFO - 
--------------------------------------------------------------------------------
[2023-03-15T21:20:41.306+0000] {taskinstance.py:1303} INFO - Executing <Task(GCSToBigQueryOperator): gcs_to_bq> on 2023-03-14 00:00:00+00:00
[2023-03-15T21:20:41.316+0000] {standard_task_runner.py:55} INFO - Started process 12842 to run task
[2023-03-15T21:20:41.324+0000] {standard_task_runner.py:82} INFO - Running: ['***', 'tasks', 'run', 'project_gcs_to_bq', 'gcs_to_bq', 'scheduled__2023-03-14T00:00:00+00:00', '--job-id', '31', '--raw', '--subdir', 'DAGS_FOLDER/p_gcs_to_bq.py', '--cfg-path', '/tmp/tmpmdpr3cs7']
[2023-03-15T21:20:41.328+0000] {standard_task_runner.py:83} INFO - Job 31: Subtask gcs_to_bq
[2023-03-15T21:20:41.352+0000] {warnings.py:110} WARNING - /home/***/.local/lib/python3.7/site-packages/***/settings.py:250: DeprecationWarning: The sql_alchemy_conn option in [core] has been moved to the sql_alchemy_conn option in [database] - the old setting has been used, but please update your config.
  SQL_ALCHEMY_CONN = conf.get("database", "SQL_ALCHEMY_CONN")

[2023-03-15T21:20:41.390+0000] {warnings.py:110} WARNING - /home/***/.local/lib/python3.7/site-packages/***/utils/sqlalchemy.py:124: DeprecationWarning: The sql_alchemy_conn option in [core] has been moved to the sql_alchemy_conn option in [database] - the old setting has been used, but please update your config.
  return not conf.get("database", "sql_alchemy_conn").startswith("mssql")

[2023-03-15T21:20:41.440+0000] {task_command.py:388} INFO - Running <TaskInstance: project_gcs_to_bq.gcs_to_bq scheduled__2023-03-14T00:00:00+00:00 [running]> on host 8d6d3f05a6c2
[2023-03-15T21:20:41.544+0000] {taskinstance.py:1511} INFO - Exporting the following env vars:
AIRFLOW_CTX_DAG_OWNER=***
AIRFLOW_CTX_DAG_ID=project_gcs_to_bq
AIRFLOW_CTX_TASK_ID=gcs_to_bq
AIRFLOW_CTX_EXECUTION_DATE=2023-03-14T00:00:00+00:00
AIRFLOW_CTX_TRY_NUMBER=16
AIRFLOW_CTX_DAG_RUN_ID=scheduled__2023-03-14T00:00:00+00:00
[2023-03-15T21:20:41.547+0000] {crypto.py:83} WARNING - empty cryptography key - values will not be stored encrypted.
[2023-03-15T21:20:41.548+0000] {base.py:73} INFO - Using connection ID 'google_cloud_default' for task execution.
[2023-03-15T21:20:41.549+0000] {gcs_to_bigquery.py:382} INFO - Using existing BigQuery table for storing data...
[2023-03-15T21:20:41.604+0000] {gcs_to_bigquery.py:386} INFO - Executing: {'load': {'autodetect': True, 'createDisposition': 'CREATE_IF_NEEDED', 'destinationTable': {'projectId': 'dtc-de-course-375420', 'datasetId': 'chicago_crime_all', 'tableId': 'my_table'}, 'sourceFormat': 'CSV', 'sourceUris': ['gs://dtc_data_lake_dtc-de-course-375420/project/Chicago_Crimes_2002.csv'], 'writeDisposition': 'WRITE_TRUNCATE', 'ignoreUnknownValues': False, 'schema': {'fields': [{'name': 'ID', 'type': 'INTEGER', 'mode': 'NULLABLE'}, {'name': 'Case_Number', 'type': 'STRING', 'mode': 'NULLABLE'}, {'name': 'Date', 'type': 'STRING', 'mode': 'NULLABLE'}, {'name': 'Block', 'type': 'STRING', 'mode': 'NULLABLE'}, {'name': 'IUCR', 'type': 'STRING', 'mode': 'NULLABLE'}, {'name': 'Primary_Type', 'type': 'STRING', 'mode': 'NULLABLE'}, {'name': 'Description', 'type': 'STRING', 'mode': 'NULLABLE'}, {'name': 'Location_Description', 'type': 'STRING', 'mode': 'NULLABLE'}, {'name': 'Arrest', 'type': 'STRING', 'mode': 'NULLABLE'}, {'name': 'Domestic', 'type': 'STRING', 'mode': 'NULLABLE'}, {'name': 'Beat', 'type': 'STRING', 'mode': 'NULLABLE'}, {'name': 'District', 'type': 'STRING', 'mode': 'NULLABLE'}, {'name': 'Ward', 'type': 'STRING', 'mode': 'NULLABLE'}, {'name': 'Community_Area', 'type': 'STRING', 'mode': 'NULLABLE'}, {'name': 'FBI_Code', 'type': 'STRING', 'mode': 'NULLABLE'}, {'name': 'X_Coordinate', 'type': 'STRING', 'mode': 'NULLABLE'}, {'name': 'Y_Coordinate', 'type': 'STRING', 'mode': 'NULLABLE'}, {'name': 'Year', 'type': 'INTEGER', 'mode': 'NULLABLE'}, {'name': 'Updated_On', 'type': 'STRING', 'mode': 'NULLABLE'}, {'name': 'Latitude', 'type': 'FLOAT', 'mode': 'NULLABLE'}, {'name': 'Longitude', 'type': 'FLOAT', 'mode': 'NULLABLE'}, {'name': 'Location', 'type': 'STRING', 'mode': 'NULLABLE'}]}, 'skipLeadingRows': None, 'fieldDelimiter': ',', 'quote': '"', 'allowQuotedNewlines': False, 'encoding': 'UTF-8'}}
[2023-03-15T21:20:41.607+0000] {bigquery.py:1546} INFO - Inserting job ***_project_gcs_to_bq_gcs_to_bq_2023_03_14T00_00_00_00_00_2775bfa30e8b1625aa890c434eb3c3f5
[2023-03-15T21:20:51.793+0000] {taskinstance.py:1326} INFO - Marking task as SUCCESS. dag_id=project_gcs_to_bq, task_id=gcs_to_bq, execution_date=20230314T000000, start_date=20230315T212041, end_date=20230315T212051
[2023-03-15T21:20:51.840+0000] {local_task_job.py:212} INFO - Task exited with return code 0
[2023-03-15T21:20:51.865+0000] {taskinstance.py:2585} INFO - 0 downstream tasks scheduled from follow-on schedule check
