[2023-03-21T12:32:30.772+0000] {taskinstance.py:1084} INFO - Dependencies all met for dep_context=non-requeueable deps ti=<TaskInstance: project_masterdag.partition_bq_table manual__2023-03-21T12:29:29.795825+00:00 [queued]>
[2023-03-21T12:32:30.796+0000] {taskinstance.py:1084} INFO - Dependencies all met for dep_context=requeueable deps ti=<TaskInstance: project_masterdag.partition_bq_table manual__2023-03-21T12:29:29.795825+00:00 [queued]>
[2023-03-21T12:32:30.797+0000] {taskinstance.py:1282} INFO - 
--------------------------------------------------------------------------------
[2023-03-21T12:32:30.797+0000] {taskinstance.py:1283} INFO - Starting attempt 1 of 2
[2023-03-21T12:32:30.797+0000] {taskinstance.py:1284} INFO - 
--------------------------------------------------------------------------------
[2023-03-21T12:32:30.865+0000] {taskinstance.py:1303} INFO - Executing <Task(BigQueryInsertJobOperator): partition_bq_table> on 2023-03-21 12:29:29.795825+00:00
[2023-03-21T12:32:30.901+0000] {standard_task_runner.py:55} INFO - Started process 35241 to run task
[2023-03-21T12:32:30.918+0000] {standard_task_runner.py:82} INFO - Running: ['***', 'tasks', 'run', 'project_masterdag', 'partition_bq_table', 'manual__2023-03-21T12:29:29.795825+00:00', '--job-id', '309', '--raw', '--subdir', 'DAGS_FOLDER/project_master_dags.py', '--cfg-path', '/tmp/tmp02ff3ps6']
[2023-03-21T12:32:30.922+0000] {standard_task_runner.py:83} INFO - Job 309: Subtask partition_bq_table
[2023-03-21T12:32:30.964+0000] {warnings.py:110} WARNING - /home/***/.local/lib/python3.7/site-packages/***/settings.py:250: DeprecationWarning: The sql_alchemy_conn option in [core] has been moved to the sql_alchemy_conn option in [database] - the old setting has been used, but please update your config.
  SQL_ALCHEMY_CONN = conf.get("database", "SQL_ALCHEMY_CONN")

[2023-03-21T12:32:31.146+0000] {task_command.py:388} INFO - Running <TaskInstance: project_masterdag.partition_bq_table manual__2023-03-21T12:29:29.795825+00:00 [running]> on host 796cac132c25
[2023-03-21T12:32:31.394+0000] {taskinstance.py:1511} INFO - Exporting the following env vars:
AIRFLOW_CTX_DAG_OWNER=***
AIRFLOW_CTX_DAG_ID=project_masterdag
AIRFLOW_CTX_TASK_ID=partition_bq_table
AIRFLOW_CTX_EXECUTION_DATE=2023-03-21T12:29:29.795825+00:00
AIRFLOW_CTX_TRY_NUMBER=1
AIRFLOW_CTX_DAG_RUN_ID=manual__2023-03-21T12:29:29.795825+00:00
[2023-03-21T12:32:31.401+0000] {base.py:73} INFO - Using connection ID 'google_cloud_default' for task execution.
[2023-03-21T12:32:31.403+0000] {bigquery.py:2731} INFO - Executing: {'query': {'query': 'CREATE OR REPLACE TABLE `dtc-de-course-375420.chicago_crime_all.ET_CHICAGO_CRIMES_DATEFORMATTED` AS\nSELECT\n  DATE(PARSE_DATETIME("%m/%d/%Y %I:%M:%S %p", date)) AS New_Date,\n  DATE_TRUNC(DATE(PARSE_DATETIME("%m/%d/%Y %I:%M:%S %p", date)), MONTH) AS Month,*\nFROM\n  dtc-de-course-375420.chicago_crime_all.CHICAGO_CRIMES_PARTITIONED;\n  \n  \nCREATE OR REPLACE TABLE `dtc-de-course-375420.chicago_crime_all.CHICAGO_CRIMES_PARTITIONED`\nPARTITION BY Month\nAS\nSELECT * FROM `dtc-de-course-375420.chicago_crime_all.ET_CHICAGO_CRIMES_DATEFORMATTED`;', 'useLegacySql': False}}'
[2023-03-21T12:32:31.537+0000] {bigquery.py:1546} INFO - Inserting job ***_project_masterdag_partition_bq_table_2023_03_21T12_29_29_795825_00_00_656fd579b94f27d2f9e82d37e1595e7f
[2023-03-21T12:32:32.345+0000] {taskinstance.py:1775} ERROR - Task failed with exception
Traceback (most recent call last):
  File "/home/airflow/.local/lib/python3.7/site-packages/airflow/providers/google/cloud/operators/bigquery.py", line 2782, in execute
    job.result(timeout=self.result_timeout, retry=self.result_retry)
  File "/home/airflow/.local/lib/python3.7/site-packages/google/cloud/bigquery/job/query.py", line 1499, in result
    do_get_result()
  File "/home/airflow/.local/lib/python3.7/site-packages/google/cloud/bigquery/job/query.py", line 1489, in do_get_result
    super(QueryJob, self).result(retry=retry, timeout=timeout)
  File "/home/airflow/.local/lib/python3.7/site-packages/google/cloud/bigquery/job/base.py", line 728, in result
    return super(_AsyncJob, self).result(timeout=timeout, **kwargs)
  File "/home/airflow/.local/lib/python3.7/site-packages/google/api_core/future/polling.py", line 137, in result
    raise self._exception
google.api_core.exceptions.BadRequest: 400 Query error: CREATE TABLE has columns with duplicate name New_Date at [2:1]

Location: europe-west6
Job ID: airflow_project_masterdag_partition_bq_table_2023_03_21T12_29_29_795825_00_00_656fd579b94f27d2f9e82d37e1595e7f

[2023-03-21T12:32:32.375+0000] {taskinstance.py:1326} INFO - Marking task as UP_FOR_RETRY. dag_id=project_masterdag, task_id=partition_bq_table, execution_date=20230321T122929, start_date=20230321T123230, end_date=20230321T123232
[2023-03-21T12:32:32.417+0000] {standard_task_runner.py:105} ERROR - Failed to execute job 309 for task partition_bq_table (400 Query error: CREATE TABLE has columns with duplicate name New_Date at [2:1]

Location: europe-west6
Job ID: airflow_project_masterdag_partition_bq_table_2023_03_21T12_29_29_795825_00_00_656fd579b94f27d2f9e82d37e1595e7f
; 35241)
[2023-03-21T12:32:32.450+0000] {local_task_job.py:212} INFO - Task exited with return code 1
