[2023-03-21T13:32:23.988+0000] {taskinstance.py:1084} INFO - Dependencies all met for dep_context=non-requeueable deps ti=<TaskInstance: project_masterdag.partition_bq_table manual__2023-03-21T12:29:29.795825+00:00 [queued]>
[2023-03-21T13:32:24.003+0000] {taskinstance.py:1084} INFO - Dependencies all met for dep_context=requeueable deps ti=<TaskInstance: project_masterdag.partition_bq_table manual__2023-03-21T12:29:29.795825+00:00 [queued]>
[2023-03-21T13:32:24.003+0000] {taskinstance.py:1282} INFO - 
--------------------------------------------------------------------------------
[2023-03-21T13:32:24.003+0000] {taskinstance.py:1283} INFO - Starting attempt 4 of 5
[2023-03-21T13:32:24.004+0000] {taskinstance.py:1284} INFO - 
--------------------------------------------------------------------------------
[2023-03-21T13:32:24.025+0000] {taskinstance.py:1303} INFO - Executing <Task(BigQueryInsertJobOperator): partition_bq_table> on 2023-03-21 12:29:29.795825+00:00
[2023-03-21T13:32:24.036+0000] {standard_task_runner.py:55} INFO - Started process 37952 to run task
[2023-03-21T13:32:24.045+0000] {standard_task_runner.py:82} INFO - Running: ['***', 'tasks', 'run', 'project_masterdag', 'partition_bq_table', 'manual__2023-03-21T12:29:29.795825+00:00', '--job-id', '328', '--raw', '--subdir', 'DAGS_FOLDER/project_master_dags.py', '--cfg-path', '/tmp/tmpx5ju9j_5']
[2023-03-21T13:32:24.048+0000] {standard_task_runner.py:83} INFO - Job 328: Subtask partition_bq_table
[2023-03-21T13:32:24.070+0000] {warnings.py:110} WARNING - /home/***/.local/lib/python3.7/site-packages/***/settings.py:250: DeprecationWarning: The sql_alchemy_conn option in [core] has been moved to the sql_alchemy_conn option in [database] - the old setting has been used, but please update your config.
  SQL_ALCHEMY_CONN = conf.get("database", "SQL_ALCHEMY_CONN")

[2023-03-21T13:32:24.170+0000] {task_command.py:388} INFO - Running <TaskInstance: project_masterdag.partition_bq_table manual__2023-03-21T12:29:29.795825+00:00 [running]> on host 796cac132c25
[2023-03-21T13:32:24.298+0000] {taskinstance.py:1511} INFO - Exporting the following env vars:
AIRFLOW_CTX_DAG_OWNER=***
AIRFLOW_CTX_DAG_ID=project_masterdag
AIRFLOW_CTX_TASK_ID=partition_bq_table
AIRFLOW_CTX_EXECUTION_DATE=2023-03-21T12:29:29.795825+00:00
AIRFLOW_CTX_TRY_NUMBER=4
AIRFLOW_CTX_DAG_RUN_ID=manual__2023-03-21T12:29:29.795825+00:00
[2023-03-21T13:32:24.301+0000] {base.py:73} INFO - Using connection ID 'google_cloud_default' for task execution.
[2023-03-21T13:32:24.302+0000] {bigquery.py:2731} INFO - Executing: {'query': {'query': 'CREATE OR REPLACE TABLE `dtc-de-course-375420.chicago_crime_all.ET_CHICAGO_CRIMES_DATEFORMATTED` AS\nSELECT\n  DATE(PARSE_DATETIME("%m/%d/%Y %I:%M:%S %p", date)) AS New_Date,\n  DATE_TRUNC(DATE(PARSE_DATETIME("%m/%d/%Y %I:%M:%S %p", date)), MONTH) AS Month,*\nFROM\n  dtc-de-course-375420.chicago_crime_all.et_chicago_crimes;\n  \n  \nCREATE OR REPLACE TABLE `dtc-de-course-375420.chicago_crime_all.CHICAGO_CRIMES_PARTITIONED`\nPARTITION BY Month\nAS\nSELECT * FROM `dtc-de-course-375420.chicago_crime_all.ET_CHICAGO_CRIMES_DATEFORMATTED`;', 'useLegacySql': False}}'
[2023-03-21T13:32:24.361+0000] {bigquery.py:1546} INFO - Inserting job ***_project_masterdag_partition_bq_table_2023_03_21T12_29_29_795825_00_00_059d1af8788a846abcfd5fbea5f86470
[2023-03-21T13:32:37.425+0000] {taskinstance.py:1326} INFO - Marking task as SUCCESS. dag_id=project_masterdag, task_id=partition_bq_table, execution_date=20230321T122929, start_date=20230321T133223, end_date=20230321T133237
[2023-03-21T13:32:37.478+0000] {local_task_job.py:212} INFO - Task exited with return code 0
