[2023-03-20T00:02:46.636+0000] {taskinstance.py:1084} INFO - Dependencies all met for dep_context=non-requeueable deps ti=<TaskInstance: project_data_ingestion_gcs_dag.local_to_gcs_task scheduled__2023-03-19T00:00:00+00:00 [queued]>
[2023-03-20T00:02:46.675+0000] {taskinstance.py:1084} INFO - Dependencies all met for dep_context=requeueable deps ti=<TaskInstance: project_data_ingestion_gcs_dag.local_to_gcs_task scheduled__2023-03-19T00:00:00+00:00 [queued]>
[2023-03-20T00:02:46.682+0000] {taskinstance.py:1282} INFO - 
--------------------------------------------------------------------------------
[2023-03-20T00:02:46.682+0000] {taskinstance.py:1283} INFO - Starting attempt 1 of 2
[2023-03-20T00:02:46.683+0000] {taskinstance.py:1284} INFO - 
--------------------------------------------------------------------------------
[2023-03-20T00:02:46.791+0000] {taskinstance.py:1303} INFO - Executing <Task(PythonOperator): local_to_gcs_task> on 2023-03-19 00:00:00+00:00
[2023-03-20T00:02:46.814+0000] {standard_task_runner.py:55} INFO - Started process 307 to run task
[2023-03-20T00:02:46.817+0000] {standard_task_runner.py:82} INFO - Running: ['***', 'tasks', 'run', 'project_data_ingestion_gcs_dag', 'local_to_gcs_task', 'scheduled__2023-03-19T00:00:00+00:00', '--job-id', '166', '--raw', '--subdir', 'DAGS_FOLDER/p_download_upload.py', '--cfg-path', '/tmp/tmpfakolwly']
[2023-03-20T00:02:46.839+0000] {standard_task_runner.py:83} INFO - Job 166: Subtask local_to_gcs_task
[2023-03-20T00:02:46.909+0000] {warnings.py:110} WARNING - /home/***/.local/lib/python3.7/site-packages/***/settings.py:250: DeprecationWarning: The sql_alchemy_conn option in [core] has been moved to the sql_alchemy_conn option in [database] - the old setting has been used, but please update your config.
  SQL_ALCHEMY_CONN = conf.get("database", "SQL_ALCHEMY_CONN")

[2023-03-20T00:02:47.009+0000] {warnings.py:110} WARNING - /home/***/.local/lib/python3.7/site-packages/***/utils/sqlalchemy.py:124: DeprecationWarning: The sql_alchemy_conn option in [core] has been moved to the sql_alchemy_conn option in [database] - the old setting has been used, but please update your config.
  return not conf.get("database", "sql_alchemy_conn").startswith("mssql")

[2023-03-20T00:02:47.142+0000] {task_command.py:388} INFO - Running <TaskInstance: project_data_ingestion_gcs_dag.local_to_gcs_task scheduled__2023-03-19T00:00:00+00:00 [running]> on host 4fd00a82f4e9
[2023-03-20T00:02:47.405+0000] {taskinstance.py:1511} INFO - Exporting the following env vars:
AIRFLOW_CTX_DAG_OWNER=***
AIRFLOW_CTX_DAG_ID=project_data_ingestion_gcs_dag
AIRFLOW_CTX_TASK_ID=local_to_gcs_task
AIRFLOW_CTX_EXECUTION_DATE=2023-03-19T00:00:00+00:00
AIRFLOW_CTX_TRY_NUMBER=1
AIRFLOW_CTX_DAG_RUN_ID=scheduled__2023-03-19T00:00:00+00:00
[2023-03-20T00:02:47.730+0000] {logging_mixin.py:137} INFO - Bucket name is  <Bucket: dtc_data_lake_dtc-de-course-375420>
[2023-03-20T00:02:47.730+0000] {p_download_upload.py:66} INFO - Uploading: Chicago_Crimes_2001.csv
[2023-03-20T00:02:51.315+0000] {p_download_upload.py:71} INFO - Chicago_Crimes_2001.csv uploaded to GCS bucket
[2023-03-20T00:02:51.318+0000] {p_download_upload.py:66} INFO - Uploading: Chicago_Crimes_2002.csv
[2023-03-20T00:02:54.821+0000] {p_download_upload.py:71} INFO - Chicago_Crimes_2002.csv uploaded to GCS bucket
[2023-03-20T00:02:54.822+0000] {p_download_upload.py:66} INFO - Uploading: Chicago_Crimes_2003.csv
[2023-03-20T00:02:58.228+0000] {p_download_upload.py:71} INFO - Chicago_Crimes_2003.csv uploaded to GCS bucket
[2023-03-20T00:02:58.229+0000] {p_download_upload.py:66} INFO - Uploading: Chicago_Crimes_2004.csv
[2023-03-20T00:03:02.425+0000] {p_download_upload.py:71} INFO - Chicago_Crimes_2004.csv uploaded to GCS bucket
[2023-03-20T00:03:02.427+0000] {p_download_upload.py:66} INFO - Uploading: Chicago_Crimes_2005.csv
[2023-03-20T00:03:05.671+0000] {p_download_upload.py:71} INFO - Chicago_Crimes_2005.csv uploaded to GCS bucket
[2023-03-20T00:03:05.671+0000] {p_download_upload.py:66} INFO - Uploading: Chicago_Crimes_2006.csv
[2023-03-20T00:03:08.822+0000] {p_download_upload.py:71} INFO - Chicago_Crimes_2006.csv uploaded to GCS bucket
[2023-03-20T00:03:08.823+0000] {p_download_upload.py:66} INFO - Uploading: Chicago_Crimes_2007.csv
[2023-03-20T00:03:11.832+0000] {p_download_upload.py:71} INFO - Chicago_Crimes_2007.csv uploaded to GCS bucket
[2023-03-20T00:03:11.833+0000] {p_download_upload.py:66} INFO - Uploading: Chicago_Crimes_2008.csv
[2023-03-20T00:03:15.048+0000] {p_download_upload.py:71} INFO - Chicago_Crimes_2008.csv uploaded to GCS bucket
[2023-03-20T00:03:15.049+0000] {p_download_upload.py:66} INFO - Uploading: Chicago_Crimes_2009.csv
[2023-03-20T00:03:17.570+0000] {p_download_upload.py:71} INFO - Chicago_Crimes_2009.csv uploaded to GCS bucket
[2023-03-20T00:03:17.571+0000] {p_download_upload.py:66} INFO - Uploading: Chicago_Crimes_2010.csv
[2023-03-20T00:03:20.215+0000] {p_download_upload.py:71} INFO - Chicago_Crimes_2010.csv uploaded to GCS bucket
[2023-03-20T00:03:20.216+0000] {p_download_upload.py:66} INFO - Uploading: Chicago_Crimes_2011.csv
[2023-03-20T00:03:22.662+0000] {p_download_upload.py:71} INFO - Chicago_Crimes_2011.csv uploaded to GCS bucket
[2023-03-20T00:03:22.663+0000] {p_download_upload.py:66} INFO - Uploading: Chicago_Crimes_2012.csv
[2023-03-20T00:03:24.826+0000] {p_download_upload.py:71} INFO - Chicago_Crimes_2012.csv uploaded to GCS bucket
[2023-03-20T00:03:24.827+0000] {p_download_upload.py:66} INFO - Uploading: Chicago_Crimes_2013.csv
[2023-03-20T00:03:26.860+0000] {p_download_upload.py:71} INFO - Chicago_Crimes_2013.csv uploaded to GCS bucket
[2023-03-20T00:03:26.861+0000] {p_download_upload.py:66} INFO - Uploading: Chicago_Crimes_2014.csv
[2023-03-20T00:03:28.669+0000] {p_download_upload.py:71} INFO - Chicago_Crimes_2014.csv uploaded to GCS bucket
[2023-03-20T00:03:28.669+0000] {p_download_upload.py:66} INFO - Uploading: Chicago_Crimes_2015.csv
[2023-03-20T00:03:30.700+0000] {p_download_upload.py:71} INFO - Chicago_Crimes_2015.csv uploaded to GCS bucket
[2023-03-20T00:03:30.701+0000] {p_download_upload.py:66} INFO - Uploading: Chicago_Crimes_2016.csv
[2023-03-20T00:03:32.554+0000] {p_download_upload.py:71} INFO - Chicago_Crimes_2016.csv uploaded to GCS bucket
[2023-03-20T00:03:32.555+0000] {p_download_upload.py:66} INFO - Uploading: Chicago_Crimes_2017.csv
[2023-03-20T00:03:34.414+0000] {p_download_upload.py:71} INFO - Chicago_Crimes_2017.csv uploaded to GCS bucket
[2023-03-20T00:03:34.419+0000] {p_download_upload.py:66} INFO - Uploading: Chicago_Crimes_2018.csv
[2023-03-20T00:03:36.933+0000] {p_download_upload.py:71} INFO - Chicago_Crimes_2018.csv uploaded to GCS bucket
[2023-03-20T00:03:36.934+0000] {p_download_upload.py:66} INFO - Uploading: Chicago_Crimes_2019.csv
[2023-03-20T00:03:38.865+0000] {p_download_upload.py:71} INFO - Chicago_Crimes_2019.csv uploaded to GCS bucket
[2023-03-20T00:03:38.866+0000] {p_download_upload.py:66} INFO - Uploading: Chicago_Crimes_2020.csv
[2023-03-20T00:03:40.354+0000] {p_download_upload.py:71} INFO - Chicago_Crimes_2020.csv uploaded to GCS bucket
[2023-03-20T00:03:40.355+0000] {p_download_upload.py:66} INFO - Uploading: Chicago_Crimes_2021.csv
[2023-03-20T00:03:41.684+0000] {p_download_upload.py:71} INFO - Chicago_Crimes_2021.csv uploaded to GCS bucket
[2023-03-20T00:03:41.684+0000] {p_download_upload.py:66} INFO - Uploading: Chicago_Crimes_2022.csv
[2023-03-20T00:03:42.935+0000] {p_download_upload.py:71} INFO - Chicago_Crimes_2022.csv uploaded to GCS bucket
[2023-03-20T00:03:42.936+0000] {p_download_upload.py:74} INFO - Removing downloaded files
[2023-03-20T00:03:42.938+0000] {python.py:177} INFO - Done. Returned value was: None
[2023-03-20T00:03:42.980+0000] {taskinstance.py:1326} INFO - Marking task as SUCCESS. dag_id=project_data_ingestion_gcs_dag, task_id=local_to_gcs_task, execution_date=20230319T000000, start_date=20230320T000246, end_date=20230320T000342
[2023-03-20T00:03:43.124+0000] {local_task_job.py:212} INFO - Task exited with return code 0
[2023-03-20T00:03:43.200+0000] {taskinstance.py:2585} INFO - 0 downstream tasks scheduled from follow-on schedule check
