[2023-03-20T19:37:05.330+0000] {taskinstance.py:1078} INFO - Dependencies not met for <TaskInstance: project_spark_processing.process_data scheduled__2023-03-19T00:00:00+00:00 [up_for_retry]>, dependency 'Not In Retry Period' FAILED: Task is not ready for retry yet but will be retried automatically. Current date is 2023-03-20T19:37:05.330764+00:00 and task will be retried at 2023-03-20T19:42:02.975876+00:00.
[2023-03-20T19:37:05.353+0000] {local_task_job.py:151} INFO - Task is not able to be run
[2023-03-20T19:37:20.731+0000] {taskinstance.py:1084} INFO - Dependencies all met for dep_context=non-requeueable deps ti=<TaskInstance: project_spark_processing.process_data scheduled__2023-03-19T00:00:00+00:00 [queued]>
[2023-03-20T19:37:20.758+0000] {taskinstance.py:1084} INFO - Dependencies all met for dep_context=requeueable deps ti=<TaskInstance: project_spark_processing.process_data scheduled__2023-03-19T00:00:00+00:00 [queued]>
[2023-03-20T19:37:20.759+0000] {taskinstance.py:1282} INFO - 
--------------------------------------------------------------------------------
[2023-03-20T19:37:20.759+0000] {taskinstance.py:1283} INFO - Starting attempt 30 of 31
[2023-03-20T19:37:20.760+0000] {taskinstance.py:1284} INFO - 
--------------------------------------------------------------------------------
[2023-03-20T19:37:20.801+0000] {taskinstance.py:1303} INFO - Executing <Task(DataprocSubmitJobOperator): process_data> on 2023-03-19 00:00:00+00:00
[2023-03-20T19:37:20.812+0000] {standard_task_runner.py:55} INFO - Started process 482 to run task
[2023-03-20T19:37:20.825+0000] {standard_task_runner.py:82} INFO - Running: ['***', 'tasks', 'run', 'project_spark_processing', 'process_data', 'scheduled__2023-03-19T00:00:00+00:00', '--job-id', '224', '--raw', '--subdir', 'DAGS_FOLDER/p_submit_job_draft.py', '--cfg-path', '/tmp/tmppnkm2ilt']
[2023-03-20T19:37:20.831+0000] {standard_task_runner.py:83} INFO - Job 224: Subtask process_data
[2023-03-20T19:37:20.865+0000] {warnings.py:110} WARNING - /home/***/.local/lib/python3.7/site-packages/***/settings.py:250: DeprecationWarning: The sql_alchemy_conn option in [core] has been moved to the sql_alchemy_conn option in [database] - the old setting has been used, but please update your config.
  SQL_ALCHEMY_CONN = conf.get("database", "SQL_ALCHEMY_CONN")

[2023-03-20T19:37:20.920+0000] {warnings.py:110} WARNING - /home/***/.local/lib/python3.7/site-packages/***/utils/sqlalchemy.py:124: DeprecationWarning: The sql_alchemy_conn option in [core] has been moved to the sql_alchemy_conn option in [database] - the old setting has been used, but please update your config.
  return not conf.get("database", "sql_alchemy_conn").startswith("mssql")

[2023-03-20T19:37:21.031+0000] {task_command.py:388} INFO - Running <TaskInstance: project_spark_processing.process_data scheduled__2023-03-19T00:00:00+00:00 [running]> on host 71cf0a128c31
[2023-03-20T19:37:21.334+0000] {taskinstance.py:1511} INFO - Exporting the following env vars:
AIRFLOW_CTX_DAG_OWNER=***
AIRFLOW_CTX_DAG_ID=project_spark_processing
AIRFLOW_CTX_TASK_ID=process_data
AIRFLOW_CTX_EXECUTION_DATE=2023-03-19T00:00:00+00:00
AIRFLOW_CTX_TRY_NUMBER=30
AIRFLOW_CTX_DAG_RUN_ID=scheduled__2023-03-19T00:00:00+00:00
[2023-03-20T19:37:21.336+0000] {dataproc.py:1985} INFO - Submitting job
[2023-03-20T19:37:21.339+0000] {crypto.py:83} WARNING - empty cryptography key - values will not be stored encrypted.
[2023-03-20T19:37:21.339+0000] {base.py:73} INFO - Using connection ID 'google_cloud_default' for task execution.
[2023-03-20T19:37:21.648+0000] {dataproc.py:1997} INFO - Job transform_bq_data8 submitted successfully.
[2023-03-20T19:37:21.694+0000] {dataproc.py:2017} INFO - Waiting for job transform_bq_data8 to complete
[2023-03-20T19:38:22.274+0000] {dataproc.py:2021} INFO - Job transform_bq_data8 completed successfully.
[2023-03-20T19:38:22.348+0000] {taskinstance.py:1326} INFO - Marking task as SUCCESS. dag_id=project_spark_processing, task_id=process_data, execution_date=20230319T000000, start_date=20230320T193720, end_date=20230320T193822
[2023-03-20T19:38:22.411+0000] {local_task_job.py:212} INFO - Task exited with return code 0
[2023-03-20T19:38:22.457+0000] {taskinstance.py:2585} INFO - 0 downstream tasks scheduled from follow-on schedule check
