[2023-03-20T14:29:51.558+0000] {taskinstance.py:1084} INFO - Dependencies all met for dep_context=non-requeueable deps ti=<TaskInstance: project_spark_processing.process_data scheduled__2023-03-19T00:00:00+00:00 [queued]>
[2023-03-20T14:29:51.580+0000] {taskinstance.py:1084} INFO - Dependencies all met for dep_context=requeueable deps ti=<TaskInstance: project_spark_processing.process_data scheduled__2023-03-19T00:00:00+00:00 [queued]>
[2023-03-20T14:29:51.581+0000] {taskinstance.py:1282} INFO - 
--------------------------------------------------------------------------------
[2023-03-20T14:29:51.581+0000] {taskinstance.py:1283} INFO - Starting attempt 6 of 7
[2023-03-20T14:29:51.581+0000] {taskinstance.py:1284} INFO - 
--------------------------------------------------------------------------------
[2023-03-20T14:29:51.625+0000] {taskinstance.py:1303} INFO - Executing <Task(DataprocSubmitJobOperator): process_data> on 2023-03-19 00:00:00+00:00
[2023-03-20T14:29:51.636+0000] {standard_task_runner.py:55} INFO - Started process 2251 to run task
[2023-03-20T14:29:51.648+0000] {standard_task_runner.py:82} INFO - Running: ['***', 'tasks', 'run', 'project_spark_processing', 'process_data', 'scheduled__2023-03-19T00:00:00+00:00', '--job-id', '197', '--raw', '--subdir', 'DAGS_FOLDER/p_submit_job_draft.py', '--cfg-path', '/tmp/tmpblxbl0i1']
[2023-03-20T14:29:51.653+0000] {standard_task_runner.py:83} INFO - Job 197: Subtask process_data
[2023-03-20T14:29:51.688+0000] {warnings.py:110} WARNING - /home/***/.local/lib/python3.7/site-packages/***/settings.py:250: DeprecationWarning: The sql_alchemy_conn option in [core] has been moved to the sql_alchemy_conn option in [database] - the old setting has been used, but please update your config.
  SQL_ALCHEMY_CONN = conf.get("database", "SQL_ALCHEMY_CONN")

[2023-03-20T14:29:51.747+0000] {warnings.py:110} WARNING - /home/***/.local/lib/python3.7/site-packages/***/utils/sqlalchemy.py:124: DeprecationWarning: The sql_alchemy_conn option in [core] has been moved to the sql_alchemy_conn option in [database] - the old setting has been used, but please update your config.
  return not conf.get("database", "sql_alchemy_conn").startswith("mssql")

[2023-03-20T14:29:51.829+0000] {task_command.py:388} INFO - Running <TaskInstance: project_spark_processing.process_data scheduled__2023-03-19T00:00:00+00:00 [running]> on host 4fd00a82f4e9
[2023-03-20T14:29:52.064+0000] {taskinstance.py:1511} INFO - Exporting the following env vars:
AIRFLOW_CTX_DAG_OWNER=***
AIRFLOW_CTX_DAG_ID=project_spark_processing
AIRFLOW_CTX_TASK_ID=process_data
AIRFLOW_CTX_EXECUTION_DATE=2023-03-19T00:00:00+00:00
AIRFLOW_CTX_TRY_NUMBER=6
AIRFLOW_CTX_DAG_RUN_ID=scheduled__2023-03-19T00:00:00+00:00
[2023-03-20T14:29:52.065+0000] {dataproc.py:1985} INFO - Submitting job
[2023-03-20T14:29:52.067+0000] {crypto.py:83} WARNING - empty cryptography key - values will not be stored encrypted.
[2023-03-20T14:29:52.068+0000] {base.py:73} INFO - Using connection ID 'google_cloud_default' for task execution.
[2023-03-20T14:29:52.380+0000] {dataproc.py:1997} INFO - Job your_job_id2 submitted successfully.
[2023-03-20T14:29:52.411+0000] {dataproc.py:2017} INFO - Waiting for job your_job_id2 to complete
[2023-03-20T14:30:32.751+0000] {dataproc.py:2021} INFO - Job your_job_id2 completed successfully.
[2023-03-20T14:30:32.798+0000] {taskinstance.py:1326} INFO - Marking task as SUCCESS. dag_id=project_spark_processing, task_id=process_data, execution_date=20230319T000000, start_date=20230320T142951, end_date=20230320T143032
[2023-03-20T14:30:32.845+0000] {local_task_job.py:212} INFO - Task exited with return code 0
[2023-03-20T14:30:32.879+0000] {taskinstance.py:2585} INFO - 0 downstream tasks scheduled from follow-on schedule check
