[2023-03-20T17:42:55.930+0000] {taskinstance.py:1084} INFO - Dependencies all met for dep_context=non-requeueable deps ti=<TaskInstance: project_spark_processing.process_data scheduled__2023-03-19T00:00:00+00:00 [queued]>
[2023-03-20T17:42:55.950+0000] {taskinstance.py:1084} INFO - Dependencies all met for dep_context=requeueable deps ti=<TaskInstance: project_spark_processing.process_data scheduled__2023-03-19T00:00:00+00:00 [queued]>
[2023-03-20T17:42:55.951+0000] {taskinstance.py:1282} INFO - 
--------------------------------------------------------------------------------
[2023-03-20T17:42:55.952+0000] {taskinstance.py:1283} INFO - Starting attempt 17 of 18
[2023-03-20T17:42:55.952+0000] {taskinstance.py:1284} INFO - 
--------------------------------------------------------------------------------
[2023-03-20T17:42:55.995+0000] {taskinstance.py:1303} INFO - Executing <Task(DataprocSubmitJobOperator): process_data> on 2023-03-19 00:00:00+00:00
[2023-03-20T17:42:56.005+0000] {standard_task_runner.py:55} INFO - Started process 11955 to run task
[2023-03-20T17:42:56.018+0000] {standard_task_runner.py:82} INFO - Running: ['***', 'tasks', 'run', 'project_spark_processing', 'process_data', 'scheduled__2023-03-19T00:00:00+00:00', '--job-id', '208', '--raw', '--subdir', 'DAGS_FOLDER/p_submit_job_draft.py', '--cfg-path', '/tmp/tmp1_qvd9li']
[2023-03-20T17:42:56.023+0000] {standard_task_runner.py:83} INFO - Job 208: Subtask process_data
[2023-03-20T17:42:56.052+0000] {warnings.py:110} WARNING - /home/***/.local/lib/python3.7/site-packages/***/settings.py:250: DeprecationWarning: The sql_alchemy_conn option in [core] has been moved to the sql_alchemy_conn option in [database] - the old setting has been used, but please update your config.
  SQL_ALCHEMY_CONN = conf.get("database", "SQL_ALCHEMY_CONN")

[2023-03-20T17:42:56.096+0000] {warnings.py:110} WARNING - /home/***/.local/lib/python3.7/site-packages/***/utils/sqlalchemy.py:124: DeprecationWarning: The sql_alchemy_conn option in [core] has been moved to the sql_alchemy_conn option in [database] - the old setting has been used, but please update your config.
  return not conf.get("database", "sql_alchemy_conn").startswith("mssql")

[2023-03-20T17:42:56.163+0000] {task_command.py:388} INFO - Running <TaskInstance: project_spark_processing.process_data scheduled__2023-03-19T00:00:00+00:00 [running]> on host 4fd00a82f4e9
[2023-03-20T17:42:56.542+0000] {taskinstance.py:1511} INFO - Exporting the following env vars:
AIRFLOW_CTX_DAG_OWNER=***
AIRFLOW_CTX_DAG_ID=project_spark_processing
AIRFLOW_CTX_TASK_ID=process_data
AIRFLOW_CTX_EXECUTION_DATE=2023-03-19T00:00:00+00:00
AIRFLOW_CTX_TRY_NUMBER=17
AIRFLOW_CTX_DAG_RUN_ID=scheduled__2023-03-19T00:00:00+00:00
[2023-03-20T17:42:56.544+0000] {dataproc.py:1985} INFO - Submitting job
[2023-03-20T17:42:56.557+0000] {crypto.py:83} WARNING - empty cryptography key - values will not be stored encrypted.
[2023-03-20T17:42:56.558+0000] {base.py:73} INFO - Using connection ID 'google_cloud_default' for task execution.
[2023-03-20T17:42:57.005+0000] {dataproc.py:1997} INFO - Job transform_bq_data submitted successfully.
[2023-03-20T17:42:57.047+0000] {dataproc.py:2017} INFO - Waiting for job transform_bq_data to complete
[2023-03-20T18:13:42.976+0000] {taskinstance.py:1775} ERROR - Task failed with exception
Traceback (most recent call last):
  File "/home/airflow/.local/lib/python3.7/site-packages/airflow/providers/google/cloud/operators/dataproc.py", line 2019, in execute
    job_id=new_job_id, region=self.region, project_id=self.project_id, timeout=self.wait_timeout
  File "/home/airflow/.local/lib/python3.7/site-packages/airflow/providers/google/common/hooks/base_google.py", line 468, in inner_wrapper
    return func(self, *args, **kwargs)
  File "/home/airflow/.local/lib/python3.7/site-packages/airflow/providers/google/cloud/hooks/dataproc.py", line 725, in wait_for_job
    raise AirflowException(f"Job was cancelled:\n{job}")
airflow.exceptions.AirflowException: Job was cancelled:
reference {
  project_id: "dtc-de-course-375420"
  job_id: "transform_bq_data"
}
placement {
  cluster_name: "my-dataproc-cluster"
  cluster_uuid: "faad38f8-e8f5-43dc-9dd2-7b8477689594"
}
pyspark_job {
  main_python_file_uri: "gs://dtc_data_lake_dtc-de-course-375420/spark_job.py"
  args: "--input_table"
  args: "dtc-de-course-375420.chicago_crime_all.et_chicago_crimes_lite"
  jar_file_uris: "g"
  jar_file_uris: "s"
  jar_file_uris: ":"
  jar_file_uris: "/"
  jar_file_uris: "/"
  jar_file_uris: "s"
  jar_file_uris: "p"
  jar_file_uris: "a"
  jar_file_uris: "r"
  jar_file_uris: "k"
  jar_file_uris: "-"
  jar_file_uris: "l"
  jar_file_uris: "i"
  jar_file_uris: "b"
  jar_file_uris: "/"
  jar_file_uris: "b"
  jar_file_uris: "i"
  jar_file_uris: "g"
  jar_file_uris: "q"
  jar_file_uris: "u"
  jar_file_uris: "e"
  jar_file_uris: "r"
  jar_file_uris: "y"
  jar_file_uris: "/"
  jar_file_uris: "s"
  jar_file_uris: "p"
  jar_file_uris: "a"
  jar_file_uris: "r"
  jar_file_uris: "k"
  jar_file_uris: "-"
  jar_file_uris: "3"
  jar_file_uris: "."
  jar_file_uris: "3"
  jar_file_uris: "-"
  jar_file_uris: "b"
  jar_file_uris: "i"
  jar_file_uris: "g"
  jar_file_uris: "q"
  jar_file_uris: "u"
  jar_file_uris: "e"
  jar_file_uris: "r"
  jar_file_uris: "y"
  jar_file_uris: "-"
  jar_file_uris: "0"
  jar_file_uris: "."
  jar_file_uris: "2"
  jar_file_uris: "9"
  jar_file_uris: "."
  jar_file_uris: "0"
  jar_file_uris: "-"
  jar_file_uris: "p"
  jar_file_uris: "r"
  jar_file_uris: "e"
  jar_file_uris: "v"
  jar_file_uris: "i"
  jar_file_uris: "e"
  jar_file_uris: "w"
  jar_file_uris: "."
  jar_file_uris: "j"
  jar_file_uris: "a"
  jar_file_uris: "r"
}
status {
  state: CANCELLED
  state_start_time {
    seconds: 1679336020
    nanos: 747918000
  }
}
status_history {
  state: PENDING
  state_start_time {
    seconds: 1679334176
    nanos: 988517000
  }
}
status_history {
  state: SETUP_DONE
  state_start_time {
    seconds: 1679334177
    nanos: 22768000
  }
}
status_history {
  state: RUNNING
  state_start_time {
    seconds: 1679334177
    nanos: 337762000
  }
}
status_history {
  state: CANCEL_PENDING
  state_start_time {
    seconds: 1679335720
    nanos: 717849000
  }
}
status_history {
  state: CANCEL_STARTED
  details: "Agent reported job failure"
  state_start_time {
    seconds: 1679335720
    nanos: 748275000
  }
}
driver_control_files_uri: "gs://dataproc-staging-europe-west6-192108012555-yegdrxcc/google-cloud-dataproc-metainfo/faad38f8-e8f5-43dc-9dd2-7b8477689594/jobs/transform_bq_data/"
driver_output_resource_uri: "gs://dataproc-staging-europe-west6-192108012555-yegdrxcc/google-cloud-dataproc-metainfo/faad38f8-e8f5-43dc-9dd2-7b8477689594/jobs/transform_bq_data/driveroutput"
job_uuid: "16688f6a-9a39-4ece-9005-1e8c919a6b39"
done: true

[2023-03-20T18:13:42.985+0000] {taskinstance.py:1326} INFO - Marking task as UP_FOR_RETRY. dag_id=project_spark_processing, task_id=process_data, execution_date=20230319T000000, start_date=20230320T174255, end_date=20230320T181342
[2023-03-20T18:13:43.015+0000] {standard_task_runner.py:105} ERROR - Failed to execute job 208 for task process_data (Job was cancelled:
reference {
  project_id: "dtc-de-course-375420"
  job_id: "transform_bq_data"
}
placement {
  cluster_name: "my-dataproc-cluster"
  cluster_uuid: "faad38f8-e8f5-43dc-9dd2-7b8477689594"
}
pyspark_job {
  main_python_file_uri: "gs://dtc_data_lake_dtc-de-course-375420/spark_job.py"
  args: "--input_table"
  args: "dtc-de-course-375420.chicago_crime_all.et_chicago_crimes_lite"
  jar_file_uris: "g"
  jar_file_uris: "s"
  jar_file_uris: ":"
  jar_file_uris: "/"
  jar_file_uris: "/"
  jar_file_uris: "s"
  jar_file_uris: "p"
  jar_file_uris: "a"
  jar_file_uris: "r"
  jar_file_uris: "k"
  jar_file_uris: "-"
  jar_file_uris: "l"
  jar_file_uris: "i"
  jar_file_uris: "b"
  jar_file_uris: "/"
  jar_file_uris: "b"
  jar_file_uris: "i"
  jar_file_uris: "g"
  jar_file_uris: "q"
  jar_file_uris: "u"
  jar_file_uris: "e"
  jar_file_uris: "r"
  jar_file_uris: "y"
  jar_file_uris: "/"
  jar_file_uris: "s"
  jar_file_uris: "p"
  jar_file_uris: "a"
  jar_file_uris: "r"
  jar_file_uris: "k"
  jar_file_uris: "-"
  jar_file_uris: "3"
  jar_file_uris: "."
  jar_file_uris: "3"
  jar_file_uris: "-"
  jar_file_uris: "b"
  jar_file_uris: "i"
  jar_file_uris: "g"
  jar_file_uris: "q"
  jar_file_uris: "u"
  jar_file_uris: "e"
  jar_file_uris: "r"
  jar_file_uris: "y"
  jar_file_uris: "-"
  jar_file_uris: "0"
  jar_file_uris: "."
  jar_file_uris: "2"
  jar_file_uris: "9"
  jar_file_uris: "."
  jar_file_uris: "0"
  jar_file_uris: "-"
  jar_file_uris: "p"
  jar_file_uris: "r"
  jar_file_uris: "e"
  jar_file_uris: "v"
  jar_file_uris: "i"
  jar_file_uris: "e"
  jar_file_uris: "w"
  jar_file_uris: "."
  jar_file_uris: "j"
  jar_file_uris: "a"
  jar_file_uris: "r"
}
status {
  state: CANCELLED
  state_start_time {
    seconds: 1679336020
    nanos: 747918000
  }
}
status_history {
  state: PENDING
  state_start_time {
    seconds: 1679334176
    nanos: 988517000
  }
}
status_history {
  state: SETUP_DONE
  state_start_time {
    seconds: 1679334177
    nanos: 22768000
  }
}
status_history {
  state: RUNNING
  state_start_time {
    seconds: 1679334177
    nanos: 337762000
  }
}
status_history {
  state: CANCEL_PENDING
  state_start_time {
    seconds: 1679335720
    nanos: 717849000
  }
}
status_history {
  state: CANCEL_STARTED
  details: "Agent reported job failure"
  state_start_time {
    seconds: 1679335720
    nanos: 748275000
  }
}
driver_control_files_uri: "gs://dataproc-staging-europe-west6-192108012555-yegdrxcc/google-cloud-dataproc-metainfo/faad38f8-e8f5-43dc-9dd2-7b8477689594/jobs/transform_bq_data/"
driver_output_resource_uri: "gs://dataproc-staging-europe-west6-192108012555-yegdrxcc/google-cloud-dataproc-metainfo/faad38f8-e8f5-43dc-9dd2-7b8477689594/jobs/transform_bq_data/driveroutput"
job_uuid: "16688f6a-9a39-4ece-9005-1e8c919a6b39"
done: true
; 11955)
[2023-03-20T18:13:43.054+0000] {local_task_job.py:212} INFO - Task exited with return code 1
[2023-03-20T18:13:43.090+0000] {taskinstance.py:2585} INFO - 0 downstream tasks scheduled from follow-on schedule check
