[2023-03-20T18:53:43.120+0000] {taskinstance.py:1084} INFO - Dependencies all met for dep_context=non-requeueable deps ti=<TaskInstance: project_spark_processing.process_data scheduled__2023-03-19T00:00:00+00:00 [queued]>
[2023-03-20T18:53:43.156+0000] {taskinstance.py:1084} INFO - Dependencies all met for dep_context=requeueable deps ti=<TaskInstance: project_spark_processing.process_data scheduled__2023-03-19T00:00:00+00:00 [queued]>
[2023-03-20T18:53:43.156+0000] {taskinstance.py:1282} INFO - 
--------------------------------------------------------------------------------
[2023-03-20T18:53:43.157+0000] {taskinstance.py:1283} INFO - Starting attempt 25 of 26
[2023-03-20T18:53:43.157+0000] {taskinstance.py:1284} INFO - 
--------------------------------------------------------------------------------
[2023-03-20T18:53:43.226+0000] {taskinstance.py:1303} INFO - Executing <Task(DataprocSubmitJobOperator): process_data> on 2023-03-19 00:00:00+00:00
[2023-03-20T18:53:43.239+0000] {standard_task_runner.py:55} INFO - Started process 16387 to run task
[2023-03-20T18:53:43.260+0000] {standard_task_runner.py:82} INFO - Running: ['***', 'tasks', 'run', 'project_spark_processing', 'process_data', 'scheduled__2023-03-19T00:00:00+00:00', '--job-id', '216', '--raw', '--subdir', 'DAGS_FOLDER/p_submit_job_draft.py', '--cfg-path', '/tmp/tmps0c8204m']
[2023-03-20T18:53:43.274+0000] {standard_task_runner.py:83} INFO - Job 216: Subtask process_data
[2023-03-20T18:53:43.335+0000] {warnings.py:110} WARNING - /home/***/.local/lib/python3.7/site-packages/***/settings.py:250: DeprecationWarning: The sql_alchemy_conn option in [core] has been moved to the sql_alchemy_conn option in [database] - the old setting has been used, but please update your config.
  SQL_ALCHEMY_CONN = conf.get("database", "SQL_ALCHEMY_CONN")

[2023-03-20T18:53:43.411+0000] {warnings.py:110} WARNING - /home/***/.local/lib/python3.7/site-packages/***/utils/sqlalchemy.py:124: DeprecationWarning: The sql_alchemy_conn option in [core] has been moved to the sql_alchemy_conn option in [database] - the old setting has been used, but please update your config.
  return not conf.get("database", "sql_alchemy_conn").startswith("mssql")

[2023-03-20T18:53:43.504+0000] {task_command.py:388} INFO - Running <TaskInstance: project_spark_processing.process_data scheduled__2023-03-19T00:00:00+00:00 [running]> on host 4fd00a82f4e9
[2023-03-20T18:53:43.783+0000] {taskinstance.py:1511} INFO - Exporting the following env vars:
AIRFLOW_CTX_DAG_OWNER=***
AIRFLOW_CTX_DAG_ID=project_spark_processing
AIRFLOW_CTX_TASK_ID=process_data
AIRFLOW_CTX_EXECUTION_DATE=2023-03-19T00:00:00+00:00
AIRFLOW_CTX_TRY_NUMBER=25
AIRFLOW_CTX_DAG_RUN_ID=scheduled__2023-03-19T00:00:00+00:00
[2023-03-20T18:53:43.784+0000] {dataproc.py:1985} INFO - Submitting job
[2023-03-20T18:53:43.786+0000] {crypto.py:83} WARNING - empty cryptography key - values will not be stored encrypted.
[2023-03-20T18:53:43.786+0000] {base.py:73} INFO - Using connection ID 'google_cloud_default' for task execution.
[2023-03-20T18:53:44.155+0000] {dataproc.py:1997} INFO - Job transform_bq_data6 submitted successfully.
[2023-03-20T18:53:44.190+0000] {dataproc.py:2017} INFO - Waiting for job transform_bq_data6 to complete
[2023-03-20T18:54:14.480+0000] {taskinstance.py:1775} ERROR - Task failed with exception
Traceback (most recent call last):
  File "/home/airflow/.local/lib/python3.7/site-packages/airflow/providers/google/cloud/operators/dataproc.py", line 2019, in execute
    job_id=new_job_id, region=self.region, project_id=self.project_id, timeout=self.wait_timeout
  File "/home/airflow/.local/lib/python3.7/site-packages/airflow/providers/google/common/hooks/base_google.py", line 468, in inner_wrapper
    return func(self, *args, **kwargs)
  File "/home/airflow/.local/lib/python3.7/site-packages/airflow/providers/google/cloud/hooks/dataproc.py", line 723, in wait_for_job
    raise AirflowException(f"Job failed:\n{job}")
airflow.exceptions.AirflowException: Job failed:
reference {
  project_id: "dtc-de-course-375420"
  job_id: "transform_bq_data6"
}
placement {
  cluster_name: "my-dataproc-cluster"
  cluster_uuid: "faad38f8-e8f5-43dc-9dd2-7b8477689594"
}
pyspark_job {
  main_python_file_uri: "gs://dtc_data_lake_dtc-de-course-375420/spark_job.py"
  args: "--input_table"
  args: "dtc-de-course-375420.chicago_crime_all.et_chicago_crimes_lite"
  jar_file_uris: "g"
  jar_file_uris: "s"
  jar_file_uris: ":"
  jar_file_uris: "/"
  jar_file_uris: "/"
  jar_file_uris: "s"
  jar_file_uris: "p"
  jar_file_uris: "a"
  jar_file_uris: "r"
  jar_file_uris: "k"
  jar_file_uris: "-"
  jar_file_uris: "l"
  jar_file_uris: "i"
  jar_file_uris: "b"
  jar_file_uris: "/"
  jar_file_uris: "b"
  jar_file_uris: "i"
  jar_file_uris: "g"
  jar_file_uris: "q"
  jar_file_uris: "u"
  jar_file_uris: "e"
  jar_file_uris: "r"
  jar_file_uris: "y"
  jar_file_uris: "/"
  jar_file_uris: "s"
  jar_file_uris: "p"
  jar_file_uris: "a"
  jar_file_uris: "r"
  jar_file_uris: "k"
  jar_file_uris: "-"
  jar_file_uris: "b"
  jar_file_uris: "i"
  jar_file_uris: "g"
  jar_file_uris: "q"
  jar_file_uris: "u"
  jar_file_uris: "e"
  jar_file_uris: "r"
  jar_file_uris: "y"
  jar_file_uris: "-"
  jar_file_uris: "w"
  jar_file_uris: "i"
  jar_file_uris: "t"
  jar_file_uris: "h"
  jar_file_uris: "-"
  jar_file_uris: "d"
  jar_file_uris: "e"
  jar_file_uris: "p"
  jar_file_uris: "e"
  jar_file_uris: "n"
  jar_file_uris: "d"
  jar_file_uris: "e"
  jar_file_uris: "n"
  jar_file_uris: "c"
  jar_file_uris: "i"
  jar_file_uris: "e"
  jar_file_uris: "s"
  jar_file_uris: "_"
  jar_file_uris: "2"
  jar_file_uris: "."
  jar_file_uris: "1"
  jar_file_uris: "2"
  jar_file_uris: "-"
  jar_file_uris: "0"
  jar_file_uris: "."
  jar_file_uris: "2"
  jar_file_uris: "9"
  jar_file_uris: "."
  jar_file_uris: "0"
  jar_file_uris: "."
  jar_file_uris: "j"
  jar_file_uris: "a"
  jar_file_uris: "r"
}
status {
  state: ERROR
  details: "Path \'g\' must have scheme."
  state_start_time {
    seconds: 1679338448
    nanos: 800947000
  }
}
status_history {
  state: PENDING
  state_start_time {
    seconds: 1679338424
    nanos: 138923000
  }
}
status_history {
  state: SETUP_DONE
  state_start_time {
    seconds: 1679338424
    nanos: 199951000
  }
}
status_history {
  state: RUNNING
  state_start_time {
    seconds: 1679338424
    nanos: 478755000
  }
}
driver_control_files_uri: "gs://dataproc-staging-europe-west6-192108012555-yegdrxcc/google-cloud-dataproc-metainfo/faad38f8-e8f5-43dc-9dd2-7b8477689594/jobs/transform_bq_data6/"
driver_output_resource_uri: "gs://dataproc-staging-europe-west6-192108012555-yegdrxcc/google-cloud-dataproc-metainfo/faad38f8-e8f5-43dc-9dd2-7b8477689594/jobs/transform_bq_data6/driveroutput"
job_uuid: "393c2ff3-d9c1-4cce-a59d-0ce4fe37392b"
done: true

[2023-03-20T18:54:14.491+0000] {taskinstance.py:1326} INFO - Marking task as UP_FOR_RETRY. dag_id=project_spark_processing, task_id=process_data, execution_date=20230319T000000, start_date=20230320T185343, end_date=20230320T185414
[2023-03-20T18:54:14.520+0000] {standard_task_runner.py:105} ERROR - Failed to execute job 216 for task process_data (Job failed:
reference {
  project_id: "dtc-de-course-375420"
  job_id: "transform_bq_data6"
}
placement {
  cluster_name: "my-dataproc-cluster"
  cluster_uuid: "faad38f8-e8f5-43dc-9dd2-7b8477689594"
}
pyspark_job {
  main_python_file_uri: "gs://dtc_data_lake_dtc-de-course-375420/spark_job.py"
  args: "--input_table"
  args: "dtc-de-course-375420.chicago_crime_all.et_chicago_crimes_lite"
  jar_file_uris: "g"
  jar_file_uris: "s"
  jar_file_uris: ":"
  jar_file_uris: "/"
  jar_file_uris: "/"
  jar_file_uris: "s"
  jar_file_uris: "p"
  jar_file_uris: "a"
  jar_file_uris: "r"
  jar_file_uris: "k"
  jar_file_uris: "-"
  jar_file_uris: "l"
  jar_file_uris: "i"
  jar_file_uris: "b"
  jar_file_uris: "/"
  jar_file_uris: "b"
  jar_file_uris: "i"
  jar_file_uris: "g"
  jar_file_uris: "q"
  jar_file_uris: "u"
  jar_file_uris: "e"
  jar_file_uris: "r"
  jar_file_uris: "y"
  jar_file_uris: "/"
  jar_file_uris: "s"
  jar_file_uris: "p"
  jar_file_uris: "a"
  jar_file_uris: "r"
  jar_file_uris: "k"
  jar_file_uris: "-"
  jar_file_uris: "b"
  jar_file_uris: "i"
  jar_file_uris: "g"
  jar_file_uris: "q"
  jar_file_uris: "u"
  jar_file_uris: "e"
  jar_file_uris: "r"
  jar_file_uris: "y"
  jar_file_uris: "-"
  jar_file_uris: "w"
  jar_file_uris: "i"
  jar_file_uris: "t"
  jar_file_uris: "h"
  jar_file_uris: "-"
  jar_file_uris: "d"
  jar_file_uris: "e"
  jar_file_uris: "p"
  jar_file_uris: "e"
  jar_file_uris: "n"
  jar_file_uris: "d"
  jar_file_uris: "e"
  jar_file_uris: "n"
  jar_file_uris: "c"
  jar_file_uris: "i"
  jar_file_uris: "e"
  jar_file_uris: "s"
  jar_file_uris: "_"
  jar_file_uris: "2"
  jar_file_uris: "."
  jar_file_uris: "1"
  jar_file_uris: "2"
  jar_file_uris: "-"
  jar_file_uris: "0"
  jar_file_uris: "."
  jar_file_uris: "2"
  jar_file_uris: "9"
  jar_file_uris: "."
  jar_file_uris: "0"
  jar_file_uris: "."
  jar_file_uris: "j"
  jar_file_uris: "a"
  jar_file_uris: "r"
}
status {
  state: ERROR
  details: "Path \'g\' must have scheme."
  state_start_time {
    seconds: 1679338448
    nanos: 800947000
  }
}
status_history {
  state: PENDING
  state_start_time {
    seconds: 1679338424
    nanos: 138923000
  }
}
status_history {
  state: SETUP_DONE
  state_start_time {
    seconds: 1679338424
    nanos: 199951000
  }
}
status_history {
  state: RUNNING
  state_start_time {
    seconds: 1679338424
    nanos: 478755000
  }
}
driver_control_files_uri: "gs://dataproc-staging-europe-west6-192108012555-yegdrxcc/google-cloud-dataproc-metainfo/faad38f8-e8f5-43dc-9dd2-7b8477689594/jobs/transform_bq_data6/"
driver_output_resource_uri: "gs://dataproc-staging-europe-west6-192108012555-yegdrxcc/google-cloud-dataproc-metainfo/faad38f8-e8f5-43dc-9dd2-7b8477689594/jobs/transform_bq_data6/driveroutput"
job_uuid: "393c2ff3-d9c1-4cce-a59d-0ce4fe37392b"
done: true
; 16387)
[2023-03-20T18:54:14.542+0000] {local_task_job.py:212} INFO - Task exited with return code 1
[2023-03-20T18:54:14.578+0000] {taskinstance.py:2585} INFO - 0 downstream tasks scheduled from follow-on schedule check
