[2023-03-21T12:25:13.708+0000] {taskinstance.py:1084} INFO - Dependencies all met for dep_context=non-requeueable deps ti=<TaskInstance: project_masterdag.spark_processing manual__2023-03-21T12:25:09.554323+00:00 [queued]>
[2023-03-21T12:25:13.730+0000] {taskinstance.py:1084} INFO - Dependencies all met for dep_context=requeueable deps ti=<TaskInstance: project_masterdag.spark_processing manual__2023-03-21T12:25:09.554323+00:00 [queued]>
[2023-03-21T12:25:13.731+0000] {taskinstance.py:1282} INFO - 
--------------------------------------------------------------------------------
[2023-03-21T12:25:13.731+0000] {taskinstance.py:1283} INFO - Starting attempt 1 of 2
[2023-03-21T12:25:13.732+0000] {taskinstance.py:1284} INFO - 
--------------------------------------------------------------------------------
[2023-03-21T12:25:13.775+0000] {taskinstance.py:1303} INFO - Executing <Task(DataprocSubmitJobOperator): spark_processing> on 2023-03-21 12:25:09.554323+00:00
[2023-03-21T12:25:13.786+0000] {standard_task_runner.py:55} INFO - Started process 34846 to run task
[2023-03-21T12:25:13.806+0000] {standard_task_runner.py:82} INFO - Running: ['***', 'tasks', 'run', 'project_masterdag', 'spark_processing', 'manual__2023-03-21T12:25:09.554323+00:00', '--job-id', '304', '--raw', '--subdir', 'DAGS_FOLDER/project_master_dags.py', '--cfg-path', '/tmp/tmp1qgm2wpt']
[2023-03-21T12:25:13.810+0000] {standard_task_runner.py:83} INFO - Job 304: Subtask spark_processing
[2023-03-21T12:25:13.848+0000] {warnings.py:110} WARNING - /home/***/.local/lib/python3.7/site-packages/***/settings.py:250: DeprecationWarning: The sql_alchemy_conn option in [core] has been moved to the sql_alchemy_conn option in [database] - the old setting has been used, but please update your config.
  SQL_ALCHEMY_CONN = conf.get("database", "SQL_ALCHEMY_CONN")

[2023-03-21T12:25:13.994+0000] {task_command.py:388} INFO - Running <TaskInstance: project_masterdag.spark_processing manual__2023-03-21T12:25:09.554323+00:00 [running]> on host 796cac132c25
[2023-03-21T12:25:14.212+0000] {taskinstance.py:1511} INFO - Exporting the following env vars:
AIRFLOW_CTX_DAG_OWNER=***
AIRFLOW_CTX_DAG_ID=project_masterdag
AIRFLOW_CTX_TASK_ID=spark_processing
AIRFLOW_CTX_EXECUTION_DATE=2023-03-21T12:25:09.554323+00:00
AIRFLOW_CTX_TRY_NUMBER=1
AIRFLOW_CTX_DAG_RUN_ID=manual__2023-03-21T12:25:09.554323+00:00
[2023-03-21T12:25:14.214+0000] {dataproc.py:1985} INFO - Submitting job
[2023-03-21T12:25:14.216+0000] {base.py:73} INFO - Using connection ID 'google_cloud_default' for task execution.
[2023-03-21T12:25:14.524+0000] {dataproc.py:1997} INFO - Job transform_bq_data15 submitted successfully.
[2023-03-21T12:25:14.561+0000] {dataproc.py:2017} INFO - Waiting for job transform_bq_data15 to complete
[2023-03-21T12:26:25.179+0000] {dataproc.py:2021} INFO - Job transform_bq_data15 completed successfully.
[2023-03-21T12:26:25.220+0000] {taskinstance.py:1326} INFO - Marking task as SUCCESS. dag_id=project_masterdag, task_id=spark_processing, execution_date=20230321T122509, start_date=20230321T122513, end_date=20230321T122625
[2023-03-21T12:26:25.262+0000] {local_task_job.py:212} INFO - Task exited with return code 0
[2023-03-21T12:26:25.286+0000] {taskinstance.py:2585} INFO - 0 downstream tasks scheduled from follow-on schedule check
