[2023-03-21T00:06:11.678+0000] {taskinstance.py:1084} INFO - Dependencies all met for dep_context=non-requeueable deps ti=<TaskInstance: project_masterdag.local_to_gcs_task scheduled__2023-03-19T23:56:30.039393+00:00 [queued]>
[2023-03-21T00:06:11.762+0000] {taskinstance.py:1084} INFO - Dependencies all met for dep_context=requeueable deps ti=<TaskInstance: project_masterdag.local_to_gcs_task scheduled__2023-03-19T23:56:30.039393+00:00 [queued]>
[2023-03-21T00:06:11.766+0000] {taskinstance.py:1282} INFO - 
--------------------------------------------------------------------------------
[2023-03-21T00:06:11.766+0000] {taskinstance.py:1283} INFO - Starting attempt 2 of 3
[2023-03-21T00:06:11.769+0000] {taskinstance.py:1284} INFO - 
--------------------------------------------------------------------------------
[2023-03-21T00:06:11.885+0000] {taskinstance.py:1303} INFO - Executing <Task(PythonOperator): local_to_gcs_task> on 2023-03-19 23:56:30.039393+00:00
[2023-03-21T00:06:11.913+0000] {standard_task_runner.py:55} INFO - Started process 4111 to run task
[2023-03-21T00:06:11.955+0000] {standard_task_runner.py:82} INFO - Running: ['***', 'tasks', 'run', 'project_masterdag', 'local_to_gcs_task', 'scheduled__2023-03-19T23:56:30.039393+00:00', '--job-id', '264', '--raw', '--subdir', 'DAGS_FOLDER/project_master_dags.py', '--cfg-path', '/tmp/tmpcuplku6v']
[2023-03-21T00:06:11.974+0000] {standard_task_runner.py:83} INFO - Job 264: Subtask local_to_gcs_task
[2023-03-21T00:06:12.037+0000] {warnings.py:110} WARNING - /home/***/.local/lib/python3.7/site-packages/***/settings.py:250: DeprecationWarning: The sql_alchemy_conn option in [core] has been moved to the sql_alchemy_conn option in [database] - the old setting has been used, but please update your config.
  SQL_ALCHEMY_CONN = conf.get("database", "SQL_ALCHEMY_CONN")

[2023-03-21T00:06:12.222+0000] {warnings.py:110} WARNING - /home/***/.local/lib/python3.7/site-packages/***/utils/sqlalchemy.py:124: DeprecationWarning: The sql_alchemy_conn option in [core] has been moved to the sql_alchemy_conn option in [database] - the old setting has been used, but please update your config.
  return not conf.get("database", "sql_alchemy_conn").startswith("mssql")

[2023-03-21T00:06:12.429+0000] {task_command.py:388} INFO - Running <TaskInstance: project_masterdag.local_to_gcs_task scheduled__2023-03-19T23:56:30.039393+00:00 [running]> on host 796cac132c25
[2023-03-21T00:06:13.104+0000] {taskinstance.py:1511} INFO - Exporting the following env vars:
AIRFLOW_CTX_DAG_OWNER=***
AIRFLOW_CTX_DAG_ID=project_masterdag
AIRFLOW_CTX_TASK_ID=local_to_gcs_task
AIRFLOW_CTX_EXECUTION_DATE=2023-03-19T23:56:30.039393+00:00
AIRFLOW_CTX_TRY_NUMBER=2
AIRFLOW_CTX_DAG_RUN_ID=scheduled__2023-03-19T23:56:30.039393+00:00
[2023-03-21T00:06:13.648+0000] {logging_mixin.py:137} INFO - Bucket name is  <Bucket: dtc_data_lake_dtc-de-course-375420>
[2023-03-21T00:06:13.648+0000] {project_master_dags.py:70} INFO - Uploading: Chicago_Crimes_2001.csv
[2023-03-21T00:06:18.459+0000] {project_master_dags.py:75} INFO - Chicago_Crimes_2001.csv uploaded to GCS bucket
[2023-03-21T00:06:18.460+0000] {project_master_dags.py:70} INFO - Uploading: Chicago_Crimes_2002.csv
[2023-03-21T00:06:21.325+0000] {project_master_dags.py:75} INFO - Chicago_Crimes_2002.csv uploaded to GCS bucket
[2023-03-21T00:06:21.326+0000] {project_master_dags.py:78} INFO - Removing downloaded files
[2023-03-21T00:06:21.327+0000] {python.py:177} INFO - Done. Returned value was: None
[2023-03-21T00:06:21.357+0000] {taskinstance.py:1326} INFO - Marking task as SUCCESS. dag_id=project_masterdag, task_id=local_to_gcs_task, execution_date=20230319T235630, start_date=20230321T000611, end_date=20230321T000621
[2023-03-21T00:06:21.446+0000] {local_task_job.py:212} INFO - Task exited with return code 0
[2023-03-21T00:06:21.495+0000] {taskinstance.py:2585} INFO - 0 downstream tasks scheduled from follow-on schedule check
