[2023-03-21T00:50:33.648+0000] {taskinstance.py:1084} INFO - Dependencies all met for dep_context=non-requeueable deps ti=<TaskInstance: project_masterdag.spark_processing manual__2023-03-21T00:43:30.185105+00:00 [queued]>
[2023-03-21T00:50:33.709+0000] {taskinstance.py:1084} INFO - Dependencies all met for dep_context=requeueable deps ti=<TaskInstance: project_masterdag.spark_processing manual__2023-03-21T00:43:30.185105+00:00 [queued]>
[2023-03-21T00:50:33.710+0000] {taskinstance.py:1282} INFO - 
--------------------------------------------------------------------------------
[2023-03-21T00:50:33.711+0000] {taskinstance.py:1283} INFO - Starting attempt 1 of 2
[2023-03-21T00:50:33.711+0000] {taskinstance.py:1284} INFO - 
--------------------------------------------------------------------------------
[2023-03-21T00:50:33.807+0000] {taskinstance.py:1303} INFO - Executing <Task(DataprocSubmitJobOperator): spark_processing> on 2023-03-21 00:43:30.185105+00:00
[2023-03-21T00:50:33.846+0000] {standard_task_runner.py:55} INFO - Started process 6050 to run task
[2023-03-21T00:50:33.870+0000] {standard_task_runner.py:82} INFO - Running: ['***', 'tasks', 'run', 'project_masterdag', 'spark_processing', 'manual__2023-03-21T00:43:30.185105+00:00', '--job-id', '279', '--raw', '--subdir', 'DAGS_FOLDER/project_master_dags.py', '--cfg-path', '/tmp/tmp4dna4ngn']
[2023-03-21T00:50:33.894+0000] {standard_task_runner.py:83} INFO - Job 279: Subtask spark_processing
[2023-03-21T00:50:33.953+0000] {warnings.py:110} WARNING - /home/***/.local/lib/python3.7/site-packages/***/settings.py:250: DeprecationWarning: The sql_alchemy_conn option in [core] has been moved to the sql_alchemy_conn option in [database] - the old setting has been used, but please update your config.
  SQL_ALCHEMY_CONN = conf.get("database", "SQL_ALCHEMY_CONN")

[2023-03-21T00:50:34.335+0000] {task_command.py:388} INFO - Running <TaskInstance: project_masterdag.spark_processing manual__2023-03-21T00:43:30.185105+00:00 [running]> on host 796cac132c25
[2023-03-21T00:50:34.985+0000] {taskinstance.py:1511} INFO - Exporting the following env vars:
AIRFLOW_CTX_DAG_OWNER=***
AIRFLOW_CTX_DAG_ID=project_masterdag
AIRFLOW_CTX_TASK_ID=spark_processing
AIRFLOW_CTX_EXECUTION_DATE=2023-03-21T00:43:30.185105+00:00
AIRFLOW_CTX_TRY_NUMBER=1
AIRFLOW_CTX_DAG_RUN_ID=manual__2023-03-21T00:43:30.185105+00:00
[2023-03-21T00:50:34.989+0000] {dataproc.py:1985} INFO - Submitting job
[2023-03-21T00:50:34.991+0000] {base.py:73} INFO - Using connection ID 'google_cloud_default' for task execution.
[2023-03-21T00:50:35.438+0000] {dataproc.py:1997} INFO - Job transform_bq_data submitted successfully.
[2023-03-21T00:50:35.508+0000] {dataproc.py:2017} INFO - Waiting for job transform_bq_data to complete
[2023-03-21T00:51:05.835+0000] {taskinstance.py:1775} ERROR - Task failed with exception
Traceback (most recent call last):
  File "/home/airflow/.local/lib/python3.7/site-packages/airflow/providers/google/cloud/operators/dataproc.py", line 2019, in execute
    job_id=new_job_id, region=self.region, project_id=self.project_id, timeout=self.wait_timeout
  File "/home/airflow/.local/lib/python3.7/site-packages/airflow/providers/google/common/hooks/base_google.py", line 468, in inner_wrapper
    return func(self, *args, **kwargs)
  File "/home/airflow/.local/lib/python3.7/site-packages/airflow/providers/google/cloud/hooks/dataproc.py", line 723, in wait_for_job
    raise AirflowException(f"Job failed:\n{job}")
airflow.exceptions.AirflowException: Job failed:
reference {
  project_id: "dtc-de-course-375420"
  job_id: "transform_bq_data"
}
placement {
  cluster_name: "my-dataproc-cluster"
  cluster_uuid: "207a31ef-149e-4ff8-b876-fbc74101cb6f"
}
pyspark_job {
  main_python_file_uri: "gs://dtc_data_lake_dtc-de-course-375420/spark_job.py"
  args: "--input_table"
  args: "dtc-de-course-375420.chicago_crime_all.et_chicago_crimes"
  args: "--output_table_crime"
  args: "chicago_crime_all.CRIME_TYPE_COUNT"
  args: "--output_table_daily"
  args: "chicago_crime_all.CRIMES_DAILY"
  jar_file_uris: "gs://spark-lib/bigquery/spark-bigquery-with-dependencies_2.12-0.29.0.jar"
}
status {
  state: ERROR
  details: "Google Cloud Dataproc Agent reports job failure. If logs are available, they can be found at:\nhttps://console.cloud.google.com/dataproc/jobs/transform_bq_data?project=dtc-de-course-375420&region=europe-west6\ngcloud dataproc jobs wait \'transform_bq_data\' --region \'europe-west6\' --project \'dtc-de-course-375420\'\nhttps://console.cloud.google.com/storage/browser/dataproc-staging-europe-west6-192108012555-yegdrxcc/google-cloud-dataproc-metainfo/207a31ef-149e-4ff8-b876-fbc74101cb6f/jobs/transform_bq_data/\ngs://dataproc-staging-europe-west6-192108012555-yegdrxcc/google-cloud-dataproc-metainfo/207a31ef-149e-4ff8-b876-fbc74101cb6f/jobs/transform_bq_data/driveroutput"
  state_start_time {
    seconds: 1679359861
    nanos: 950398000
  }
}
status_history {
  state: PENDING
  state_start_time {
    seconds: 1679359835
    nanos: 414903000
  }
}
status_history {
  state: SETUP_DONE
  state_start_time {
    seconds: 1679359835
    nanos: 451862000
  }
}
status_history {
  state: RUNNING
  state_start_time {
    seconds: 1679359835
    nanos: 879653000
  }
}
driver_control_files_uri: "gs://dataproc-staging-europe-west6-192108012555-yegdrxcc/google-cloud-dataproc-metainfo/207a31ef-149e-4ff8-b876-fbc74101cb6f/jobs/transform_bq_data/"
driver_output_resource_uri: "gs://dataproc-staging-europe-west6-192108012555-yegdrxcc/google-cloud-dataproc-metainfo/207a31ef-149e-4ff8-b876-fbc74101cb6f/jobs/transform_bq_data/driveroutput"
job_uuid: "6b5315e4-4282-4253-b780-706a4c82f00d"
done: true

[2023-03-21T00:51:05.861+0000] {taskinstance.py:1326} INFO - Marking task as UP_FOR_RETRY. dag_id=project_masterdag, task_id=spark_processing, execution_date=20230321T004330, start_date=20230321T005033, end_date=20230321T005105
[2023-03-21T00:51:05.906+0000] {standard_task_runner.py:105} ERROR - Failed to execute job 279 for task spark_processing (Job failed:
reference {
  project_id: "dtc-de-course-375420"
  job_id: "transform_bq_data"
}
placement {
  cluster_name: "my-dataproc-cluster"
  cluster_uuid: "207a31ef-149e-4ff8-b876-fbc74101cb6f"
}
pyspark_job {
  main_python_file_uri: "gs://dtc_data_lake_dtc-de-course-375420/spark_job.py"
  args: "--input_table"
  args: "dtc-de-course-375420.chicago_crime_all.et_chicago_crimes"
  args: "--output_table_crime"
  args: "chicago_crime_all.CRIME_TYPE_COUNT"
  args: "--output_table_daily"
  args: "chicago_crime_all.CRIMES_DAILY"
  jar_file_uris: "gs://spark-lib/bigquery/spark-bigquery-with-dependencies_2.12-0.29.0.jar"
}
status {
  state: ERROR
  details: "Google Cloud Dataproc Agent reports job failure. If logs are available, they can be found at:\nhttps://console.cloud.google.com/dataproc/jobs/transform_bq_data?project=dtc-de-course-375420&region=europe-west6\ngcloud dataproc jobs wait \'transform_bq_data\' --region \'europe-west6\' --project \'dtc-de-course-375420\'\nhttps://console.cloud.google.com/storage/browser/dataproc-staging-europe-west6-192108012555-yegdrxcc/google-cloud-dataproc-metainfo/207a31ef-149e-4ff8-b876-fbc74101cb6f/jobs/transform_bq_data/\ngs://dataproc-staging-europe-west6-192108012555-yegdrxcc/google-cloud-dataproc-metainfo/207a31ef-149e-4ff8-b876-fbc74101cb6f/jobs/transform_bq_data/driveroutput"
  state_start_time {
    seconds: 1679359861
    nanos: 950398000
  }
}
status_history {
  state: PENDING
  state_start_time {
    seconds: 1679359835
    nanos: 414903000
  }
}
status_history {
  state: SETUP_DONE
  state_start_time {
    seconds: 1679359835
    nanos: 451862000
  }
}
status_history {
  state: RUNNING
  state_start_time {
    seconds: 1679359835
    nanos: 879653000
  }
}
driver_control_files_uri: "gs://dataproc-staging-europe-west6-192108012555-yegdrxcc/google-cloud-dataproc-metainfo/207a31ef-149e-4ff8-b876-fbc74101cb6f/jobs/transform_bq_data/"
driver_output_resource_uri: "gs://dataproc-staging-europe-west6-192108012555-yegdrxcc/google-cloud-dataproc-metainfo/207a31ef-149e-4ff8-b876-fbc74101cb6f/jobs/transform_bq_data/driveroutput"
job_uuid: "6b5315e4-4282-4253-b780-706a4c82f00d"
done: true
; 6050)
[2023-03-21T00:51:05.966+0000] {local_task_job.py:212} INFO - Task exited with return code 1
