[2023-03-15T22:15:45.937+0000] {taskinstance.py:1084} INFO - Dependencies all met for dep_context=non-requeueable deps ti=<TaskInstance: project_gcs_to_bq.gcs_to_bq manual__2023-03-15T22:15:43.432773+00:00 [queued]>
[2023-03-15T22:15:45.951+0000] {taskinstance.py:1084} INFO - Dependencies all met for dep_context=requeueable deps ti=<TaskInstance: project_gcs_to_bq.gcs_to_bq manual__2023-03-15T22:15:43.432773+00:00 [queued]>
[2023-03-15T22:15:45.952+0000] {taskinstance.py:1282} INFO - 
--------------------------------------------------------------------------------
[2023-03-15T22:15:45.952+0000] {taskinstance.py:1283} INFO - Starting attempt 1 of 2
[2023-03-15T22:15:45.952+0000] {taskinstance.py:1284} INFO - 
--------------------------------------------------------------------------------
[2023-03-15T22:15:45.975+0000] {taskinstance.py:1303} INFO - Executing <Task(GCSToBigQueryOperator): gcs_to_bq> on 2023-03-15 22:15:43.432773+00:00
[2023-03-15T22:15:45.984+0000] {standard_task_runner.py:55} INFO - Started process 16975 to run task
[2023-03-15T22:15:45.990+0000] {standard_task_runner.py:82} INFO - Running: ['***', 'tasks', 'run', 'project_gcs_to_bq', 'gcs_to_bq', 'manual__2023-03-15T22:15:43.432773+00:00', '--job-id', '39', '--raw', '--subdir', 'DAGS_FOLDER/p_gcs_to_bq.py', '--cfg-path', '/tmp/tmprplsesaj']
[2023-03-15T22:15:45.993+0000] {standard_task_runner.py:83} INFO - Job 39: Subtask gcs_to_bq
[2023-03-15T22:15:46.015+0000] {warnings.py:110} WARNING - /home/***/.local/lib/python3.7/site-packages/***/settings.py:250: DeprecationWarning: The sql_alchemy_conn option in [core] has been moved to the sql_alchemy_conn option in [database] - the old setting has been used, but please update your config.
  SQL_ALCHEMY_CONN = conf.get("database", "SQL_ALCHEMY_CONN")

[2023-03-15T22:15:46.105+0000] {task_command.py:388} INFO - Running <TaskInstance: project_gcs_to_bq.gcs_to_bq manual__2023-03-15T22:15:43.432773+00:00 [running]> on host 8d6d3f05a6c2
[2023-03-15T22:15:46.226+0000] {taskinstance.py:1511} INFO - Exporting the following env vars:
AIRFLOW_CTX_DAG_OWNER=***
AIRFLOW_CTX_DAG_ID=project_gcs_to_bq
AIRFLOW_CTX_TASK_ID=gcs_to_bq
AIRFLOW_CTX_EXECUTION_DATE=2023-03-15T22:15:43.432773+00:00
AIRFLOW_CTX_TRY_NUMBER=1
AIRFLOW_CTX_DAG_RUN_ID=manual__2023-03-15T22:15:43.432773+00:00
[2023-03-15T22:15:46.228+0000] {crypto.py:83} WARNING - empty cryptography key - values will not be stored encrypted.
[2023-03-15T22:15:46.228+0000] {base.py:73} INFO - Using connection ID 'google_cloud_default' for task execution.
[2023-03-15T22:15:46.229+0000] {gcs_to_bigquery.py:382} INFO - Using existing BigQuery table for storing data...
[2023-03-15T22:15:46.286+0000] {gcs_to_bigquery.py:386} INFO - Executing: {'load': {'autodetect': True, 'createDisposition': 'CREATE_IF_NEEDED', 'destinationTable': {'projectId': 'dtc-de-course-375420', 'datasetId': 'chicago_crime_all', 'tableId': 'et_chicago_crimes'}, 'sourceFormat': 'CSV', 'sourceUris': ['gs://dtc_data_lake_dtc-de-course-375420/project/*.csv'], 'writeDisposition': 'WRITE_TRUNCATE', 'ignoreUnknownValues': False, 'schema': {'fields': [{'name': 'ID', 'type': 'INTEGER', 'mode': 'NULLABLE'}, {'name': 'Case_Number', 'type': 'STRING', 'mode': 'NULLABLE'}, {'name': 'Date', 'type': 'STRING', 'mode': 'NULLABLE'}, {'name': 'Block', 'type': 'STRING', 'mode': 'NULLABLE'}, {'name': 'IUCR', 'type': 'STRING', 'mode': 'NULLABLE'}, {'name': 'Primary_Type', 'type': 'STRING', 'mode': 'NULLABLE'}, {'name': 'Description', 'type': 'STRING', 'mode': 'NULLABLE'}, {'name': 'Location_Description', 'type': 'STRING', 'mode': 'NULLABLE'}, {'name': 'Arrest', 'type': 'STRING', 'mode': 'NULLABLE'}, {'name': 'Domestic', 'type': 'STRING', 'mode': 'NULLABLE'}, {'name': 'Beat', 'type': 'STRING', 'mode': 'NULLABLE'}, {'name': 'District', 'type': 'STRING', 'mode': 'NULLABLE'}, {'name': 'Ward', 'type': 'STRING', 'mode': 'NULLABLE'}, {'name': 'Community_Area', 'type': 'STRING', 'mode': 'NULLABLE'}, {'name': 'FBI_Code', 'type': 'STRING', 'mode': 'NULLABLE'}, {'name': 'X_Coordinate', 'type': 'STRING', 'mode': 'NULLABLE'}, {'name': 'Y_Coordinate', 'type': 'STRING', 'mode': 'NULLABLE'}, {'name': 'Year', 'type': 'INTEGER', 'mode': 'NULLABLE'}, {'name': 'Updated_On', 'type': 'STRING', 'mode': 'NULLABLE'}, {'name': 'Latitude', 'type': 'FLOAT', 'mode': 'NULLABLE'}, {'name': 'Longitude', 'type': 'FLOAT', 'mode': 'NULLABLE'}, {'name': 'Location', 'type': 'STRING', 'mode': 'NULLABLE'}]}, 'skipLeadingRows': None, 'fieldDelimiter': ',', 'quote': '"', 'allowQuotedNewlines': False, 'encoding': 'UTF-8'}}
[2023-03-15T22:15:46.288+0000] {bigquery.py:1546} INFO - Inserting job ***_project_gcs_to_bq_gcs_to_bq_2023_03_15T22_15_43_432773_00_00_84aeb5248a5ad064d8035805b8c07a9f
[2023-03-15T22:16:03.100+0000] {taskinstance.py:1326} INFO - Marking task as SUCCESS. dag_id=project_gcs_to_bq, task_id=gcs_to_bq, execution_date=20230315T221543, start_date=20230315T221545, end_date=20230315T221603
[2023-03-15T22:16:03.156+0000] {local_task_job.py:212} INFO - Task exited with return code 0
[2023-03-15T22:16:03.182+0000] {taskinstance.py:2585} INFO - 0 downstream tasks scheduled from follow-on schedule check
