[2023-03-21T14:29:55.248+0000] {taskinstance.py:1084} INFO - Dependencies all met for dep_context=non-requeueable deps ti=<TaskInstance: project_masterdag.delete_gcs_files manual__2023-03-21T14:00:00.595190+00:00 [queued]>
[2023-03-21T14:29:55.270+0000] {taskinstance.py:1084} INFO - Dependencies all met for dep_context=requeueable deps ti=<TaskInstance: project_masterdag.delete_gcs_files manual__2023-03-21T14:00:00.595190+00:00 [queued]>
[2023-03-21T14:29:55.271+0000] {taskinstance.py:1282} INFO - 
--------------------------------------------------------------------------------
[2023-03-21T14:29:55.271+0000] {taskinstance.py:1283} INFO - Starting attempt 2 of 3
[2023-03-21T14:29:55.272+0000] {taskinstance.py:1284} INFO - 
--------------------------------------------------------------------------------
[2023-03-21T14:29:55.312+0000] {taskinstance.py:1303} INFO - Executing <Task(GCSDeleteObjectsOperator): delete_gcs_files> on 2023-03-21 14:00:00.595190+00:00
[2023-03-21T14:29:55.338+0000] {standard_task_runner.py:55} INFO - Started process 40748 to run task
[2023-03-21T14:29:55.346+0000] {standard_task_runner.py:82} INFO - Running: ['***', 'tasks', 'run', 'project_masterdag', 'delete_gcs_files', 'manual__2023-03-21T14:00:00.595190+00:00', '--job-id', '354', '--raw', '--subdir', 'DAGS_FOLDER/project_master_dags.py', '--cfg-path', '/tmp/tmp3i9yvhrw']
[2023-03-21T14:29:55.363+0000] {standard_task_runner.py:83} INFO - Job 354: Subtask delete_gcs_files
[2023-03-21T14:29:55.417+0000] {warnings.py:110} WARNING - /home/***/.local/lib/python3.7/site-packages/***/settings.py:250: DeprecationWarning: The sql_alchemy_conn option in [core] has been moved to the sql_alchemy_conn option in [database] - the old setting has been used, but please update your config.
  SQL_ALCHEMY_CONN = conf.get("database", "SQL_ALCHEMY_CONN")

[2023-03-21T14:29:55.637+0000] {task_command.py:388} INFO - Running <TaskInstance: project_masterdag.delete_gcs_files manual__2023-03-21T14:00:00.595190+00:00 [running]> on host 796cac132c25
[2023-03-21T14:29:55.923+0000] {taskinstance.py:1511} INFO - Exporting the following env vars:
AIRFLOW_CTX_DAG_OWNER=***
AIRFLOW_CTX_DAG_ID=project_masterdag
AIRFLOW_CTX_TASK_ID=delete_gcs_files
AIRFLOW_CTX_EXECUTION_DATE=2023-03-21T14:00:00.595190+00:00
AIRFLOW_CTX_TRY_NUMBER=2
AIRFLOW_CTX_DAG_RUN_ID=manual__2023-03-21T14:00:00.595190+00:00
[2023-03-21T14:29:55.927+0000] {base.py:73} INFO - Using connection ID 'google_cloud_default' for task execution.
[2023-03-21T14:29:56.237+0000] {gcs.py:342} INFO - Deleting 22 objects from dtc_data_lake_dtc-de-course-375420
[2023-03-21T14:29:56.271+0000] {gcs.py:679} INFO - Blob project/Chicago_Crimes_2001.csv deleted.
[2023-03-21T14:29:56.300+0000] {gcs.py:679} INFO - Blob project/Chicago_Crimes_2002.csv deleted.
[2023-03-21T14:29:56.325+0000] {gcs.py:679} INFO - Blob project/Chicago_Crimes_2003.csv deleted.
[2023-03-21T14:29:56.350+0000] {gcs.py:679} INFO - Blob project/Chicago_Crimes_2004.csv deleted.
[2023-03-21T14:29:56.377+0000] {gcs.py:679} INFO - Blob project/Chicago_Crimes_2005.csv deleted.
[2023-03-21T14:29:56.405+0000] {gcs.py:679} INFO - Blob project/Chicago_Crimes_2006.csv deleted.
[2023-03-21T14:29:56.438+0000] {gcs.py:679} INFO - Blob project/Chicago_Crimes_2007.csv deleted.
[2023-03-21T14:29:56.462+0000] {gcs.py:679} INFO - Blob project/Chicago_Crimes_2008.csv deleted.
[2023-03-21T14:29:56.489+0000] {gcs.py:679} INFO - Blob project/Chicago_Crimes_2009.csv deleted.
[2023-03-21T14:29:56.515+0000] {gcs.py:679} INFO - Blob project/Chicago_Crimes_2010.csv deleted.
[2023-03-21T14:29:56.542+0000] {gcs.py:679} INFO - Blob project/Chicago_Crimes_2011.csv deleted.
[2023-03-21T14:29:56.569+0000] {gcs.py:679} INFO - Blob project/Chicago_Crimes_2012.csv deleted.
[2023-03-21T14:29:56.591+0000] {gcs.py:679} INFO - Blob project/Chicago_Crimes_2013.csv deleted.
[2023-03-21T14:29:56.615+0000] {gcs.py:679} INFO - Blob project/Chicago_Crimes_2014.csv deleted.
[2023-03-21T14:29:56.641+0000] {gcs.py:679} INFO - Blob project/Chicago_Crimes_2015.csv deleted.
[2023-03-21T14:29:56.666+0000] {gcs.py:679} INFO - Blob project/Chicago_Crimes_2016.csv deleted.
[2023-03-21T14:29:56.692+0000] {gcs.py:679} INFO - Blob project/Chicago_Crimes_2017.csv deleted.
[2023-03-21T14:29:56.724+0000] {gcs.py:679} INFO - Blob project/Chicago_Crimes_2018.csv deleted.
[2023-03-21T14:29:56.753+0000] {gcs.py:679} INFO - Blob project/Chicago_Crimes_2019.csv deleted.
[2023-03-21T14:29:56.780+0000] {gcs.py:679} INFO - Blob project/Chicago_Crimes_2020.csv deleted.
[2023-03-21T14:29:56.803+0000] {gcs.py:679} INFO - Blob project/Chicago_Crimes_2021.csv deleted.
[2023-03-21T14:29:56.835+0000] {gcs.py:679} INFO - Blob project/Chicago_Crimes_2022.csv deleted.
[2023-03-21T14:29:56.865+0000] {taskinstance.py:1326} INFO - Marking task as SUCCESS. dag_id=project_masterdag, task_id=delete_gcs_files, execution_date=20230321T140000, start_date=20230321T142955, end_date=20230321T142956
[2023-03-21T14:29:56.941+0000] {local_task_job.py:212} INFO - Task exited with return code 0
[2023-03-21T14:29:57.008+0000] {taskinstance.py:2585} INFO - 0 downstream tasks scheduled from follow-on schedule check
