[2023-03-21T15:15:48.516+0000] {taskinstance.py:1084} INFO - Dependencies all met for dep_context=non-requeueable deps ti=<TaskInstance: project_masterdag.delete_gcs_files manual__2023-03-21T14:00:00.595190+00:00 [queued]>
[2023-03-21T15:15:48.558+0000] {taskinstance.py:1084} INFO - Dependencies all met for dep_context=requeueable deps ti=<TaskInstance: project_masterdag.delete_gcs_files manual__2023-03-21T14:00:00.595190+00:00 [queued]>
[2023-03-21T15:15:48.562+0000] {taskinstance.py:1282} INFO - 
--------------------------------------------------------------------------------
[2023-03-21T15:15:48.563+0000] {taskinstance.py:1283} INFO - Starting attempt 3 of 4
[2023-03-21T15:15:48.563+0000] {taskinstance.py:1284} INFO - 
--------------------------------------------------------------------------------
[2023-03-21T15:15:48.661+0000] {taskinstance.py:1303} INFO - Executing <Task(GCSDeleteObjectsOperator): delete_gcs_files> on 2023-03-21 14:00:00.595190+00:00
[2023-03-21T15:15:48.694+0000] {standard_task_runner.py:55} INFO - Started process 42737 to run task
[2023-03-21T15:15:48.716+0000] {standard_task_runner.py:82} INFO - Running: ['***', 'tasks', 'run', 'project_masterdag', 'delete_gcs_files', 'manual__2023-03-21T14:00:00.595190+00:00', '--job-id', '362', '--raw', '--subdir', 'DAGS_FOLDER/project_master_dags.py', '--cfg-path', '/tmp/tmpdcky2dtz']
[2023-03-21T15:15:48.726+0000] {standard_task_runner.py:83} INFO - Job 362: Subtask delete_gcs_files
[2023-03-21T15:15:48.765+0000] {warnings.py:110} WARNING - /home/***/.local/lib/python3.7/site-packages/***/settings.py:250: DeprecationWarning: The sql_alchemy_conn option in [core] has been moved to the sql_alchemy_conn option in [database] - the old setting has been used, but please update your config.
  SQL_ALCHEMY_CONN = conf.get("database", "SQL_ALCHEMY_CONN")

[2023-03-21T15:15:48.936+0000] {task_command.py:388} INFO - Running <TaskInstance: project_masterdag.delete_gcs_files manual__2023-03-21T14:00:00.595190+00:00 [running]> on host 796cac132c25
[2023-03-21T15:15:49.193+0000] {taskinstance.py:1511} INFO - Exporting the following env vars:
AIRFLOW_CTX_DAG_OWNER=***
AIRFLOW_CTX_DAG_ID=project_masterdag
AIRFLOW_CTX_TASK_ID=delete_gcs_files
AIRFLOW_CTX_EXECUTION_DATE=2023-03-21T14:00:00.595190+00:00
AIRFLOW_CTX_TRY_NUMBER=3
AIRFLOW_CTX_DAG_RUN_ID=manual__2023-03-21T14:00:00.595190+00:00
[2023-03-21T15:15:49.197+0000] {base.py:73} INFO - Using connection ID 'google_cloud_default' for task execution.
[2023-03-21T15:15:49.568+0000] {gcs.py:342} INFO - Deleting 22 objects from dtc_data_lake_dtc-de-course-375420
[2023-03-21T15:15:49.599+0000] {gcs.py:679} INFO - Blob project/Chicago_Crimes_2001.csv deleted.
[2023-03-21T15:15:49.627+0000] {gcs.py:679} INFO - Blob project/Chicago_Crimes_2002.csv deleted.
[2023-03-21T15:15:49.653+0000] {gcs.py:679} INFO - Blob project/Chicago_Crimes_2003.csv deleted.
[2023-03-21T15:15:49.681+0000] {gcs.py:679} INFO - Blob project/Chicago_Crimes_2004.csv deleted.
[2023-03-21T15:15:49.708+0000] {gcs.py:679} INFO - Blob project/Chicago_Crimes_2005.csv deleted.
[2023-03-21T15:15:49.732+0000] {gcs.py:679} INFO - Blob project/Chicago_Crimes_2006.csv deleted.
[2023-03-21T15:15:49.755+0000] {gcs.py:679} INFO - Blob project/Chicago_Crimes_2007.csv deleted.
[2023-03-21T15:15:49.781+0000] {gcs.py:679} INFO - Blob project/Chicago_Crimes_2008.csv deleted.
[2023-03-21T15:15:49.813+0000] {gcs.py:679} INFO - Blob project/Chicago_Crimes_2009.csv deleted.
[2023-03-21T15:15:49.844+0000] {gcs.py:679} INFO - Blob project/Chicago_Crimes_2010.csv deleted.
[2023-03-21T15:15:49.873+0000] {gcs.py:679} INFO - Blob project/Chicago_Crimes_2011.csv deleted.
[2023-03-21T15:15:49.899+0000] {gcs.py:679} INFO - Blob project/Chicago_Crimes_2012.csv deleted.
[2023-03-21T15:15:49.923+0000] {gcs.py:679} INFO - Blob project/Chicago_Crimes_2013.csv deleted.
[2023-03-21T15:15:49.947+0000] {gcs.py:679} INFO - Blob project/Chicago_Crimes_2014.csv deleted.
[2023-03-21T15:15:49.973+0000] {gcs.py:679} INFO - Blob project/Chicago_Crimes_2015.csv deleted.
[2023-03-21T15:15:49.994+0000] {gcs.py:679} INFO - Blob project/Chicago_Crimes_2016.csv deleted.
[2023-03-21T15:15:50.021+0000] {gcs.py:679} INFO - Blob project/Chicago_Crimes_2017.csv deleted.
[2023-03-21T15:15:50.045+0000] {gcs.py:679} INFO - Blob project/Chicago_Crimes_2018.csv deleted.
[2023-03-21T15:15:50.072+0000] {gcs.py:679} INFO - Blob project/Chicago_Crimes_2019.csv deleted.
[2023-03-21T15:15:50.098+0000] {gcs.py:679} INFO - Blob project/Chicago_Crimes_2020.csv deleted.
[2023-03-21T15:15:50.123+0000] {gcs.py:679} INFO - Blob project/Chicago_Crimes_2021.csv deleted.
[2023-03-21T15:15:50.155+0000] {gcs.py:679} INFO - Blob project/Chicago_Crimes_2022.csv deleted.
[2023-03-21T15:15:50.259+0000] {taskinstance.py:1326} INFO - Marking task as SUCCESS. dag_id=project_masterdag, task_id=delete_gcs_files, execution_date=20230321T140000, start_date=20230321T151548, end_date=20230321T151550
[2023-03-21T15:15:50.453+0000] {local_task_job.py:212} INFO - Task exited with return code 0
[2023-03-21T15:15:50.526+0000] {taskinstance.py:2585} INFO - 0 downstream tasks scheduled from follow-on schedule check
