[2023-03-21T13:28:50.863+0000] {taskinstance.py:1084} INFO - Dependencies all met for dep_context=non-requeueable deps ti=<TaskInstance: project_masterdag.download_dataset_task manual__2023-03-21T12:29:29.795825+00:00 [queued]>
[2023-03-21T13:28:50.894+0000] {taskinstance.py:1084} INFO - Dependencies all met for dep_context=requeueable deps ti=<TaskInstance: project_masterdag.download_dataset_task manual__2023-03-21T12:29:29.795825+00:00 [queued]>
[2023-03-21T13:28:50.894+0000] {taskinstance.py:1282} INFO - 
--------------------------------------------------------------------------------
[2023-03-21T13:28:50.895+0000] {taskinstance.py:1283} INFO - Starting attempt 4 of 5
[2023-03-21T13:28:50.895+0000] {taskinstance.py:1284} INFO - 
--------------------------------------------------------------------------------
[2023-03-21T13:28:50.944+0000] {taskinstance.py:1303} INFO - Executing <Task(PythonOperator): download_dataset_task> on 2023-03-21 12:29:29.795825+00:00
[2023-03-21T13:28:50.956+0000] {standard_task_runner.py:55} INFO - Started process 37791 to run task
[2023-03-21T13:28:50.975+0000] {standard_task_runner.py:82} INFO - Running: ['***', 'tasks', 'run', 'project_masterdag', 'download_dataset_task', 'manual__2023-03-21T12:29:29.795825+00:00', '--job-id', '325', '--raw', '--subdir', 'DAGS_FOLDER/project_master_dags.py', '--cfg-path', '/tmp/tmpymgfq5bf']
[2023-03-21T13:28:50.989+0000] {standard_task_runner.py:83} INFO - Job 325: Subtask download_dataset_task
[2023-03-21T13:28:51.038+0000] {warnings.py:110} WARNING - /home/***/.local/lib/python3.7/site-packages/***/settings.py:250: DeprecationWarning: The sql_alchemy_conn option in [core] has been moved to the sql_alchemy_conn option in [database] - the old setting has been used, but please update your config.
  SQL_ALCHEMY_CONN = conf.get("database", "SQL_ALCHEMY_CONN")

[2023-03-21T13:28:51.198+0000] {task_command.py:388} INFO - Running <TaskInstance: project_masterdag.download_dataset_task manual__2023-03-21T12:29:29.795825+00:00 [running]> on host 796cac132c25
[2023-03-21T13:28:51.430+0000] {taskinstance.py:1511} INFO - Exporting the following env vars:
AIRFLOW_CTX_DAG_OWNER=***
AIRFLOW_CTX_DAG_ID=project_masterdag
AIRFLOW_CTX_TASK_ID=download_dataset_task
AIRFLOW_CTX_EXECUTION_DATE=2023-03-21T12:29:29.795825+00:00
AIRFLOW_CTX_TRY_NUMBER=4
AIRFLOW_CTX_DAG_RUN_ID=manual__2023-03-21T12:29:29.795825+00:00
[2023-03-21T13:28:51.436+0000] {logging_mixin.py:137} INFO - Warning: Your Kaggle API key is readable by other users on this system! To fix this, you can run 'chmod 600 /home/***/.kaggle/kaggle.json'
[2023-03-21T13:28:51.438+0000] {logging_mixin.py:137} INFO - file path is /opt/***
[2023-03-21T13:28:51.438+0000] {project_master_dags.py:50} INFO - Downloading files...
[2023-03-21T13:31:02.706+0000] {project_master_dags.py:52} INFO - Downloading completed!
[2023-03-21T13:31:02.726+0000] {python.py:177} INFO - Done. Returned value was: None
[2023-03-21T13:31:02.783+0000] {taskinstance.py:1326} INFO - Marking task as SUCCESS. dag_id=project_masterdag, task_id=download_dataset_task, execution_date=20230321T122929, start_date=20230321T132850, end_date=20230321T133102
[2023-03-21T13:31:02.870+0000] {local_task_job.py:212} INFO - Task exited with return code 0
