[2023-03-21T00:29:27.267+0000] {taskinstance.py:1084} INFO - Dependencies all met for dep_context=non-requeueable deps ti=<TaskInstance: project_masterdag.execute_sql_file manual__2023-03-21T00:26:49.144615+00:00 [queued]>
[2023-03-21T00:29:27.281+0000] {taskinstance.py:1084} INFO - Dependencies all met for dep_context=requeueable deps ti=<TaskInstance: project_masterdag.execute_sql_file manual__2023-03-21T00:26:49.144615+00:00 [queued]>
[2023-03-21T00:29:27.282+0000] {taskinstance.py:1282} INFO - 
--------------------------------------------------------------------------------
[2023-03-21T00:29:27.282+0000] {taskinstance.py:1283} INFO - Starting attempt 1 of 2
[2023-03-21T00:29:27.282+0000] {taskinstance.py:1284} INFO - 
--------------------------------------------------------------------------------
[2023-03-21T00:29:27.301+0000] {taskinstance.py:1303} INFO - Executing <Task(BigQueryInsertJobOperator): execute_sql_file> on 2023-03-21 00:26:49.144615+00:00
[2023-03-21T00:29:27.312+0000] {standard_task_runner.py:55} INFO - Started process 5124 to run task
[2023-03-21T00:29:27.320+0000] {standard_task_runner.py:82} INFO - Running: ['***', 'tasks', 'run', 'project_masterdag', 'execute_sql_file', 'manual__2023-03-21T00:26:49.144615+00:00', '--job-id', '273', '--raw', '--subdir', 'DAGS_FOLDER/project_master_dags.py', '--cfg-path', '/tmp/tmprnf9c_g7']
[2023-03-21T00:29:27.323+0000] {standard_task_runner.py:83} INFO - Job 273: Subtask execute_sql_file
[2023-03-21T00:29:27.345+0000] {warnings.py:110} WARNING - /home/***/.local/lib/python3.7/site-packages/***/settings.py:250: DeprecationWarning: The sql_alchemy_conn option in [core] has been moved to the sql_alchemy_conn option in [database] - the old setting has been used, but please update your config.
  SQL_ALCHEMY_CONN = conf.get("database", "SQL_ALCHEMY_CONN")

[2023-03-21T00:29:27.430+0000] {task_command.py:388} INFO - Running <TaskInstance: project_masterdag.execute_sql_file manual__2023-03-21T00:26:49.144615+00:00 [running]> on host 796cac132c25
[2023-03-21T00:29:27.557+0000] {taskinstance.py:1511} INFO - Exporting the following env vars:
AIRFLOW_CTX_DAG_OWNER=***
AIRFLOW_CTX_DAG_ID=project_masterdag
AIRFLOW_CTX_TASK_ID=execute_sql_file
AIRFLOW_CTX_EXECUTION_DATE=2023-03-21T00:26:49.144615+00:00
AIRFLOW_CTX_TRY_NUMBER=1
AIRFLOW_CTX_DAG_RUN_ID=manual__2023-03-21T00:26:49.144615+00:00
[2023-03-21T00:29:27.561+0000] {base.py:73} INFO - Using connection ID 'google_cloud_default' for task execution.
[2023-03-21T00:29:27.562+0000] {bigquery.py:2731} INFO - Executing: {'query': {'query': 'CREATE OR REPLACE TABLE `dtc-de-course-375420.chicago_crime_all.ET_CHICAGO_CRIMES_DATEFORMATTED` AS\nSELECT\n  DATE(PARSE_DATETIME("%m/%d/%Y %I:%M:%S %p", date)) AS New_Date,\n  DATE_TRUNC(DATE(PARSE_DATETIME("%m/%d/%Y %I:%M:%S %p", date)), MONTH) AS Month,*\nFROM\n  dtc-de-course-375420.chicago_crime_all.et_chicago_crimes;\n  \n  \nCREATE OR REPLACE TABLE `dtc-de-course-375420.chicago_crime_all.CHICAGO_CRIMES_PARTITIONED`\nPARTITION BY Month\nAS\nSELECT * FROM `dtc-de-course-375420.chicago_crime_all.ET_CHICAGO_CRIMES_DATEFORMATTED`;', 'useLegacySql': False}}'
[2023-03-21T00:29:27.630+0000] {bigquery.py:1546} INFO - Inserting job ***_project_masterdag_execute_sql_file_2023_03_21T00_26_49_144615_00_00_f1124a3c668a4c932b5ea86355bf39ad
[2023-03-21T00:29:42.393+0000] {taskinstance.py:1326} INFO - Marking task as SUCCESS. dag_id=project_masterdag, task_id=execute_sql_file, execution_date=20230321T002649, start_date=20230321T002927, end_date=20230321T002942
[2023-03-21T00:29:42.480+0000] {local_task_job.py:212} INFO - Task exited with return code 0
[2023-03-21T00:29:42.523+0000] {taskinstance.py:2585} INFO - 0 downstream tasks scheduled from follow-on schedule check
