[2023-03-21T15:14:11.623+0000] {taskinstance.py:1084} INFO - Dependencies all met for dep_context=non-requeueable deps ti=<TaskInstance: project_masterdag.spark_processing manual__2023-03-21T14:00:00.595190+00:00 [queued]>
[2023-03-21T15:14:11.662+0000] {taskinstance.py:1084} INFO - Dependencies all met for dep_context=requeueable deps ti=<TaskInstance: project_masterdag.spark_processing manual__2023-03-21T14:00:00.595190+00:00 [queued]>
[2023-03-21T15:14:11.663+0000] {taskinstance.py:1282} INFO - 
--------------------------------------------------------------------------------
[2023-03-21T15:14:11.663+0000] {taskinstance.py:1283} INFO - Starting attempt 3 of 4
[2023-03-21T15:14:11.663+0000] {taskinstance.py:1284} INFO - 
--------------------------------------------------------------------------------
[2023-03-21T15:14:11.717+0000] {taskinstance.py:1303} INFO - Executing <Task(DataprocSubmitJobOperator): spark_processing> on 2023-03-21 14:00:00.595190+00:00
[2023-03-21T15:14:11.734+0000] {standard_task_runner.py:55} INFO - Started process 42581 to run task
[2023-03-21T15:14:11.752+0000] {standard_task_runner.py:82} INFO - Running: ['***', 'tasks', 'run', 'project_masterdag', 'spark_processing', 'manual__2023-03-21T14:00:00.595190+00:00', '--job-id', '360', '--raw', '--subdir', 'DAGS_FOLDER/project_master_dags.py', '--cfg-path', '/tmp/tmpn57r9gcs']
[2023-03-21T15:14:11.763+0000] {standard_task_runner.py:83} INFO - Job 360: Subtask spark_processing
[2023-03-21T15:14:11.798+0000] {warnings.py:110} WARNING - /home/***/.local/lib/python3.7/site-packages/***/settings.py:250: DeprecationWarning: The sql_alchemy_conn option in [core] has been moved to the sql_alchemy_conn option in [database] - the old setting has been used, but please update your config.
  SQL_ALCHEMY_CONN = conf.get("database", "SQL_ALCHEMY_CONN")

[2023-03-21T15:14:11.991+0000] {task_command.py:388} INFO - Running <TaskInstance: project_masterdag.spark_processing manual__2023-03-21T14:00:00.595190+00:00 [running]> on host 796cac132c25
[2023-03-21T15:14:12.295+0000] {taskinstance.py:1511} INFO - Exporting the following env vars:
AIRFLOW_CTX_DAG_OWNER=***
AIRFLOW_CTX_DAG_ID=project_masterdag
AIRFLOW_CTX_TASK_ID=spark_processing
AIRFLOW_CTX_EXECUTION_DATE=2023-03-21T14:00:00.595190+00:00
AIRFLOW_CTX_TRY_NUMBER=3
AIRFLOW_CTX_DAG_RUN_ID=manual__2023-03-21T14:00:00.595190+00:00
[2023-03-21T15:14:12.297+0000] {dataproc.py:1985} INFO - Submitting job
[2023-03-21T15:14:12.300+0000] {base.py:73} INFO - Using connection ID 'google_cloud_default' for task execution.
[2023-03-21T15:14:12.645+0000] {dataproc.py:1997} INFO - Job 9ff9999a-e272-482d-afe3-ff66998c844e submitted successfully.
[2023-03-21T15:14:12.681+0000] {dataproc.py:2017} INFO - Waiting for job 9ff9999a-e272-482d-afe3-ff66998c844e to complete
[2023-03-21T15:15:43.497+0000] {dataproc.py:2021} INFO - Job 9ff9999a-e272-482d-afe3-ff66998c844e completed successfully.
[2023-03-21T15:15:43.552+0000] {taskinstance.py:1326} INFO - Marking task as SUCCESS. dag_id=project_masterdag, task_id=spark_processing, execution_date=20230321T140000, start_date=20230321T151411, end_date=20230321T151543
[2023-03-21T15:15:43.598+0000] {local_task_job.py:212} INFO - Task exited with return code 0
