[2023-03-21T12:39:15.709+0000] {taskinstance.py:1084} INFO - Dependencies all met for dep_context=non-requeueable deps ti=<TaskInstance: project_masterdag.gcs_to_bq manual__2023-03-21T12:29:29.795825+00:00 [queued]>
[2023-03-21T12:39:15.731+0000] {taskinstance.py:1084} INFO - Dependencies all met for dep_context=requeueable deps ti=<TaskInstance: project_masterdag.gcs_to_bq manual__2023-03-21T12:29:29.795825+00:00 [queued]>
[2023-03-21T12:39:15.732+0000] {taskinstance.py:1282} INFO - 
--------------------------------------------------------------------------------
[2023-03-21T12:39:15.732+0000] {taskinstance.py:1283} INFO - Starting attempt 2 of 3
[2023-03-21T12:39:15.733+0000] {taskinstance.py:1284} INFO - 
--------------------------------------------------------------------------------
[2023-03-21T12:39:15.769+0000] {taskinstance.py:1303} INFO - Executing <Task(GCSToBigQueryOperator): gcs_to_bq> on 2023-03-21 12:29:29.795825+00:00
[2023-03-21T12:39:15.787+0000] {standard_task_runner.py:55} INFO - Started process 35529 to run task
[2023-03-21T12:39:15.803+0000] {standard_task_runner.py:82} INFO - Running: ['***', 'tasks', 'run', 'project_masterdag', 'gcs_to_bq', 'manual__2023-03-21T12:29:29.795825+00:00', '--job-id', '312', '--raw', '--subdir', 'DAGS_FOLDER/project_master_dags.py', '--cfg-path', '/tmp/tmp6mwsw99q']
[2023-03-21T12:39:15.815+0000] {standard_task_runner.py:83} INFO - Job 312: Subtask gcs_to_bq
[2023-03-21T12:39:15.857+0000] {warnings.py:110} WARNING - /home/***/.local/lib/python3.7/site-packages/***/settings.py:250: DeprecationWarning: The sql_alchemy_conn option in [core] has been moved to the sql_alchemy_conn option in [database] - the old setting has been used, but please update your config.
  SQL_ALCHEMY_CONN = conf.get("database", "SQL_ALCHEMY_CONN")

[2023-03-21T12:39:16.023+0000] {task_command.py:388} INFO - Running <TaskInstance: project_masterdag.gcs_to_bq manual__2023-03-21T12:29:29.795825+00:00 [running]> on host 796cac132c25
[2023-03-21T12:39:16.271+0000] {taskinstance.py:1511} INFO - Exporting the following env vars:
AIRFLOW_CTX_DAG_OWNER=***
AIRFLOW_CTX_DAG_ID=project_masterdag
AIRFLOW_CTX_TASK_ID=gcs_to_bq
AIRFLOW_CTX_EXECUTION_DATE=2023-03-21T12:29:29.795825+00:00
AIRFLOW_CTX_TRY_NUMBER=2
AIRFLOW_CTX_DAG_RUN_ID=manual__2023-03-21T12:29:29.795825+00:00
[2023-03-21T12:39:16.274+0000] {base.py:73} INFO - Using connection ID 'google_cloud_default' for task execution.
[2023-03-21T12:39:16.276+0000] {gcs_to_bigquery.py:382} INFO - Using existing BigQuery table for storing data...
[2023-03-21T12:39:16.385+0000] {gcs_to_bigquery.py:386} INFO - Executing: {'load': {'autodetect': True, 'createDisposition': 'CREATE_IF_NEEDED', 'destinationTable': {'projectId': 'dtc-de-course-375420', 'datasetId': 'chicago_crime_all', 'tableId': 'et_chicago_crimes'}, 'sourceFormat': 'CSV', 'sourceUris': ['gs://dtc_data_lake_dtc-de-course-375420/project/*.csv'], 'writeDisposition': 'WRITE_TRUNCATE', 'ignoreUnknownValues': False, 'schema': {'fields': [{'name': 'ID', 'type': 'INTEGER', 'mode': 'NULLABLE'}, {'name': 'Case_Number', 'type': 'STRING', 'mode': 'NULLABLE'}, {'name': 'Date', 'type': 'STRING', 'mode': 'NULLABLE'}, {'name': 'Block', 'type': 'STRING', 'mode': 'NULLABLE'}, {'name': 'IUCR', 'type': 'STRING', 'mode': 'NULLABLE'}, {'name': 'Primary_Type', 'type': 'STRING', 'mode': 'NULLABLE'}, {'name': 'Description', 'type': 'STRING', 'mode': 'NULLABLE'}, {'name': 'Location_Description', 'type': 'STRING', 'mode': 'NULLABLE'}, {'name': 'Arrest', 'type': 'STRING', 'mode': 'NULLABLE'}, {'name': 'Domestic', 'type': 'STRING', 'mode': 'NULLABLE'}, {'name': 'Beat', 'type': 'STRING', 'mode': 'NULLABLE'}, {'name': 'District', 'type': 'STRING', 'mode': 'NULLABLE'}, {'name': 'Ward', 'type': 'STRING', 'mode': 'NULLABLE'}, {'name': 'Community_Area', 'type': 'STRING', 'mode': 'NULLABLE'}, {'name': 'FBI_Code', 'type': 'STRING', 'mode': 'NULLABLE'}, {'name': 'X_Coordinate', 'type': 'STRING', 'mode': 'NULLABLE'}, {'name': 'Y_Coordinate', 'type': 'STRING', 'mode': 'NULLABLE'}, {'name': 'Year', 'type': 'INTEGER', 'mode': 'NULLABLE'}, {'name': 'Updated_On', 'type': 'STRING', 'mode': 'NULLABLE'}, {'name': 'Latitude', 'type': 'FLOAT', 'mode': 'NULLABLE'}, {'name': 'Longitude', 'type': 'FLOAT', 'mode': 'NULLABLE'}, {'name': 'Location', 'type': 'STRING', 'mode': 'NULLABLE'}]}, 'skipLeadingRows': None, 'fieldDelimiter': ',', 'quote': '"', 'allowQuotedNewlines': False, 'encoding': 'UTF-8'}}
[2023-03-21T12:39:16.391+0000] {bigquery.py:1546} INFO - Inserting job ***_project_masterdag_gcs_to_bq_2023_03_21T12_29_29_795825_00_00_506bbcf75598b0e6973e442ebfe5ca79
[2023-03-21T12:39:25.483+0000] {taskinstance.py:1326} INFO - Marking task as SUCCESS. dag_id=project_masterdag, task_id=gcs_to_bq, execution_date=20230321T122929, start_date=20230321T123915, end_date=20230321T123925
[2023-03-21T12:39:25.564+0000] {local_task_job.py:212} INFO - Task exited with return code 0
