[2023-03-18T00:13:45.403+0000] {taskinstance.py:1084} INFO - Dependencies all met for dep_context=non-requeueable deps ti=<TaskInstance: project_data_ingestion_gcs_dag.local_to_gcs_task scheduled__2023-03-16T00:00:00+00:00 [queued]>
[2023-03-18T00:13:45.417+0000] {taskinstance.py:1084} INFO - Dependencies all met for dep_context=requeueable deps ti=<TaskInstance: project_data_ingestion_gcs_dag.local_to_gcs_task scheduled__2023-03-16T00:00:00+00:00 [queued]>
[2023-03-18T00:13:45.418+0000] {taskinstance.py:1282} INFO - 
--------------------------------------------------------------------------------
[2023-03-18T00:13:45.418+0000] {taskinstance.py:1283} INFO - Starting attempt 1 of 2
[2023-03-18T00:13:45.418+0000] {taskinstance.py:1284} INFO - 
--------------------------------------------------------------------------------
[2023-03-18T00:13:45.439+0000] {taskinstance.py:1303} INFO - Executing <Task(PythonOperator): local_to_gcs_task> on 2023-03-16 00:00:00+00:00
[2023-03-18T00:13:45.448+0000] {standard_task_runner.py:55} INFO - Started process 272 to run task
[2023-03-18T00:13:45.455+0000] {standard_task_runner.py:82} INFO - Running: ['***', 'tasks', 'run', 'project_data_ingestion_gcs_dag', 'local_to_gcs_task', 'scheduled__2023-03-16T00:00:00+00:00', '--job-id', '54', '--raw', '--subdir', 'DAGS_FOLDER/p_download_upload.py', '--cfg-path', '/tmp/tmpxch6200w']
[2023-03-18T00:13:45.458+0000] {standard_task_runner.py:83} INFO - Job 54: Subtask local_to_gcs_task
[2023-03-18T00:13:45.479+0000] {warnings.py:110} WARNING - /home/***/.local/lib/python3.7/site-packages/***/settings.py:250: DeprecationWarning: The sql_alchemy_conn option in [core] has been moved to the sql_alchemy_conn option in [database] - the old setting has been used, but please update your config.
  SQL_ALCHEMY_CONN = conf.get("database", "SQL_ALCHEMY_CONN")

[2023-03-18T00:13:45.513+0000] {warnings.py:110} WARNING - /home/***/.local/lib/python3.7/site-packages/***/utils/sqlalchemy.py:124: DeprecationWarning: The sql_alchemy_conn option in [core] has been moved to the sql_alchemy_conn option in [database] - the old setting has been used, but please update your config.
  return not conf.get("database", "sql_alchemy_conn").startswith("mssql")

[2023-03-18T00:13:45.566+0000] {task_command.py:388} INFO - Running <TaskInstance: project_data_ingestion_gcs_dag.local_to_gcs_task scheduled__2023-03-16T00:00:00+00:00 [running]> on host 8d6d3f05a6c2
[2023-03-18T00:13:45.684+0000] {taskinstance.py:1511} INFO - Exporting the following env vars:
AIRFLOW_CTX_DAG_OWNER=***
AIRFLOW_CTX_DAG_ID=project_data_ingestion_gcs_dag
AIRFLOW_CTX_TASK_ID=local_to_gcs_task
AIRFLOW_CTX_EXECUTION_DATE=2023-03-16T00:00:00+00:00
AIRFLOW_CTX_TRY_NUMBER=1
AIRFLOW_CTX_DAG_RUN_ID=scheduled__2023-03-16T00:00:00+00:00
[2023-03-18T00:13:45.799+0000] {logging_mixin.py:137} INFO - Bucket name is  <Bucket: dtc_data_lake_dtc-de-course-375420>
[2023-03-18T00:13:45.799+0000] {p_download_upload.py:66} INFO - Uploading: Chicago_Crimes_2001.csv
[2023-03-18T00:13:48.395+0000] {p_download_upload.py:71} INFO - Chicago_Crimes_2001.csv uploaded to GCS bucket
[2023-03-18T00:13:48.395+0000] {p_download_upload.py:66} INFO - Uploading: Chicago_Crimes_2002.csv
[2023-03-18T00:13:51.481+0000] {p_download_upload.py:71} INFO - Chicago_Crimes_2002.csv uploaded to GCS bucket
[2023-03-18T00:13:51.482+0000] {p_download_upload.py:66} INFO - Uploading: Chicago_Crimes_2003.csv
[2023-03-18T00:13:53.948+0000] {p_download_upload.py:71} INFO - Chicago_Crimes_2003.csv uploaded to GCS bucket
[2023-03-18T00:13:53.949+0000] {p_download_upload.py:66} INFO - Uploading: Chicago_Crimes_2004.csv
[2023-03-18T00:13:56.363+0000] {p_download_upload.py:71} INFO - Chicago_Crimes_2004.csv uploaded to GCS bucket
[2023-03-18T00:13:56.364+0000] {p_download_upload.py:66} INFO - Uploading: Chicago_Crimes_2005.csv
[2023-03-18T00:13:58.987+0000] {p_download_upload.py:71} INFO - Chicago_Crimes_2005.csv uploaded to GCS bucket
[2023-03-18T00:13:58.987+0000] {p_download_upload.py:66} INFO - Uploading: Chicago_Crimes_2006.csv
[2023-03-18T00:14:01.923+0000] {p_download_upload.py:71} INFO - Chicago_Crimes_2006.csv uploaded to GCS bucket
[2023-03-18T00:14:01.924+0000] {p_download_upload.py:66} INFO - Uploading: Chicago_Crimes_2007.csv
[2023-03-18T00:14:04.351+0000] {p_download_upload.py:71} INFO - Chicago_Crimes_2007.csv uploaded to GCS bucket
[2023-03-18T00:14:04.352+0000] {p_download_upload.py:66} INFO - Uploading: Chicago_Crimes_2008.csv
[2023-03-18T00:14:06.808+0000] {p_download_upload.py:71} INFO - Chicago_Crimes_2008.csv uploaded to GCS bucket
[2023-03-18T00:14:06.808+0000] {p_download_upload.py:66} INFO - Uploading: Chicago_Crimes_2009.csv
[2023-03-18T00:14:09.491+0000] {p_download_upload.py:71} INFO - Chicago_Crimes_2009.csv uploaded to GCS bucket
[2023-03-18T00:14:09.492+0000] {p_download_upload.py:66} INFO - Uploading: Chicago_Crimes_2010.csv
[2023-03-18T00:14:11.628+0000] {p_download_upload.py:71} INFO - Chicago_Crimes_2010.csv uploaded to GCS bucket
[2023-03-18T00:14:11.629+0000] {p_download_upload.py:66} INFO - Uploading: Chicago_Crimes_2011.csv
[2023-03-18T00:14:13.592+0000] {p_download_upload.py:71} INFO - Chicago_Crimes_2011.csv uploaded to GCS bucket
[2023-03-18T00:14:13.592+0000] {p_download_upload.py:66} INFO - Uploading: Chicago_Crimes_2012.csv
[2023-03-18T00:14:15.455+0000] {p_download_upload.py:71} INFO - Chicago_Crimes_2012.csv uploaded to GCS bucket
[2023-03-18T00:14:15.455+0000] {p_download_upload.py:66} INFO - Uploading: Chicago_Crimes_2013.csv
[2023-03-18T00:14:17.150+0000] {p_download_upload.py:71} INFO - Chicago_Crimes_2013.csv uploaded to GCS bucket
[2023-03-18T00:14:17.151+0000] {p_download_upload.py:66} INFO - Uploading: Chicago_Crimes_2014.csv
[2023-03-18T00:14:18.582+0000] {p_download_upload.py:71} INFO - Chicago_Crimes_2014.csv uploaded to GCS bucket
[2023-03-18T00:14:18.583+0000] {p_download_upload.py:66} INFO - Uploading: Chicago_Crimes_2015.csv
[2023-03-18T00:14:20.000+0000] {p_download_upload.py:71} INFO - Chicago_Crimes_2015.csv uploaded to GCS bucket
[2023-03-18T00:14:20.000+0000] {p_download_upload.py:66} INFO - Uploading: Chicago_Crimes_2016.csv
[2023-03-18T00:14:22.030+0000] {p_download_upload.py:71} INFO - Chicago_Crimes_2016.csv uploaded to GCS bucket
[2023-03-18T00:14:22.031+0000] {p_download_upload.py:66} INFO - Uploading: Chicago_Crimes_2017.csv
[2023-03-18T00:14:23.639+0000] {p_download_upload.py:71} INFO - Chicago_Crimes_2017.csv uploaded to GCS bucket
[2023-03-18T00:14:23.640+0000] {p_download_upload.py:66} INFO - Uploading: Chicago_Crimes_2018.csv
[2023-03-18T00:14:25.327+0000] {p_download_upload.py:71} INFO - Chicago_Crimes_2018.csv uploaded to GCS bucket
[2023-03-18T00:14:25.328+0000] {p_download_upload.py:66} INFO - Uploading: Chicago_Crimes_2019.csv
[2023-03-18T00:14:26.854+0000] {p_download_upload.py:71} INFO - Chicago_Crimes_2019.csv uploaded to GCS bucket
[2023-03-18T00:14:26.854+0000] {p_download_upload.py:66} INFO - Uploading: Chicago_Crimes_2020.csv
[2023-03-18T00:14:28.131+0000] {p_download_upload.py:71} INFO - Chicago_Crimes_2020.csv uploaded to GCS bucket
[2023-03-18T00:14:28.132+0000] {p_download_upload.py:66} INFO - Uploading: Chicago_Crimes_2021.csv
[2023-03-18T00:14:29.220+0000] {p_download_upload.py:71} INFO - Chicago_Crimes_2021.csv uploaded to GCS bucket
[2023-03-18T00:14:29.220+0000] {p_download_upload.py:66} INFO - Uploading: Chicago_Crimes_2022.csv
[2023-03-18T00:14:30.209+0000] {p_download_upload.py:71} INFO - Chicago_Crimes_2022.csv uploaded to GCS bucket
[2023-03-18T00:14:30.209+0000] {p_download_upload.py:74} INFO - Removing downloaded files
[2023-03-18T00:14:30.209+0000] {python.py:177} INFO - Done. Returned value was: None
[2023-03-18T00:14:30.225+0000] {taskinstance.py:1326} INFO - Marking task as SUCCESS. dag_id=project_data_ingestion_gcs_dag, task_id=local_to_gcs_task, execution_date=20230316T000000, start_date=20230318T001345, end_date=20230318T001430
[2023-03-18T00:14:30.274+0000] {local_task_job.py:212} INFO - Task exited with return code 0
[2023-03-18T00:14:30.300+0000] {taskinstance.py:2585} INFO - 0 downstream tasks scheduled from follow-on schedule check
