[2023-03-19T21:14:18.121+0000] {taskinstance.py:1084} INFO - Dependencies all met for dep_context=non-requeueable deps ti=<TaskInstance: transform_bq_data.create_dataproc_cluster manual__2023-03-19T13:41:19.821677+00:00 [queued]>
[2023-03-19T21:14:18.142+0000] {taskinstance.py:1084} INFO - Dependencies all met for dep_context=requeueable deps ti=<TaskInstance: transform_bq_data.create_dataproc_cluster manual__2023-03-19T13:41:19.821677+00:00 [queued]>
[2023-03-19T21:14:18.143+0000] {taskinstance.py:1282} INFO - 
--------------------------------------------------------------------------------
[2023-03-19T21:14:18.143+0000] {taskinstance.py:1283} INFO - Starting attempt 3 of 4
[2023-03-19T21:14:18.144+0000] {taskinstance.py:1284} INFO - 
--------------------------------------------------------------------------------
[2023-03-19T21:14:18.179+0000] {taskinstance.py:1303} INFO - Executing <Task(DataprocCreateClusterOperator): create_dataproc_cluster> on 2023-03-19 13:41:19.821677+00:00
[2023-03-19T21:14:18.190+0000] {standard_task_runner.py:55} INFO - Started process 18200 to run task
[2023-03-19T21:14:18.202+0000] {standard_task_runner.py:82} INFO - Running: ['***', 'tasks', 'run', 'transform_bq_data', 'create_dataproc_cluster', 'manual__2023-03-19T13:41:19.821677+00:00', '--job-id', '151', '--raw', '--subdir', 'DAGS_FOLDER/p_spark_processing.py', '--cfg-path', '/tmp/tmpb137lbqf']
[2023-03-19T21:14:18.208+0000] {standard_task_runner.py:83} INFO - Job 151: Subtask create_dataproc_cluster
[2023-03-19T21:14:18.235+0000] {warnings.py:110} WARNING - /home/***/.local/lib/python3.7/site-packages/***/settings.py:250: DeprecationWarning: The sql_alchemy_conn option in [core] has been moved to the sql_alchemy_conn option in [database] - the old setting has been used, but please update your config.
  SQL_ALCHEMY_CONN = conf.get("database", "SQL_ALCHEMY_CONN")

[2023-03-19T21:14:18.350+0000] {task_command.py:388} INFO - Running <TaskInstance: transform_bq_data.create_dataproc_cluster manual__2023-03-19T13:41:19.821677+00:00 [running]> on host 50ce40c43c89
[2023-03-19T21:14:18.563+0000] {taskinstance.py:1511} INFO - Exporting the following env vars:
AIRFLOW_CTX_DAG_OWNER=***
AIRFLOW_CTX_DAG_ID=transform_bq_data
AIRFLOW_CTX_TASK_ID=create_dataproc_cluster
AIRFLOW_CTX_EXECUTION_DATE=2023-03-19T13:41:19.821677+00:00
AIRFLOW_CTX_TRY_NUMBER=3
AIRFLOW_CTX_DAG_RUN_ID=manual__2023-03-19T13:41:19.821677+00:00
[2023-03-19T21:14:18.565+0000] {dataproc.py:601} INFO - Creating cluster: my-dataproc-cluster
[2023-03-19T21:14:18.567+0000] {crypto.py:83} WARNING - empty cryptography key - values will not be stored encrypted.
[2023-03-19T21:14:18.567+0000] {base.py:73} INFO - Using connection ID 'google_cloud_default' for task execution.
[2023-03-19T21:16:17.952+0000] {dataproc.py:614} INFO - Cluster created.
[2023-03-19T21:16:18.005+0000] {taskinstance.py:1326} INFO - Marking task as SUCCESS. dag_id=transform_bq_data, task_id=create_dataproc_cluster, execution_date=20230319T134119, start_date=20230319T211418, end_date=20230319T211618
[2023-03-19T21:16:18.063+0000] {local_task_job.py:212} INFO - Task exited with return code 0
[2023-03-19T21:16:18.097+0000] {taskinstance.py:2585} INFO - 0 downstream tasks scheduled from follow-on schedule check
