[2023-03-19T20:33:04.609+0000] {taskinstance.py:1084} INFO - Dependencies all met for dep_context=non-requeueable deps ti=<TaskInstance: transform_bq_data.create_dataproc_cluster manual__2023-03-19T13:41:19.821677+00:00 [queued]>
[2023-03-19T20:33:04.635+0000] {taskinstance.py:1084} INFO - Dependencies all met for dep_context=requeueable deps ti=<TaskInstance: transform_bq_data.create_dataproc_cluster manual__2023-03-19T13:41:19.821677+00:00 [queued]>
[2023-03-19T20:33:04.637+0000] {taskinstance.py:1282} INFO - 
--------------------------------------------------------------------------------
[2023-03-19T20:33:04.638+0000] {taskinstance.py:1283} INFO - Starting attempt 2 of 3
[2023-03-19T20:33:04.639+0000] {taskinstance.py:1284} INFO - 
--------------------------------------------------------------------------------
[2023-03-19T20:33:04.678+0000] {taskinstance.py:1303} INFO - Executing <Task(DataprocCreateClusterOperator): create_dataproc_cluster> on 2023-03-19 13:41:19.821677+00:00
[2023-03-19T20:33:04.692+0000] {standard_task_runner.py:55} INFO - Started process 16135 to run task
[2023-03-19T20:33:04.713+0000] {standard_task_runner.py:82} INFO - Running: ['***', 'tasks', 'run', 'transform_bq_data', 'create_dataproc_cluster', 'manual__2023-03-19T13:41:19.821677+00:00', '--job-id', '144', '--raw', '--subdir', 'DAGS_FOLDER/p_spark_processing.py', '--cfg-path', '/tmp/tmpnyrvw4sl']
[2023-03-19T20:33:04.723+0000] {standard_task_runner.py:83} INFO - Job 144: Subtask create_dataproc_cluster
[2023-03-19T20:33:04.758+0000] {warnings.py:110} WARNING - /home/***/.local/lib/python3.7/site-packages/***/settings.py:250: DeprecationWarning: The sql_alchemy_conn option in [core] has been moved to the sql_alchemy_conn option in [database] - the old setting has been used, but please update your config.
  SQL_ALCHEMY_CONN = conf.get("database", "SQL_ALCHEMY_CONN")

[2023-03-19T20:33:04.947+0000] {task_command.py:388} INFO - Running <TaskInstance: transform_bq_data.create_dataproc_cluster manual__2023-03-19T13:41:19.821677+00:00 [running]> on host 50ce40c43c89
[2023-03-19T20:33:05.199+0000] {taskinstance.py:1511} INFO - Exporting the following env vars:
AIRFLOW_CTX_DAG_OWNER=***
AIRFLOW_CTX_DAG_ID=transform_bq_data
AIRFLOW_CTX_TASK_ID=create_dataproc_cluster
AIRFLOW_CTX_EXECUTION_DATE=2023-03-19T13:41:19.821677+00:00
AIRFLOW_CTX_TRY_NUMBER=2
AIRFLOW_CTX_DAG_RUN_ID=manual__2023-03-19T13:41:19.821677+00:00
[2023-03-19T20:33:05.201+0000] {dataproc.py:601} INFO - Creating cluster: my-dataproc-cluster
[2023-03-19T20:33:05.203+0000] {crypto.py:83} WARNING - empty cryptography key - values will not be stored encrypted.
[2023-03-19T20:33:05.204+0000] {base.py:73} INFO - Using connection ID 'google_cloud_default' for task execution.
[2023-03-19T20:34:38.721+0000] {dataproc.py:614} INFO - Cluster created.
[2023-03-19T20:34:38.793+0000] {taskinstance.py:1326} INFO - Marking task as SUCCESS. dag_id=transform_bq_data, task_id=create_dataproc_cluster, execution_date=20230319T134119, start_date=20230319T203304, end_date=20230319T203438
[2023-03-19T20:34:38.898+0000] {local_task_job.py:212} INFO - Task exited with return code 0
[2023-03-19T20:34:38.965+0000] {taskinstance.py:2585} INFO - 0 downstream tasks scheduled from follow-on schedule check
