[2023-03-21T10:52:08.951+0000] {taskinstance.py:1084} INFO - Dependencies all met for dep_context=non-requeueable deps ti=<TaskInstance: project_masterdag.create_dataproc_cluster manual__2023-03-21T10:52:02.853833+00:00 [queued]>
[2023-03-21T10:52:08.980+0000] {taskinstance.py:1084} INFO - Dependencies all met for dep_context=requeueable deps ti=<TaskInstance: project_masterdag.create_dataproc_cluster manual__2023-03-21T10:52:02.853833+00:00 [queued]>
[2023-03-21T10:52:08.981+0000] {taskinstance.py:1282} INFO - 
--------------------------------------------------------------------------------
[2023-03-21T10:52:08.982+0000] {taskinstance.py:1283} INFO - Starting attempt 1 of 2
[2023-03-21T10:52:08.983+0000] {taskinstance.py:1284} INFO - 
--------------------------------------------------------------------------------
[2023-03-21T10:52:09.033+0000] {taskinstance.py:1303} INFO - Executing <Task(DataprocCreateClusterOperator): create_dataproc_cluster> on 2023-03-21 10:52:02.853833+00:00
[2023-03-21T10:52:09.052+0000] {standard_task_runner.py:55} INFO - Started process 30709 to run task
[2023-03-21T10:52:09.073+0000] {standard_task_runner.py:82} INFO - Running: ['***', 'tasks', 'run', 'project_masterdag', 'create_dataproc_cluster', 'manual__2023-03-21T10:52:02.853833+00:00', '--job-id', '295', '--raw', '--subdir', 'DAGS_FOLDER/project_master_dags.py', '--cfg-path', '/tmp/tmphp0h14it']
[2023-03-21T10:52:09.082+0000] {standard_task_runner.py:83} INFO - Job 295: Subtask create_dataproc_cluster
[2023-03-21T10:52:09.123+0000] {warnings.py:110} WARNING - /home/***/.local/lib/python3.7/site-packages/***/settings.py:250: DeprecationWarning: The sql_alchemy_conn option in [core] has been moved to the sql_alchemy_conn option in [database] - the old setting has been used, but please update your config.
  SQL_ALCHEMY_CONN = conf.get("database", "SQL_ALCHEMY_CONN")

[2023-03-21T10:52:09.302+0000] {task_command.py:388} INFO - Running <TaskInstance: project_masterdag.create_dataproc_cluster manual__2023-03-21T10:52:02.853833+00:00 [running]> on host 796cac132c25
[2023-03-21T10:52:09.618+0000] {taskinstance.py:1511} INFO - Exporting the following env vars:
AIRFLOW_CTX_DAG_OWNER=***
AIRFLOW_CTX_DAG_ID=project_masterdag
AIRFLOW_CTX_TASK_ID=create_dataproc_cluster
AIRFLOW_CTX_EXECUTION_DATE=2023-03-21T10:52:02.853833+00:00
AIRFLOW_CTX_TRY_NUMBER=1
AIRFLOW_CTX_DAG_RUN_ID=manual__2023-03-21T10:52:02.853833+00:00
[2023-03-21T10:52:09.621+0000] {dataproc.py:601} INFO - Creating cluster: my-dataproc-cluster
[2023-03-21T10:52:09.623+0000] {base.py:73} INFO - Using connection ID 'google_cloud_default' for task execution.
[2023-03-21T10:52:11.185+0000] {taskinstance.py:1775} ERROR - Task failed with exception
Traceback (most recent call last):
  File "/home/airflow/.local/lib/python3.7/site-packages/google/api_core/grpc_helpers.py", line 50, in error_remapped_callable
    return callable_(*args, **kwargs)
  File "/home/airflow/.local/lib/python3.7/site-packages/grpc/_channel.py", line 946, in __call__
    return _end_unary_response_blocking(state, call, False, None)
  File "/home/airflow/.local/lib/python3.7/site-packages/grpc/_channel.py", line 849, in _end_unary_response_blocking
    raise _InactiveRpcError(state)
grpc._channel._InactiveRpcError: <_InactiveRpcError of RPC that terminated with:
	status = StatusCode.INVALID_ARGUMENT
	details = "Multiple validation errors:
 - Insufficient 'CPUS' quota. Requested 6.0, available 0.0.
 - Insufficient 'CPUS_ALL_REGIONS' quota. Requested 6.0, available 4.0.
 - Insufficient 'IN_USE_ADDRESSES' quota. Requested 3.0, available 0.0.
 - This request exceeds CPU quota. Some things to try: request fewer workers (a minimum of 2 is required), use smaller master and/or worker machine types (such as n1-standard-2)."
	debug_error_string = "UNKNOWN:Error received from peer ipv4:172.217.168.42:443 {created_time:"2023-03-21T10:52:11.179330291+00:00", grpc_status:3, grpc_message:"Multiple validation errors:\n - Insufficient \'CPUS\' quota. Requested 6.0, available 0.0.\n - Insufficient \'CPUS_ALL_REGIONS\' quota. Requested 6.0, available 4.0.\n - Insufficient \'IN_USE_ADDRESSES\' quota. Requested 3.0, available 0.0.\n - This request exceeds CPU quota. Some things to try: request fewer workers (a minimum of 2 is required), use smaller master and/or worker machine types (such as n1-standard-2)."}"
>

The above exception was the direct cause of the following exception:

Traceback (most recent call last):
  File "/home/airflow/.local/lib/python3.7/site-packages/airflow/providers/google/cloud/operators/dataproc.py", line 609, in execute
    operation = self._create_cluster(hook)
  File "/home/airflow/.local/lib/python3.7/site-packages/airflow/providers/google/cloud/operators/dataproc.py", line 545, in _create_cluster
    metadata=self.metadata,
  File "/home/airflow/.local/lib/python3.7/site-packages/airflow/providers/google/common/hooks/base_google.py", line 468, in inner_wrapper
    return func(self, *args, **kwargs)
  File "/home/airflow/.local/lib/python3.7/site-packages/airflow/providers/google/cloud/hooks/dataproc.py", line 341, in create_cluster
    metadata=metadata,
  File "/home/airflow/.local/lib/python3.7/site-packages/google/cloud/dataproc_v1/services/cluster_controller/client.py", line 564, in create_cluster
    metadata=metadata,
  File "/home/airflow/.local/lib/python3.7/site-packages/google/api_core/gapic_v1/method.py", line 154, in __call__
    return wrapped_func(*args, **kwargs)
  File "/home/airflow/.local/lib/python3.7/site-packages/google/api_core/retry.py", line 288, in retry_wrapped_func
    on_error=on_error,
  File "/home/airflow/.local/lib/python3.7/site-packages/google/api_core/retry.py", line 190, in retry_target
    return target()
  File "/home/airflow/.local/lib/python3.7/site-packages/google/api_core/timeout.py", line 99, in func_with_timeout
    return func(*args, **kwargs)
  File "/home/airflow/.local/lib/python3.7/site-packages/google/api_core/grpc_helpers.py", line 52, in error_remapped_callable
    raise exceptions.from_grpc_error(exc) from exc
google.api_core.exceptions.InvalidArgument: 400 Multiple validation errors:
 - Insufficient 'CPUS' quota. Requested 6.0, available 0.0.
 - Insufficient 'CPUS_ALL_REGIONS' quota. Requested 6.0, available 4.0.
 - Insufficient 'IN_USE_ADDRESSES' quota. Requested 3.0, available 0.0.
 - This request exceeds CPU quota. Some things to try: request fewer workers (a minimum of 2 is required), use smaller master and/or worker machine types (such as n1-standard-2).
[2023-03-21T10:52:11.282+0000] {taskinstance.py:1326} INFO - Marking task as UP_FOR_RETRY. dag_id=project_masterdag, task_id=create_dataproc_cluster, execution_date=20230321T105202, start_date=20230321T105208, end_date=20230321T105211
[2023-03-21T10:52:11.343+0000] {standard_task_runner.py:105} ERROR - Failed to execute job 295 for task create_dataproc_cluster (400 Multiple validation errors:
 - Insufficient 'CPUS' quota. Requested 6.0, available 0.0.
 - Insufficient 'CPUS_ALL_REGIONS' quota. Requested 6.0, available 4.0.
 - Insufficient 'IN_USE_ADDRESSES' quota. Requested 3.0, available 0.0.
 - This request exceeds CPU quota. Some things to try: request fewer workers (a minimum of 2 is required), use smaller master and/or worker machine types (such as n1-standard-2).; 30709)
[2023-03-21T10:52:11.417+0000] {local_task_job.py:212} INFO - Task exited with return code 1
