[2023-03-21T13:48:08.367+0000] {taskinstance.py:1084} INFO - Dependencies all met for dep_context=non-requeueable deps ti=<TaskInstance: project_delete_gcs_files.delete_gcs_file manual__2023-03-21T13:43:00.760375+00:00 [queued]>
[2023-03-21T13:48:08.417+0000] {taskinstance.py:1084} INFO - Dependencies all met for dep_context=requeueable deps ti=<TaskInstance: project_delete_gcs_files.delete_gcs_file manual__2023-03-21T13:43:00.760375+00:00 [queued]>
[2023-03-21T13:48:08.419+0000] {taskinstance.py:1282} INFO - 
--------------------------------------------------------------------------------
[2023-03-21T13:48:08.419+0000] {taskinstance.py:1283} INFO - Starting attempt 2 of 2
[2023-03-21T13:48:08.420+0000] {taskinstance.py:1284} INFO - 
--------------------------------------------------------------------------------
[2023-03-21T13:48:08.489+0000] {taskinstance.py:1303} INFO - Executing <Task(GCSDeleteObjectsOperator): delete_gcs_file> on 2023-03-21 13:43:00.760375+00:00
[2023-03-21T13:48:08.506+0000] {standard_task_runner.py:55} INFO - Started process 38720 to run task
[2023-03-21T13:48:08.537+0000] {standard_task_runner.py:82} INFO - Running: ['***', 'tasks', 'run', 'project_delete_gcs_files', 'delete_gcs_file', 'manual__2023-03-21T13:43:00.760375+00:00', '--job-id', '333', '--raw', '--subdir', 'DAGS_FOLDER/p_delete_gcs_files.py', '--cfg-path', '/tmp/tmpdiqaorqb']
[2023-03-21T13:48:08.546+0000] {standard_task_runner.py:83} INFO - Job 333: Subtask delete_gcs_file
[2023-03-21T13:48:08.593+0000] {warnings.py:110} WARNING - /home/***/.local/lib/python3.7/site-packages/***/settings.py:250: DeprecationWarning: The sql_alchemy_conn option in [core] has been moved to the sql_alchemy_conn option in [database] - the old setting has been used, but please update your config.
  SQL_ALCHEMY_CONN = conf.get("database", "SQL_ALCHEMY_CONN")

[2023-03-21T13:48:08.970+0000] {task_command.py:388} INFO - Running <TaskInstance: project_delete_gcs_files.delete_gcs_file manual__2023-03-21T13:43:00.760375+00:00 [running]> on host 796cac132c25
[2023-03-21T13:48:09.331+0000] {taskinstance.py:1511} INFO - Exporting the following env vars:
AIRFLOW_CTX_DAG_OWNER=***
AIRFLOW_CTX_DAG_ID=project_delete_gcs_files
AIRFLOW_CTX_TASK_ID=delete_gcs_file
AIRFLOW_CTX_EXECUTION_DATE=2023-03-21T13:43:00.760375+00:00
AIRFLOW_CTX_TRY_NUMBER=2
AIRFLOW_CTX_DAG_RUN_ID=manual__2023-03-21T13:43:00.760375+00:00
[2023-03-21T13:48:09.333+0000] {crypto.py:83} WARNING - empty cryptography key - values will not be stored encrypted.
[2023-03-21T13:48:09.334+0000] {base.py:73} INFO - Using connection ID 'google_cloud_default' for task execution.
[2023-03-21T13:48:09.334+0000] {gcs.py:342} INFO - Deleting 1 objects from dtc_data_lake_dtc-de-course-375420
[2023-03-21T13:48:09.794+0000] {taskinstance.py:1775} ERROR - Task failed with exception
Traceback (most recent call last):
  File "/home/airflow/.local/lib/python3.7/site-packages/airflow/providers/google/cloud/operators/gcs.py", line 344, in execute
    hook.delete(bucket_name=self.bucket_name, object_name=object_name)
  File "/home/airflow/.local/lib/python3.7/site-packages/airflow/providers/google/cloud/hooks/gcs.py", line 677, in delete
    blob.delete()
  File "/home/airflow/.local/lib/python3.7/site-packages/google/cloud/storage/blob.py", line 772, in delete
    retry=retry,
  File "/home/airflow/.local/lib/python3.7/site-packages/google/cloud/storage/bucket.py", line 1655, in delete_blob
    _target_object=None,
  File "/home/airflow/.local/lib/python3.7/site-packages/google/cloud/storage/client.py", line 686, in _delete_resource
    _target_object=_target_object,
  File "/home/airflow/.local/lib/python3.7/site-packages/google/cloud/storage/_http.py", line 72, in api_request
    return call()
  File "/home/airflow/.local/lib/python3.7/site-packages/google/cloud/_http/__init__.py", line 494, in api_request
    raise exceptions.from_http_response(response)
google.api_core.exceptions.NotFound: 404 DELETE https://storage.googleapis.com/storage/v1/b/dtc_data_lake_dtc-de-course-375420/o/project%2F%2A.csv?prettyPrint=false: No such object: dtc_data_lake_dtc-de-course-375420/project/*.csv
[2023-03-21T13:48:09.839+0000] {taskinstance.py:1326} INFO - Marking task as FAILED. dag_id=project_delete_gcs_files, task_id=delete_gcs_file, execution_date=20230321T134300, start_date=20230321T134808, end_date=20230321T134809
[2023-03-21T13:48:09.876+0000] {standard_task_runner.py:105} ERROR - Failed to execute job 333 for task delete_gcs_file (404 DELETE https://storage.googleapis.com/storage/v1/b/dtc_data_lake_dtc-de-course-375420/o/project%2F%2A.csv?prettyPrint=false: No such object: dtc_data_lake_dtc-de-course-375420/project/*.csv; 38720)
[2023-03-21T13:48:09.942+0000] {local_task_job.py:212} INFO - Task exited with return code 1
[2023-03-21T13:48:10.051+0000] {taskinstance.py:2585} INFO - 0 downstream tasks scheduled from follow-on schedule check
