[2023-03-21T13:56:03.779+0000] {taskinstance.py:1084} INFO - Dependencies all met for dep_context=non-requeueable deps ti=<TaskInstance: project_delete_gcs_files.delete_gcs_file manual__2023-03-21T13:43:00.760375+00:00 [queued]>
[2023-03-21T13:56:03.801+0000] {taskinstance.py:1084} INFO - Dependencies all met for dep_context=requeueable deps ti=<TaskInstance: project_delete_gcs_files.delete_gcs_file manual__2023-03-21T13:43:00.760375+00:00 [queued]>
[2023-03-21T13:56:03.802+0000] {taskinstance.py:1282} INFO - 
--------------------------------------------------------------------------------
[2023-03-21T13:56:03.802+0000] {taskinstance.py:1283} INFO - Starting attempt 6 of 7
[2023-03-21T13:56:03.802+0000] {taskinstance.py:1284} INFO - 
--------------------------------------------------------------------------------
[2023-03-21T13:56:03.886+0000] {taskinstance.py:1303} INFO - Executing <Task(GCSDeleteObjectsOperator): delete_gcs_file> on 2023-03-21 13:43:00.760375+00:00
[2023-03-21T13:56:03.897+0000] {standard_task_runner.py:55} INFO - Started process 39053 to run task
[2023-03-21T13:56:03.919+0000] {standard_task_runner.py:82} INFO - Running: ['***', 'tasks', 'run', 'project_delete_gcs_files', 'delete_gcs_file', 'manual__2023-03-21T13:43:00.760375+00:00', '--job-id', '337', '--raw', '--subdir', 'DAGS_FOLDER/p_delete_gcs_files.py', '--cfg-path', '/tmp/tmp4x3734z2']
[2023-03-21T13:56:03.942+0000] {standard_task_runner.py:83} INFO - Job 337: Subtask delete_gcs_file
[2023-03-21T13:56:04.002+0000] {warnings.py:110} WARNING - /home/***/.local/lib/python3.7/site-packages/***/settings.py:250: DeprecationWarning: The sql_alchemy_conn option in [core] has been moved to the sql_alchemy_conn option in [database] - the old setting has been used, but please update your config.
  SQL_ALCHEMY_CONN = conf.get("database", "SQL_ALCHEMY_CONN")

[2023-03-21T13:56:04.250+0000] {task_command.py:388} INFO - Running <TaskInstance: project_delete_gcs_files.delete_gcs_file manual__2023-03-21T13:43:00.760375+00:00 [running]> on host 796cac132c25
[2023-03-21T13:56:04.636+0000] {taskinstance.py:1511} INFO - Exporting the following env vars:
AIRFLOW_CTX_DAG_OWNER=***
AIRFLOW_CTX_DAG_ID=project_delete_gcs_files
AIRFLOW_CTX_TASK_ID=delete_gcs_file
AIRFLOW_CTX_EXECUTION_DATE=2023-03-21T13:43:00.760375+00:00
AIRFLOW_CTX_TRY_NUMBER=6
AIRFLOW_CTX_DAG_RUN_ID=manual__2023-03-21T13:43:00.760375+00:00
[2023-03-21T13:56:04.643+0000] {base.py:73} INFO - Using connection ID 'google_cloud_default' for task execution.
[2023-03-21T13:56:05.084+0000] {gcs.py:342} INFO - Deleting 21 objects from dtc_data_lake_dtc-de-course-375420
[2023-03-21T13:56:05.121+0000] {gcs.py:679} INFO - Blob project/Chicago_Crimes_2002.csv deleted.
[2023-03-21T13:56:05.153+0000] {gcs.py:679} INFO - Blob project/Chicago_Crimes_2003.csv deleted.
[2023-03-21T13:56:05.186+0000] {gcs.py:679} INFO - Blob project/Chicago_Crimes_2004.csv deleted.
[2023-03-21T13:56:05.215+0000] {gcs.py:679} INFO - Blob project/Chicago_Crimes_2005.csv deleted.
[2023-03-21T13:56:05.255+0000] {gcs.py:679} INFO - Blob project/Chicago_Crimes_2006.csv deleted.
[2023-03-21T13:56:05.284+0000] {gcs.py:679} INFO - Blob project/Chicago_Crimes_2007.csv deleted.
[2023-03-21T13:56:05.312+0000] {gcs.py:679} INFO - Blob project/Chicago_Crimes_2008.csv deleted.
[2023-03-21T13:56:05.342+0000] {gcs.py:679} INFO - Blob project/Chicago_Crimes_2009.csv deleted.
[2023-03-21T13:56:05.371+0000] {gcs.py:679} INFO - Blob project/Chicago_Crimes_2010.csv deleted.
[2023-03-21T13:56:05.399+0000] {gcs.py:679} INFO - Blob project/Chicago_Crimes_2011.csv deleted.
[2023-03-21T13:56:05.424+0000] {gcs.py:679} INFO - Blob project/Chicago_Crimes_2012.csv deleted.
[2023-03-21T13:56:05.452+0000] {gcs.py:679} INFO - Blob project/Chicago_Crimes_2013.csv deleted.
[2023-03-21T13:56:05.478+0000] {gcs.py:679} INFO - Blob project/Chicago_Crimes_2014.csv deleted.
[2023-03-21T13:56:05.504+0000] {gcs.py:679} INFO - Blob project/Chicago_Crimes_2015.csv deleted.
[2023-03-21T13:56:05.528+0000] {gcs.py:679} INFO - Blob project/Chicago_Crimes_2016.csv deleted.
[2023-03-21T13:56:05.556+0000] {gcs.py:679} INFO - Blob project/Chicago_Crimes_2017.csv deleted.
[2023-03-21T13:56:05.582+0000] {gcs.py:679} INFO - Blob project/Chicago_Crimes_2018.csv deleted.
[2023-03-21T13:56:05.611+0000] {gcs.py:679} INFO - Blob project/Chicago_Crimes_2019.csv deleted.
[2023-03-21T13:56:05.639+0000] {gcs.py:679} INFO - Blob project/Chicago_Crimes_2020.csv deleted.
[2023-03-21T13:56:05.666+0000] {gcs.py:679} INFO - Blob project/Chicago_Crimes_2021.csv deleted.
[2023-03-21T13:56:05.697+0000] {gcs.py:679} INFO - Blob project/Chicago_Crimes_2022.csv deleted.
[2023-03-21T13:56:05.731+0000] {taskinstance.py:1326} INFO - Marking task as SUCCESS. dag_id=project_delete_gcs_files, task_id=delete_gcs_file, execution_date=20230321T134300, start_date=20230321T135603, end_date=20230321T135605
[2023-03-21T13:56:05.817+0000] {local_task_job.py:212} INFO - Task exited with return code 0
[2023-03-21T13:56:05.907+0000] {taskinstance.py:2585} INFO - 0 downstream tasks scheduled from follow-on schedule check
