[2023-03-21T13:54:44.899+0000] {taskinstance.py:1084} INFO - Dependencies all met for dep_context=non-requeueable deps ti=<TaskInstance: project_delete_gcs_files.delete_gcs_file manual__2023-03-21T13:43:00.760375+00:00 [queued]>
[2023-03-21T13:54:44.932+0000] {taskinstance.py:1084} INFO - Dependencies all met for dep_context=requeueable deps ti=<TaskInstance: project_delete_gcs_files.delete_gcs_file manual__2023-03-21T13:43:00.760375+00:00 [queued]>
[2023-03-21T13:54:44.933+0000] {taskinstance.py:1282} INFO - 
--------------------------------------------------------------------------------
[2023-03-21T13:54:44.934+0000] {taskinstance.py:1283} INFO - Starting attempt 5 of 6
[2023-03-21T13:54:44.934+0000] {taskinstance.py:1284} INFO - 
--------------------------------------------------------------------------------
[2023-03-21T13:54:44.981+0000] {taskinstance.py:1303} INFO - Executing <Task(GCSDeleteObjectsOperator): delete_gcs_file> on 2023-03-21 13:43:00.760375+00:00
[2023-03-21T13:54:44.991+0000] {standard_task_runner.py:55} INFO - Started process 38990 to run task
[2023-03-21T13:54:45.011+0000] {standard_task_runner.py:82} INFO - Running: ['***', 'tasks', 'run', 'project_delete_gcs_files', 'delete_gcs_file', 'manual__2023-03-21T13:43:00.760375+00:00', '--job-id', '336', '--raw', '--subdir', 'DAGS_FOLDER/p_delete_gcs_files.py', '--cfg-path', '/tmp/tmpkqkhn9av']
[2023-03-21T13:54:45.022+0000] {standard_task_runner.py:83} INFO - Job 336: Subtask delete_gcs_file
[2023-03-21T13:54:45.060+0000] {warnings.py:110} WARNING - /home/***/.local/lib/python3.7/site-packages/***/settings.py:250: DeprecationWarning: The sql_alchemy_conn option in [core] has been moved to the sql_alchemy_conn option in [database] - the old setting has been used, but please update your config.
  SQL_ALCHEMY_CONN = conf.get("database", "SQL_ALCHEMY_CONN")

[2023-03-21T13:54:45.254+0000] {task_command.py:388} INFO - Running <TaskInstance: project_delete_gcs_files.delete_gcs_file manual__2023-03-21T13:43:00.760375+00:00 [running]> on host 796cac132c25
[2023-03-21T13:54:45.423+0000] {taskinstance.py:1511} INFO - Exporting the following env vars:
AIRFLOW_CTX_DAG_OWNER=***
AIRFLOW_CTX_DAG_ID=project_delete_gcs_files
AIRFLOW_CTX_TASK_ID=delete_gcs_file
AIRFLOW_CTX_EXECUTION_DATE=2023-03-21T13:43:00.760375+00:00
AIRFLOW_CTX_TRY_NUMBER=5
AIRFLOW_CTX_DAG_RUN_ID=manual__2023-03-21T13:43:00.760375+00:00
[2023-03-21T13:54:45.425+0000] {base.py:73} INFO - Using connection ID 'google_cloud_default' for task execution.
[2023-03-21T13:54:45.647+0000] {gcs.py:342} INFO - Deleting 1 objects from dtc_data_lake_dtc-de-course-375420
[2023-03-21T13:54:45.691+0000] {gcs.py:679} INFO - Blob project/Chicago_Crimes_2001.csv deleted.
[2023-03-21T13:54:45.728+0000] {taskinstance.py:1326} INFO - Marking task as SUCCESS. dag_id=project_delete_gcs_files, task_id=delete_gcs_file, execution_date=20230321T134300, start_date=20230321T135444, end_date=20230321T135445
[2023-03-21T13:54:45.834+0000] {local_task_job.py:212} INFO - Task exited with return code 0
[2023-03-21T13:54:45.874+0000] {taskinstance.py:2585} INFO - 0 downstream tasks scheduled from follow-on schedule check
