[2023-03-21T13:35:35.274+0000] {taskinstance.py:1084} INFO - Dependencies all met for dep_context=non-requeueable deps ti=<TaskInstance: project_masterdag.spark_processing manual__2023-03-21T12:29:29.795825+00:00 [queued]>
[2023-03-21T13:35:35.304+0000] {taskinstance.py:1084} INFO - Dependencies all met for dep_context=requeueable deps ti=<TaskInstance: project_masterdag.spark_processing manual__2023-03-21T12:29:29.795825+00:00 [queued]>
[2023-03-21T13:35:35.305+0000] {taskinstance.py:1282} INFO - 
--------------------------------------------------------------------------------
[2023-03-21T13:35:35.308+0000] {taskinstance.py:1283} INFO - Starting attempt 4 of 5
[2023-03-21T13:35:35.309+0000] {taskinstance.py:1284} INFO - 
--------------------------------------------------------------------------------
[2023-03-21T13:35:35.366+0000] {taskinstance.py:1303} INFO - Executing <Task(DataprocSubmitJobOperator): spark_processing> on 2023-03-21 12:29:29.795825+00:00
[2023-03-21T13:35:35.385+0000] {standard_task_runner.py:55} INFO - Started process 38125 to run task
[2023-03-21T13:35:35.405+0000] {standard_task_runner.py:82} INFO - Running: ['***', 'tasks', 'run', 'project_masterdag', 'spark_processing', 'manual__2023-03-21T12:29:29.795825+00:00', '--job-id', '330', '--raw', '--subdir', 'DAGS_FOLDER/project_master_dags.py', '--cfg-path', '/tmp/tmp6f_zf75g']
[2023-03-21T13:35:35.412+0000] {standard_task_runner.py:83} INFO - Job 330: Subtask spark_processing
[2023-03-21T13:35:35.450+0000] {warnings.py:110} WARNING - /home/***/.local/lib/python3.7/site-packages/***/settings.py:250: DeprecationWarning: The sql_alchemy_conn option in [core] has been moved to the sql_alchemy_conn option in [database] - the old setting has been used, but please update your config.
  SQL_ALCHEMY_CONN = conf.get("database", "SQL_ALCHEMY_CONN")

[2023-03-21T13:35:35.644+0000] {task_command.py:388} INFO - Running <TaskInstance: project_masterdag.spark_processing manual__2023-03-21T12:29:29.795825+00:00 [running]> on host 796cac132c25
[2023-03-21T13:35:35.902+0000] {taskinstance.py:1511} INFO - Exporting the following env vars:
AIRFLOW_CTX_DAG_OWNER=***
AIRFLOW_CTX_DAG_ID=project_masterdag
AIRFLOW_CTX_TASK_ID=spark_processing
AIRFLOW_CTX_EXECUTION_DATE=2023-03-21T12:29:29.795825+00:00
AIRFLOW_CTX_TRY_NUMBER=4
AIRFLOW_CTX_DAG_RUN_ID=manual__2023-03-21T12:29:29.795825+00:00
[2023-03-21T13:35:35.903+0000] {dataproc.py:1985} INFO - Submitting job
[2023-03-21T13:35:35.910+0000] {base.py:73} INFO - Using connection ID 'google_cloud_default' for task execution.
[2023-03-21T13:35:36.136+0000] {dataproc.py:1997} INFO - Job 6d75f49d-1989-49f8-9671-453819d610fa submitted successfully.
[2023-03-21T13:35:36.169+0000] {dataproc.py:2017} INFO - Waiting for job 6d75f49d-1989-49f8-9671-453819d610fa to complete
[2023-03-21T13:36:56.942+0000] {dataproc.py:2021} INFO - Job 6d75f49d-1989-49f8-9671-453819d610fa completed successfully.
[2023-03-21T13:36:57.003+0000] {taskinstance.py:1326} INFO - Marking task as SUCCESS. dag_id=project_masterdag, task_id=spark_processing, execution_date=20230321T122929, start_date=20230321T133535, end_date=20230321T133657
[2023-03-21T13:36:57.098+0000] {local_task_job.py:212} INFO - Task exited with return code 0
