[2023-03-21T10:21:50.848+0000] {taskinstance.py:1084} INFO - Dependencies all met for dep_context=non-requeueable deps ti=<TaskInstance: project_masterdag.partition_bq_table manual__2023-03-21T10:08:02.026282+00:00 [queued]>
[2023-03-21T10:21:50.892+0000] {taskinstance.py:1084} INFO - Dependencies all met for dep_context=requeueable deps ti=<TaskInstance: project_masterdag.partition_bq_table manual__2023-03-21T10:08:02.026282+00:00 [queued]>
[2023-03-21T10:21:50.892+0000] {taskinstance.py:1282} INFO - 
--------------------------------------------------------------------------------
[2023-03-21T10:21:50.893+0000] {taskinstance.py:1283} INFO - Starting attempt 2 of 3
[2023-03-21T10:21:50.893+0000] {taskinstance.py:1284} INFO - 
--------------------------------------------------------------------------------
[2023-03-21T10:21:50.984+0000] {taskinstance.py:1303} INFO - Executing <Task(BigQueryInsertJobOperator): partition_bq_table> on 2023-03-21 10:08:02.026282+00:00
[2023-03-21T10:21:51.014+0000] {standard_task_runner.py:55} INFO - Started process 29305 to run task
[2023-03-21T10:21:51.036+0000] {standard_task_runner.py:82} INFO - Running: ['***', 'tasks', 'run', 'project_masterdag', 'partition_bq_table', 'manual__2023-03-21T10:08:02.026282+00:00', '--job-id', '287', '--raw', '--subdir', 'DAGS_FOLDER/project_master_dags.py', '--cfg-path', '/tmp/tmppbjg8my_']
[2023-03-21T10:21:51.045+0000] {standard_task_runner.py:83} INFO - Job 287: Subtask partition_bq_table
[2023-03-21T10:21:51.107+0000] {warnings.py:110} WARNING - /home/***/.local/lib/python3.7/site-packages/***/settings.py:250: DeprecationWarning: The sql_alchemy_conn option in [core] has been moved to the sql_alchemy_conn option in [database] - the old setting has been used, but please update your config.
  SQL_ALCHEMY_CONN = conf.get("database", "SQL_ALCHEMY_CONN")

[2023-03-21T10:21:51.327+0000] {task_command.py:388} INFO - Running <TaskInstance: project_masterdag.partition_bq_table manual__2023-03-21T10:08:02.026282+00:00 [running]> on host 796cac132c25
[2023-03-21T10:21:51.651+0000] {taskinstance.py:1511} INFO - Exporting the following env vars:
AIRFLOW_CTX_DAG_OWNER=***
AIRFLOW_CTX_DAG_ID=project_masterdag
AIRFLOW_CTX_TASK_ID=partition_bq_table
AIRFLOW_CTX_EXECUTION_DATE=2023-03-21T10:08:02.026282+00:00
AIRFLOW_CTX_TRY_NUMBER=2
AIRFLOW_CTX_DAG_RUN_ID=manual__2023-03-21T10:08:02.026282+00:00
[2023-03-21T10:21:51.655+0000] {base.py:73} INFO - Using connection ID 'google_cloud_default' for task execution.
[2023-03-21T10:21:51.656+0000] {bigquery.py:2731} INFO - Executing: {'query': {'query': 'CREATE OR REPLACE TABLE `dtc-de-course-375420.chicago_crime_all.ET_CHICAGO_CRIMES_DATEFORMATTED` AS\nSELECT\n  DATE(PARSE_DATETIME("%m/%d/%Y %I:%M:%S %p", date)) AS New_Date,\n  DATE_TRUNC(DATE(PARSE_DATETIME("%m/%d/%Y %I:%M:%S %p", date)), MONTH) AS Month,*\nFROM\n  dtc-de-course-375420.chicago_crime_all.et_chicago_crimes;\n  \n  \nCREATE OR REPLACE TABLE `dtc-de-course-375420.chicago_crime_all.CHICAGO_CRIMES_PARTITIONED`\nPARTITION BY Month\nAS\nSELECT * FROM `dtc-de-course-375420.chicago_crime_all.ET_CHICAGO_CRIMES_DATEFORMATTED`;', 'useLegacySql': False}}'
[2023-03-21T10:21:51.885+0000] {bigquery.py:1546} INFO - Inserting job ***_project_masterdag_partition_bq_table_2023_03_21T10_08_02_026282_00_00_67451060a545a521319a846b4ec8ab3c
[2023-03-21T10:22:07.898+0000] {taskinstance.py:1326} INFO - Marking task as SUCCESS. dag_id=project_masterdag, task_id=partition_bq_table, execution_date=20230321T100802, start_date=20230321T102150, end_date=20230321T102207
[2023-03-21T10:22:07.947+0000] {local_task_job.py:212} INFO - Task exited with return code 0
