[2023-03-20T23:34:06.055+0000] {processor.py:153} INFO - Started process (PID=5354) to work on /opt/airflow/dags/project_master_dags.py
[2023-03-20T23:34:06.057+0000] {processor.py:743} INFO - Processing file /opt/airflow/dags/project_master_dags.py for tasks to queue
[2023-03-20T23:34:06.058+0000] {logging_mixin.py:137} INFO - [2023-03-20T23:34:06.058+0000] {dagbag.py:532} INFO - Filling up the DagBag from /opt/airflow/dags/project_master_dags.py
[2023-03-20T23:34:06.110+0000] {logging_mixin.py:137} INFO - Warning: Your Kaggle API key is readable by other users on this system! To fix this, you can run 'chmod 600 /home/airflow/.kaggle/kaggle.json'
[2023-03-20T23:34:07.201+0000] {processor.py:753} INFO - DAG(s) dict_keys(['project_data_ingestion_gcs_dag']) retrieved from /opt/airflow/dags/project_master_dags.py
[2023-03-20T23:34:07.284+0000] {logging_mixin.py:137} INFO - [2023-03-20T23:34:07.283+0000] {dag.py:2693} INFO - Sync 1 DAGs
[2023-03-20T23:34:07.490+0000] {logging_mixin.py:137} INFO - [2023-03-20T23:34:07.490+0000] {dag.py:3444} INFO - Setting next_dagrun for project_data_ingestion_gcs_dag to 2023-03-20T00:00:00+00:00, run_after=2023-03-21T00:00:00+00:00
[2023-03-20T23:34:07.520+0000] {processor.py:175} INFO - Processing /opt/airflow/dags/project_master_dags.py took 1.470 seconds
[2023-03-20T23:34:38.065+0000] {processor.py:153} INFO - Started process (PID=5412) to work on /opt/airflow/dags/project_master_dags.py
[2023-03-20T23:34:38.066+0000] {processor.py:743} INFO - Processing file /opt/airflow/dags/project_master_dags.py for tasks to queue
[2023-03-20T23:34:38.067+0000] {logging_mixin.py:137} INFO - [2023-03-20T23:34:38.067+0000] {dagbag.py:532} INFO - Filling up the DagBag from /opt/airflow/dags/project_master_dags.py
[2023-03-20T23:34:38.116+0000] {logging_mixin.py:137} INFO - Warning: Your Kaggle API key is readable by other users on this system! To fix this, you can run 'chmod 600 /home/airflow/.kaggle/kaggle.json'
[2023-03-20T23:34:39.635+0000] {processor.py:753} INFO - DAG(s) dict_keys(['project_data_ingestion_gcs_dag']) retrieved from /opt/airflow/dags/project_master_dags.py
[2023-03-20T23:34:39.678+0000] {logging_mixin.py:137} INFO - [2023-03-20T23:34:39.676+0000] {dag.py:2693} INFO - Sync 1 DAGs
[2023-03-20T23:34:39.738+0000] {logging_mixin.py:137} INFO - [2023-03-20T23:34:39.737+0000] {dag.py:3444} INFO - Setting next_dagrun for project_data_ingestion_gcs_dag to 2023-03-20T00:00:00+00:00, run_after=2023-03-21T00:00:00+00:00
[2023-03-20T23:34:39.773+0000] {processor.py:175} INFO - Processing /opt/airflow/dags/project_master_dags.py took 1.715 seconds
[2023-03-20T23:35:10.688+0000] {processor.py:153} INFO - Started process (PID=5470) to work on /opt/airflow/dags/project_master_dags.py
[2023-03-20T23:35:10.691+0000] {processor.py:743} INFO - Processing file /opt/airflow/dags/project_master_dags.py for tasks to queue
[2023-03-20T23:35:10.692+0000] {logging_mixin.py:137} INFO - [2023-03-20T23:35:10.692+0000] {dagbag.py:532} INFO - Filling up the DagBag from /opt/airflow/dags/project_master_dags.py
[2023-03-20T23:35:10.756+0000] {logging_mixin.py:137} INFO - Warning: Your Kaggle API key is readable by other users on this system! To fix this, you can run 'chmod 600 /home/airflow/.kaggle/kaggle.json'
[2023-03-20T23:35:11.857+0000] {processor.py:753} INFO - DAG(s) dict_keys(['project_data_ingestion_gcs_dag']) retrieved from /opt/airflow/dags/project_master_dags.py
[2023-03-20T23:35:11.873+0000] {logging_mixin.py:137} INFO - [2023-03-20T23:35:11.872+0000] {dag.py:2693} INFO - Sync 1 DAGs
[2023-03-20T23:35:11.911+0000] {logging_mixin.py:137} INFO - [2023-03-20T23:35:11.910+0000] {dag.py:3444} INFO - Setting next_dagrun for project_data_ingestion_gcs_dag to 2023-03-20T00:00:00+00:00, run_after=2023-03-21T00:00:00+00:00
[2023-03-20T23:35:11.936+0000] {processor.py:175} INFO - Processing /opt/airflow/dags/project_master_dags.py took 1.260 seconds
[2023-03-20T23:35:42.441+0000] {processor.py:153} INFO - Started process (PID=5527) to work on /opt/airflow/dags/project_master_dags.py
[2023-03-20T23:35:42.444+0000] {processor.py:743} INFO - Processing file /opt/airflow/dags/project_master_dags.py for tasks to queue
[2023-03-20T23:35:42.445+0000] {logging_mixin.py:137} INFO - [2023-03-20T23:35:42.445+0000] {dagbag.py:532} INFO - Filling up the DagBag from /opt/airflow/dags/project_master_dags.py
[2023-03-20T23:35:42.515+0000] {logging_mixin.py:137} INFO - Warning: Your Kaggle API key is readable by other users on this system! To fix this, you can run 'chmod 600 /home/airflow/.kaggle/kaggle.json'
[2023-03-20T23:35:43.792+0000] {processor.py:753} INFO - DAG(s) dict_keys(['project_data_ingestion_gcs_dag']) retrieved from /opt/airflow/dags/project_master_dags.py
[2023-03-20T23:35:43.882+0000] {logging_mixin.py:137} INFO - [2023-03-20T23:35:43.881+0000] {dag.py:2693} INFO - Sync 1 DAGs
[2023-03-20T23:35:43.958+0000] {logging_mixin.py:137} INFO - [2023-03-20T23:35:43.957+0000] {dag.py:3444} INFO - Setting next_dagrun for project_data_ingestion_gcs_dag to 2023-03-20T00:00:00+00:00, run_after=2023-03-21T00:00:00+00:00
[2023-03-20T23:35:44.024+0000] {processor.py:175} INFO - Processing /opt/airflow/dags/project_master_dags.py took 1.590 seconds
[2023-03-20T23:36:14.780+0000] {processor.py:153} INFO - Started process (PID=5584) to work on /opt/airflow/dags/project_master_dags.py
[2023-03-20T23:36:14.788+0000] {processor.py:743} INFO - Processing file /opt/airflow/dags/project_master_dags.py for tasks to queue
[2023-03-20T23:36:14.790+0000] {logging_mixin.py:137} INFO - [2023-03-20T23:36:14.790+0000] {dagbag.py:532} INFO - Filling up the DagBag from /opt/airflow/dags/project_master_dags.py
[2023-03-20T23:36:14.948+0000] {logging_mixin.py:137} INFO - Warning: Your Kaggle API key is readable by other users on this system! To fix this, you can run 'chmod 600 /home/airflow/.kaggle/kaggle.json'
[2023-03-20T23:36:18.204+0000] {processor.py:753} INFO - DAG(s) dict_keys(['project_data_ingestion_gcs_dag']) retrieved from /opt/airflow/dags/project_master_dags.py
[2023-03-20T23:36:18.319+0000] {logging_mixin.py:137} INFO - [2023-03-20T23:36:18.318+0000] {dag.py:2693} INFO - Sync 1 DAGs
[2023-03-20T23:36:18.586+0000] {logging_mixin.py:137} INFO - [2023-03-20T23:36:18.585+0000] {dag.py:3444} INFO - Setting next_dagrun for project_data_ingestion_gcs_dag to 2023-03-20T00:00:00+00:00, run_after=2023-03-21T00:00:00+00:00
[2023-03-20T23:36:18.663+0000] {processor.py:175} INFO - Processing /opt/airflow/dags/project_master_dags.py took 3.899 seconds
[2023-03-20T23:36:49.132+0000] {processor.py:153} INFO - Started process (PID=5632) to work on /opt/airflow/dags/project_master_dags.py
[2023-03-20T23:36:49.134+0000] {processor.py:743} INFO - Processing file /opt/airflow/dags/project_master_dags.py for tasks to queue
[2023-03-20T23:36:49.136+0000] {logging_mixin.py:137} INFO - [2023-03-20T23:36:49.135+0000] {dagbag.py:532} INFO - Filling up the DagBag from /opt/airflow/dags/project_master_dags.py
[2023-03-20T23:36:49.215+0000] {logging_mixin.py:137} INFO - Warning: Your Kaggle API key is readable by other users on this system! To fix this, you can run 'chmod 600 /home/airflow/.kaggle/kaggle.json'
[2023-03-20T23:36:50.994+0000] {processor.py:753} INFO - DAG(s) dict_keys(['project_data_ingestion_gcs_dag']) retrieved from /opt/airflow/dags/project_master_dags.py
[2023-03-20T23:36:51.082+0000] {logging_mixin.py:137} INFO - [2023-03-20T23:36:51.076+0000] {dag.py:2693} INFO - Sync 1 DAGs
[2023-03-20T23:36:51.279+0000] {logging_mixin.py:137} INFO - [2023-03-20T23:36:51.279+0000] {dag.py:3444} INFO - Setting next_dagrun for project_data_ingestion_gcs_dag to 2023-03-20T00:00:00+00:00, run_after=2023-03-21T00:00:00+00:00
[2023-03-20T23:36:51.366+0000] {processor.py:175} INFO - Processing /opt/airflow/dags/project_master_dags.py took 2.247 seconds
[2023-03-20T23:37:22.183+0000] {processor.py:153} INFO - Started process (PID=5689) to work on /opt/airflow/dags/project_master_dags.py
[2023-03-20T23:37:22.186+0000] {processor.py:743} INFO - Processing file /opt/airflow/dags/project_master_dags.py for tasks to queue
[2023-03-20T23:37:22.187+0000] {logging_mixin.py:137} INFO - [2023-03-20T23:37:22.187+0000] {dagbag.py:532} INFO - Filling up the DagBag from /opt/airflow/dags/project_master_dags.py
[2023-03-20T23:37:22.235+0000] {logging_mixin.py:137} INFO - Warning: Your Kaggle API key is readable by other users on this system! To fix this, you can run 'chmod 600 /home/airflow/.kaggle/kaggle.json'
[2023-03-20T23:37:23.720+0000] {processor.py:753} INFO - DAG(s) dict_keys(['project_data_ingestion_gcs_dag']) retrieved from /opt/airflow/dags/project_master_dags.py
[2023-03-20T23:37:23.882+0000] {logging_mixin.py:137} INFO - [2023-03-20T23:37:23.881+0000] {dag.py:2693} INFO - Sync 1 DAGs
[2023-03-20T23:37:23.944+0000] {logging_mixin.py:137} INFO - [2023-03-20T23:37:23.943+0000] {dag.py:3444} INFO - Setting next_dagrun for project_data_ingestion_gcs_dag to 2023-03-20T00:00:00+00:00, run_after=2023-03-21T00:00:00+00:00
[2023-03-20T23:37:23.986+0000] {processor.py:175} INFO - Processing /opt/airflow/dags/project_master_dags.py took 1.811 seconds
[2023-03-20T23:37:54.280+0000] {processor.py:153} INFO - Started process (PID=5756) to work on /opt/airflow/dags/project_master_dags.py
[2023-03-20T23:37:54.281+0000] {processor.py:743} INFO - Processing file /opt/airflow/dags/project_master_dags.py for tasks to queue
[2023-03-20T23:37:54.283+0000] {logging_mixin.py:137} INFO - [2023-03-20T23:37:54.282+0000] {dagbag.py:532} INFO - Filling up the DagBag from /opt/airflow/dags/project_master_dags.py
[2023-03-20T23:37:54.353+0000] {logging_mixin.py:137} INFO - Warning: Your Kaggle API key is readable by other users on this system! To fix this, you can run 'chmod 600 /home/airflow/.kaggle/kaggle.json'
[2023-03-20T23:37:55.439+0000] {processor.py:753} INFO - DAG(s) dict_keys(['project_data_ingestion_gcs_dag']) retrieved from /opt/airflow/dags/project_master_dags.py
[2023-03-20T23:37:55.469+0000] {logging_mixin.py:137} INFO - [2023-03-20T23:37:55.469+0000] {dag.py:2693} INFO - Sync 1 DAGs
[2023-03-20T23:37:55.507+0000] {logging_mixin.py:137} INFO - [2023-03-20T23:37:55.507+0000] {dag.py:3444} INFO - Setting next_dagrun for project_data_ingestion_gcs_dag to 2023-03-20T00:00:00+00:00, run_after=2023-03-21T00:00:00+00:00
[2023-03-20T23:37:55.534+0000] {processor.py:175} INFO - Processing /opt/airflow/dags/project_master_dags.py took 1.263 seconds
[2023-03-20T23:38:26.037+0000] {processor.py:153} INFO - Started process (PID=5814) to work on /opt/airflow/dags/project_master_dags.py
[2023-03-20T23:38:26.039+0000] {processor.py:743} INFO - Processing file /opt/airflow/dags/project_master_dags.py for tasks to queue
[2023-03-20T23:38:26.041+0000] {logging_mixin.py:137} INFO - [2023-03-20T23:38:26.040+0000] {dagbag.py:532} INFO - Filling up the DagBag from /opt/airflow/dags/project_master_dags.py
[2023-03-20T23:38:26.099+0000] {logging_mixin.py:137} INFO - Warning: Your Kaggle API key is readable by other users on this system! To fix this, you can run 'chmod 600 /home/airflow/.kaggle/kaggle.json'
[2023-03-20T23:38:27.180+0000] {processor.py:753} INFO - DAG(s) dict_keys(['project_data_ingestion_gcs_dag']) retrieved from /opt/airflow/dags/project_master_dags.py
[2023-03-20T23:38:27.196+0000] {logging_mixin.py:137} INFO - [2023-03-20T23:38:27.195+0000] {dag.py:2693} INFO - Sync 1 DAGs
[2023-03-20T23:38:27.234+0000] {logging_mixin.py:137} INFO - [2023-03-20T23:38:27.234+0000] {dag.py:3444} INFO - Setting next_dagrun for project_data_ingestion_gcs_dag to 2023-03-20T00:00:00+00:00, run_after=2023-03-21T00:00:00+00:00
[2023-03-20T23:38:27.263+0000] {processor.py:175} INFO - Processing /opt/airflow/dags/project_master_dags.py took 1.233 seconds
[2023-03-20T23:38:57.670+0000] {processor.py:153} INFO - Started process (PID=5871) to work on /opt/airflow/dags/project_master_dags.py
[2023-03-20T23:38:57.673+0000] {processor.py:743} INFO - Processing file /opt/airflow/dags/project_master_dags.py for tasks to queue
[2023-03-20T23:38:57.675+0000] {logging_mixin.py:137} INFO - [2023-03-20T23:38:57.674+0000] {dagbag.py:532} INFO - Filling up the DagBag from /opt/airflow/dags/project_master_dags.py
[2023-03-20T23:38:57.746+0000] {logging_mixin.py:137} INFO - Warning: Your Kaggle API key is readable by other users on this system! To fix this, you can run 'chmod 600 /home/airflow/.kaggle/kaggle.json'
[2023-03-20T23:38:59.277+0000] {processor.py:753} INFO - DAG(s) dict_keys(['project_data_ingestion_gcs_dag']) retrieved from /opt/airflow/dags/project_master_dags.py
[2023-03-20T23:38:59.530+0000] {logging_mixin.py:137} INFO - [2023-03-20T23:38:59.526+0000] {dag.py:2693} INFO - Sync 1 DAGs
[2023-03-20T23:38:59.598+0000] {logging_mixin.py:137} INFO - [2023-03-20T23:38:59.598+0000] {dag.py:3444} INFO - Setting next_dagrun for project_data_ingestion_gcs_dag to 2023-03-20T00:00:00+00:00, run_after=2023-03-21T00:00:00+00:00
[2023-03-20T23:38:59.641+0000] {processor.py:175} INFO - Processing /opt/airflow/dags/project_master_dags.py took 1.978 seconds
[2023-03-20T23:39:29.785+0000] {processor.py:153} INFO - Started process (PID=5928) to work on /opt/airflow/dags/project_master_dags.py
[2023-03-20T23:39:29.790+0000] {processor.py:743} INFO - Processing file /opt/airflow/dags/project_master_dags.py for tasks to queue
[2023-03-20T23:39:29.799+0000] {logging_mixin.py:137} INFO - [2023-03-20T23:39:29.798+0000] {dagbag.py:532} INFO - Filling up the DagBag from /opt/airflow/dags/project_master_dags.py
[2023-03-20T23:39:29.962+0000] {logging_mixin.py:137} INFO - Warning: Your Kaggle API key is readable by other users on this system! To fix this, you can run 'chmod 600 /home/airflow/.kaggle/kaggle.json'
[2023-03-20T23:39:32.871+0000] {processor.py:753} INFO - DAG(s) dict_keys(['project_data_ingestion_gcs_dag']) retrieved from /opt/airflow/dags/project_master_dags.py
[2023-03-20T23:39:32.919+0000] {logging_mixin.py:137} INFO - [2023-03-20T23:39:32.917+0000] {dag.py:2693} INFO - Sync 1 DAGs
[2023-03-20T23:39:32.981+0000] {logging_mixin.py:137} INFO - [2023-03-20T23:39:32.980+0000] {dag.py:3444} INFO - Setting next_dagrun for project_data_ingestion_gcs_dag to 2023-03-20T00:00:00+00:00, run_after=2023-03-21T00:00:00+00:00
[2023-03-20T23:39:33.018+0000] {processor.py:175} INFO - Processing /opt/airflow/dags/project_master_dags.py took 3.252 seconds
[2023-03-20T23:40:03.784+0000] {processor.py:153} INFO - Started process (PID=5984) to work on /opt/airflow/dags/project_master_dags.py
[2023-03-20T23:40:03.793+0000] {processor.py:743} INFO - Processing file /opt/airflow/dags/project_master_dags.py for tasks to queue
[2023-03-20T23:40:03.795+0000] {logging_mixin.py:137} INFO - [2023-03-20T23:40:03.795+0000] {dagbag.py:532} INFO - Filling up the DagBag from /opt/airflow/dags/project_master_dags.py
[2023-03-20T23:40:03.955+0000] {logging_mixin.py:137} INFO - Warning: Your Kaggle API key is readable by other users on this system! To fix this, you can run 'chmod 600 /home/airflow/.kaggle/kaggle.json'
[2023-03-20T23:40:06.937+0000] {processor.py:753} INFO - DAG(s) dict_keys(['project_data_ingestion_gcs_dag']) retrieved from /opt/airflow/dags/project_master_dags.py
[2023-03-20T23:40:06.959+0000] {logging_mixin.py:137} INFO - [2023-03-20T23:40:06.958+0000] {dag.py:2693} INFO - Sync 1 DAGs
[2023-03-20T23:40:07.020+0000] {logging_mixin.py:137} INFO - [2023-03-20T23:40:07.020+0000] {dag.py:3444} INFO - Setting next_dagrun for project_data_ingestion_gcs_dag to 2023-03-20T00:00:00+00:00, run_after=2023-03-21T00:00:00+00:00
[2023-03-20T23:40:07.056+0000] {processor.py:175} INFO - Processing /opt/airflow/dags/project_master_dags.py took 3.291 seconds
[2023-03-20T23:40:37.477+0000] {processor.py:153} INFO - Started process (PID=6041) to work on /opt/airflow/dags/project_master_dags.py
[2023-03-20T23:40:37.486+0000] {processor.py:743} INFO - Processing file /opt/airflow/dags/project_master_dags.py for tasks to queue
[2023-03-20T23:40:37.488+0000] {logging_mixin.py:137} INFO - [2023-03-20T23:40:37.487+0000] {dagbag.py:532} INFO - Filling up the DagBag from /opt/airflow/dags/project_master_dags.py
[2023-03-20T23:40:37.723+0000] {logging_mixin.py:137} INFO - Warning: Your Kaggle API key is readable by other users on this system! To fix this, you can run 'chmod 600 /home/airflow/.kaggle/kaggle.json'
[2023-03-20T23:40:40.581+0000] {processor.py:753} INFO - DAG(s) dict_keys(['project_data_ingestion_gcs_dag']) retrieved from /opt/airflow/dags/project_master_dags.py
[2023-03-20T23:40:40.725+0000] {logging_mixin.py:137} INFO - [2023-03-20T23:40:40.724+0000] {dag.py:2693} INFO - Sync 1 DAGs
[2023-03-20T23:40:40.814+0000] {logging_mixin.py:137} INFO - [2023-03-20T23:40:40.814+0000] {dag.py:3444} INFO - Setting next_dagrun for project_data_ingestion_gcs_dag to 2023-03-20T00:00:00+00:00, run_after=2023-03-21T00:00:00+00:00
[2023-03-20T23:40:40.858+0000] {processor.py:175} INFO - Processing /opt/airflow/dags/project_master_dags.py took 3.397 seconds
[2023-03-20T23:41:11.147+0000] {processor.py:153} INFO - Started process (PID=6098) to work on /opt/airflow/dags/project_master_dags.py
[2023-03-20T23:41:11.150+0000] {processor.py:743} INFO - Processing file /opt/airflow/dags/project_master_dags.py for tasks to queue
[2023-03-20T23:41:11.151+0000] {logging_mixin.py:137} INFO - [2023-03-20T23:41:11.151+0000] {dagbag.py:532} INFO - Filling up the DagBag from /opt/airflow/dags/project_master_dags.py
[2023-03-20T23:41:11.243+0000] {logging_mixin.py:137} INFO - Warning: Your Kaggle API key is readable by other users on this system! To fix this, you can run 'chmod 600 /home/airflow/.kaggle/kaggle.json'
[2023-03-20T23:41:12.965+0000] {processor.py:753} INFO - DAG(s) dict_keys(['project_data_ingestion_gcs_dag']) retrieved from /opt/airflow/dags/project_master_dags.py
[2023-03-20T23:41:13.009+0000] {logging_mixin.py:137} INFO - [2023-03-20T23:41:13.008+0000] {dag.py:2693} INFO - Sync 1 DAGs
[2023-03-20T23:41:13.070+0000] {logging_mixin.py:137} INFO - [2023-03-20T23:41:13.070+0000] {dag.py:3444} INFO - Setting next_dagrun for project_data_ingestion_gcs_dag to 2023-03-20T00:00:00+00:00, run_after=2023-03-21T00:00:00+00:00
[2023-03-20T23:41:13.103+0000] {processor.py:175} INFO - Processing /opt/airflow/dags/project_master_dags.py took 1.964 seconds
[2023-03-20T23:41:43.704+0000] {processor.py:153} INFO - Started process (PID=6163) to work on /opt/airflow/dags/project_master_dags.py
[2023-03-20T23:41:43.706+0000] {processor.py:743} INFO - Processing file /opt/airflow/dags/project_master_dags.py for tasks to queue
[2023-03-20T23:41:43.707+0000] {logging_mixin.py:137} INFO - [2023-03-20T23:41:43.707+0000] {dagbag.py:532} INFO - Filling up the DagBag from /opt/airflow/dags/project_master_dags.py
[2023-03-20T23:41:43.776+0000] {logging_mixin.py:137} INFO - Warning: Your Kaggle API key is readable by other users on this system! To fix this, you can run 'chmod 600 /home/airflow/.kaggle/kaggle.json'
[2023-03-20T23:41:45.338+0000] {processor.py:753} INFO - DAG(s) dict_keys(['project_data_ingestion_gcs_dag']) retrieved from /opt/airflow/dags/project_master_dags.py
[2023-03-20T23:41:45.354+0000] {logging_mixin.py:137} INFO - [2023-03-20T23:41:45.354+0000] {dag.py:2693} INFO - Sync 1 DAGs
[2023-03-20T23:41:45.393+0000] {logging_mixin.py:137} INFO - [2023-03-20T23:41:45.392+0000] {dag.py:3444} INFO - Setting next_dagrun for project_data_ingestion_gcs_dag to 2023-03-20T00:00:00+00:00, run_after=2023-03-21T00:00:00+00:00
[2023-03-20T23:41:45.419+0000] {processor.py:175} INFO - Processing /opt/airflow/dags/project_master_dags.py took 1.723 seconds
[2023-03-20T23:42:15.655+0000] {processor.py:153} INFO - Started process (PID=6220) to work on /opt/airflow/dags/project_master_dags.py
[2023-03-20T23:42:15.657+0000] {processor.py:743} INFO - Processing file /opt/airflow/dags/project_master_dags.py for tasks to queue
[2023-03-20T23:42:15.658+0000] {logging_mixin.py:137} INFO - [2023-03-20T23:42:15.658+0000] {dagbag.py:532} INFO - Filling up the DagBag from /opt/airflow/dags/project_master_dags.py
[2023-03-20T23:42:15.727+0000] {logging_mixin.py:137} INFO - Warning: Your Kaggle API key is readable by other users on this system! To fix this, you can run 'chmod 600 /home/airflow/.kaggle/kaggle.json'
[2023-03-20T23:42:16.927+0000] {processor.py:753} INFO - DAG(s) dict_keys(['project_data_ingestion_gcs_dag']) retrieved from /opt/airflow/dags/project_master_dags.py
[2023-03-20T23:42:17.016+0000] {logging_mixin.py:137} INFO - [2023-03-20T23:42:17.015+0000] {dag.py:2693} INFO - Sync 1 DAGs
[2023-03-20T23:42:17.056+0000] {logging_mixin.py:137} INFO - [2023-03-20T23:42:17.056+0000] {dag.py:3444} INFO - Setting next_dagrun for project_data_ingestion_gcs_dag to 2023-03-20T00:00:00+00:00, run_after=2023-03-21T00:00:00+00:00
[2023-03-20T23:42:17.086+0000] {processor.py:175} INFO - Processing /opt/airflow/dags/project_master_dags.py took 1.437 seconds
[2023-03-20T23:42:47.582+0000] {processor.py:153} INFO - Started process (PID=6278) to work on /opt/airflow/dags/project_master_dags.py
[2023-03-20T23:42:47.583+0000] {processor.py:743} INFO - Processing file /opt/airflow/dags/project_master_dags.py for tasks to queue
[2023-03-20T23:42:47.585+0000] {logging_mixin.py:137} INFO - [2023-03-20T23:42:47.585+0000] {dagbag.py:532} INFO - Filling up the DagBag from /opt/airflow/dags/project_master_dags.py
[2023-03-20T23:42:47.655+0000] {logging_mixin.py:137} INFO - Warning: Your Kaggle API key is readable by other users on this system! To fix this, you can run 'chmod 600 /home/airflow/.kaggle/kaggle.json'
[2023-03-20T23:42:49.300+0000] {processor.py:753} INFO - DAG(s) dict_keys(['project_data_ingestion_gcs_dag']) retrieved from /opt/airflow/dags/project_master_dags.py
[2023-03-20T23:42:49.344+0000] {logging_mixin.py:137} INFO - [2023-03-20T23:42:49.343+0000] {dag.py:2693} INFO - Sync 1 DAGs
[2023-03-20T23:42:49.401+0000] {logging_mixin.py:137} INFO - [2023-03-20T23:42:49.401+0000] {dag.py:3444} INFO - Setting next_dagrun for project_data_ingestion_gcs_dag to 2023-03-20T00:00:00+00:00, run_after=2023-03-21T00:00:00+00:00
[2023-03-20T23:42:49.438+0000] {processor.py:175} INFO - Processing /opt/airflow/dags/project_master_dags.py took 1.865 seconds
[2023-03-20T23:43:20.228+0000] {processor.py:153} INFO - Started process (PID=6335) to work on /opt/airflow/dags/project_master_dags.py
[2023-03-20T23:43:20.230+0000] {processor.py:743} INFO - Processing file /opt/airflow/dags/project_master_dags.py for tasks to queue
[2023-03-20T23:43:20.231+0000] {logging_mixin.py:137} INFO - [2023-03-20T23:43:20.231+0000] {dagbag.py:532} INFO - Filling up the DagBag from /opt/airflow/dags/project_master_dags.py
[2023-03-20T23:43:20.280+0000] {logging_mixin.py:137} INFO - Warning: Your Kaggle API key is readable by other users on this system! To fix this, you can run 'chmod 600 /home/airflow/.kaggle/kaggle.json'
[2023-03-20T23:43:21.271+0000] {processor.py:753} INFO - DAG(s) dict_keys(['project_data_ingestion_gcs_dag']) retrieved from /opt/airflow/dags/project_master_dags.py
[2023-03-20T23:43:21.287+0000] {logging_mixin.py:137} INFO - [2023-03-20T23:43:21.286+0000] {dag.py:2693} INFO - Sync 1 DAGs
[2023-03-20T23:43:21.323+0000] {logging_mixin.py:137} INFO - [2023-03-20T23:43:21.322+0000] {dag.py:3444} INFO - Setting next_dagrun for project_data_ingestion_gcs_dag to 2023-03-20T00:00:00+00:00, run_after=2023-03-21T00:00:00+00:00
[2023-03-20T23:43:21.349+0000] {processor.py:175} INFO - Processing /opt/airflow/dags/project_master_dags.py took 1.127 seconds
[2023-03-20T23:43:52.144+0000] {processor.py:153} INFO - Started process (PID=6392) to work on /opt/airflow/dags/project_master_dags.py
[2023-03-20T23:43:52.146+0000] {processor.py:743} INFO - Processing file /opt/airflow/dags/project_master_dags.py for tasks to queue
[2023-03-20T23:43:52.148+0000] {logging_mixin.py:137} INFO - [2023-03-20T23:43:52.148+0000] {dagbag.py:532} INFO - Filling up the DagBag from /opt/airflow/dags/project_master_dags.py
[2023-03-20T23:43:52.219+0000] {logging_mixin.py:137} INFO - Warning: Your Kaggle API key is readable by other users on this system! To fix this, you can run 'chmod 600 /home/airflow/.kaggle/kaggle.json'
[2023-03-20T23:43:54.058+0000] {processor.py:753} INFO - DAG(s) dict_keys(['project_data_ingestion_gcs_dag']) retrieved from /opt/airflow/dags/project_master_dags.py
[2023-03-20T23:43:54.195+0000] {logging_mixin.py:137} INFO - [2023-03-20T23:43:54.194+0000] {dag.py:2693} INFO - Sync 1 DAGs
[2023-03-20T23:43:54.257+0000] {logging_mixin.py:137} INFO - [2023-03-20T23:43:54.257+0000] {dag.py:3444} INFO - Setting next_dagrun for project_data_ingestion_gcs_dag to 2023-03-20T00:00:00+00:00, run_after=2023-03-21T00:00:00+00:00
[2023-03-20T23:43:54.299+0000] {processor.py:175} INFO - Processing /opt/airflow/dags/project_master_dags.py took 2.163 seconds
[2023-03-20T23:44:24.848+0000] {processor.py:153} INFO - Started process (PID=6449) to work on /opt/airflow/dags/project_master_dags.py
[2023-03-20T23:44:24.849+0000] {processor.py:743} INFO - Processing file /opt/airflow/dags/project_master_dags.py for tasks to queue
[2023-03-20T23:44:24.850+0000] {logging_mixin.py:137} INFO - [2023-03-20T23:44:24.850+0000] {dagbag.py:532} INFO - Filling up the DagBag from /opt/airflow/dags/project_master_dags.py
[2023-03-20T23:44:24.899+0000] {logging_mixin.py:137} INFO - Warning: Your Kaggle API key is readable by other users on this system! To fix this, you can run 'chmod 600 /home/airflow/.kaggle/kaggle.json'
[2023-03-20T23:44:25.899+0000] {processor.py:753} INFO - DAG(s) dict_keys(['project_data_ingestion_gcs_dag']) retrieved from /opt/airflow/dags/project_master_dags.py
[2023-03-20T23:44:25.936+0000] {logging_mixin.py:137} INFO - [2023-03-20T23:44:25.933+0000] {dag.py:2693} INFO - Sync 1 DAGs
[2023-03-20T23:44:25.988+0000] {logging_mixin.py:137} INFO - [2023-03-20T23:44:25.987+0000] {dag.py:3444} INFO - Setting next_dagrun for project_data_ingestion_gcs_dag to 2023-03-20T00:00:00+00:00, run_after=2023-03-21T00:00:00+00:00
[2023-03-20T23:44:26.014+0000] {processor.py:175} INFO - Processing /opt/airflow/dags/project_master_dags.py took 1.172 seconds
[2023-03-20T23:44:56.555+0000] {processor.py:153} INFO - Started process (PID=6506) to work on /opt/airflow/dags/project_master_dags.py
[2023-03-20T23:44:56.558+0000] {processor.py:743} INFO - Processing file /opt/airflow/dags/project_master_dags.py for tasks to queue
[2023-03-20T23:44:56.559+0000] {logging_mixin.py:137} INFO - [2023-03-20T23:44:56.559+0000] {dagbag.py:532} INFO - Filling up the DagBag from /opt/airflow/dags/project_master_dags.py
[2023-03-20T23:44:56.629+0000] {logging_mixin.py:137} INFO - Warning: Your Kaggle API key is readable by other users on this system! To fix this, you can run 'chmod 600 /home/airflow/.kaggle/kaggle.json'
[2023-03-20T23:44:58.157+0000] {processor.py:753} INFO - DAG(s) dict_keys(['project_data_ingestion_gcs_dag']) retrieved from /opt/airflow/dags/project_master_dags.py
[2023-03-20T23:44:58.177+0000] {logging_mixin.py:137} INFO - [2023-03-20T23:44:58.176+0000] {dag.py:2693} INFO - Sync 1 DAGs
[2023-03-20T23:44:58.238+0000] {logging_mixin.py:137} INFO - [2023-03-20T23:44:58.238+0000] {dag.py:3444} INFO - Setting next_dagrun for project_data_ingestion_gcs_dag to 2023-03-20T00:00:00+00:00, run_after=2023-03-21T00:00:00+00:00
[2023-03-20T23:44:58.274+0000] {processor.py:175} INFO - Processing /opt/airflow/dags/project_master_dags.py took 1.727 seconds
[2023-03-20T23:45:28.764+0000] {processor.py:153} INFO - Started process (PID=6563) to work on /opt/airflow/dags/project_master_dags.py
[2023-03-20T23:45:28.766+0000] {processor.py:743} INFO - Processing file /opt/airflow/dags/project_master_dags.py for tasks to queue
[2023-03-20T23:45:28.768+0000] {logging_mixin.py:137} INFO - [2023-03-20T23:45:28.768+0000] {dagbag.py:532} INFO - Filling up the DagBag from /opt/airflow/dags/project_master_dags.py
[2023-03-20T23:45:28.850+0000] {logging_mixin.py:137} INFO - Warning: Your Kaggle API key is readable by other users on this system! To fix this, you can run 'chmod 600 /home/airflow/.kaggle/kaggle.json'
[2023-03-20T23:45:30.376+0000] {processor.py:753} INFO - DAG(s) dict_keys(['project_data_ingestion_gcs_dag']) retrieved from /opt/airflow/dags/project_master_dags.py
[2023-03-20T23:45:30.517+0000] {logging_mixin.py:137} INFO - [2023-03-20T23:45:30.516+0000] {dag.py:2693} INFO - Sync 1 DAGs
[2023-03-20T23:45:30.573+0000] {logging_mixin.py:137} INFO - [2023-03-20T23:45:30.573+0000] {dag.py:3444} INFO - Setting next_dagrun for project_data_ingestion_gcs_dag to 2023-03-20T00:00:00+00:00, run_after=2023-03-21T00:00:00+00:00
[2023-03-20T23:45:30.611+0000] {processor.py:175} INFO - Processing /opt/airflow/dags/project_master_dags.py took 1.853 seconds
[2023-03-20T23:46:00.919+0000] {processor.py:153} INFO - Started process (PID=6630) to work on /opt/airflow/dags/project_master_dags.py
[2023-03-20T23:46:00.921+0000] {processor.py:743} INFO - Processing file /opt/airflow/dags/project_master_dags.py for tasks to queue
[2023-03-20T23:46:00.922+0000] {logging_mixin.py:137} INFO - [2023-03-20T23:46:00.922+0000] {dagbag.py:532} INFO - Filling up the DagBag from /opt/airflow/dags/project_master_dags.py
[2023-03-20T23:46:00.995+0000] {logging_mixin.py:137} INFO - Warning: Your Kaggle API key is readable by other users on this system! To fix this, you can run 'chmod 600 /home/airflow/.kaggle/kaggle.json'
[2023-03-20T23:46:02.788+0000] {processor.py:753} INFO - DAG(s) dict_keys(['project_data_ingestion_gcs_dag']) retrieved from /opt/airflow/dags/project_master_dags.py
[2023-03-20T23:46:02.832+0000] {logging_mixin.py:137} INFO - [2023-03-20T23:46:02.831+0000] {dag.py:2693} INFO - Sync 1 DAGs
[2023-03-20T23:46:02.891+0000] {logging_mixin.py:137} INFO - [2023-03-20T23:46:02.891+0000] {dag.py:3444} INFO - Setting next_dagrun for project_data_ingestion_gcs_dag to 2023-03-20T00:00:00+00:00, run_after=2023-03-21T00:00:00+00:00
[2023-03-20T23:46:02.949+0000] {processor.py:175} INFO - Processing /opt/airflow/dags/project_master_dags.py took 2.042 seconds
[2023-03-20T23:46:33.286+0000] {processor.py:153} INFO - Started process (PID=6688) to work on /opt/airflow/dags/project_master_dags.py
[2023-03-20T23:46:33.288+0000] {processor.py:743} INFO - Processing file /opt/airflow/dags/project_master_dags.py for tasks to queue
[2023-03-20T23:46:33.289+0000] {logging_mixin.py:137} INFO - [2023-03-20T23:46:33.289+0000] {dagbag.py:532} INFO - Filling up the DagBag from /opt/airflow/dags/project_master_dags.py
[2023-03-20T23:46:33.371+0000] {logging_mixin.py:137} INFO - Warning: Your Kaggle API key is readable by other users on this system! To fix this, you can run 'chmod 600 /home/airflow/.kaggle/kaggle.json'
[2023-03-20T23:46:34.388+0000] {processor.py:753} INFO - DAG(s) dict_keys(['project_data_ingestion_gcs_dag']) retrieved from /opt/airflow/dags/project_master_dags.py
[2023-03-20T23:46:34.403+0000] {logging_mixin.py:137} INFO - [2023-03-20T23:46:34.403+0000] {dag.py:2693} INFO - Sync 1 DAGs
[2023-03-20T23:46:34.439+0000] {logging_mixin.py:137} INFO - [2023-03-20T23:46:34.439+0000] {dag.py:3444} INFO - Setting next_dagrun for project_data_ingestion_gcs_dag to 2023-03-20T00:00:00+00:00, run_after=2023-03-21T00:00:00+00:00
[2023-03-20T23:46:34.468+0000] {processor.py:175} INFO - Processing /opt/airflow/dags/project_master_dags.py took 1.190 seconds
[2023-03-20T23:47:05.137+0000] {processor.py:153} INFO - Started process (PID=6744) to work on /opt/airflow/dags/project_master_dags.py
[2023-03-20T23:47:05.139+0000] {processor.py:743} INFO - Processing file /opt/airflow/dags/project_master_dags.py for tasks to queue
[2023-03-20T23:47:05.140+0000] {logging_mixin.py:137} INFO - [2023-03-20T23:47:05.140+0000] {dagbag.py:532} INFO - Filling up the DagBag from /opt/airflow/dags/project_master_dags.py
[2023-03-20T23:47:05.188+0000] {logging_mixin.py:137} INFO - Warning: Your Kaggle API key is readable by other users on this system! To fix this, you can run 'chmod 600 /home/airflow/.kaggle/kaggle.json'
[2023-03-20T23:47:06.288+0000] {processor.py:753} INFO - DAG(s) dict_keys(['project_data_ingestion_gcs_dag']) retrieved from /opt/airflow/dags/project_master_dags.py
[2023-03-20T23:47:06.420+0000] {logging_mixin.py:137} INFO - [2023-03-20T23:47:06.419+0000] {dag.py:2693} INFO - Sync 1 DAGs
[2023-03-20T23:47:06.487+0000] {logging_mixin.py:137} INFO - [2023-03-20T23:47:06.487+0000] {dag.py:3444} INFO - Setting next_dagrun for project_data_ingestion_gcs_dag to 2023-03-20T00:00:00+00:00, run_after=2023-03-21T00:00:00+00:00
[2023-03-20T23:47:06.526+0000] {processor.py:175} INFO - Processing /opt/airflow/dags/project_master_dags.py took 1.394 seconds
[2023-03-20T23:47:37.243+0000] {processor.py:153} INFO - Started process (PID=6802) to work on /opt/airflow/dags/project_master_dags.py
[2023-03-20T23:47:37.245+0000] {processor.py:743} INFO - Processing file /opt/airflow/dags/project_master_dags.py for tasks to queue
[2023-03-20T23:47:37.246+0000] {logging_mixin.py:137} INFO - [2023-03-20T23:47:37.246+0000] {dagbag.py:532} INFO - Filling up the DagBag from /opt/airflow/dags/project_master_dags.py
[2023-03-20T23:47:37.297+0000] {logging_mixin.py:137} INFO - Warning: Your Kaggle API key is readable by other users on this system! To fix this, you can run 'chmod 600 /home/airflow/.kaggle/kaggle.json'
[2023-03-20T23:47:38.625+0000] {processor.py:753} INFO - DAG(s) dict_keys(['project_data_ingestion_gcs_dag']) retrieved from /opt/airflow/dags/project_master_dags.py
[2023-03-20T23:47:38.671+0000] {logging_mixin.py:137} INFO - [2023-03-20T23:47:38.669+0000] {dag.py:2693} INFO - Sync 1 DAGs
[2023-03-20T23:47:38.780+0000] {logging_mixin.py:137} INFO - [2023-03-20T23:47:38.780+0000] {dag.py:3444} INFO - Setting next_dagrun for project_data_ingestion_gcs_dag to 2023-03-20T00:00:00+00:00, run_after=2023-03-21T00:00:00+00:00
[2023-03-20T23:47:38.826+0000] {processor.py:175} INFO - Processing /opt/airflow/dags/project_master_dags.py took 1.590 seconds
[2023-03-20T23:48:09.702+0000] {processor.py:153} INFO - Started process (PID=6857) to work on /opt/airflow/dags/project_master_dags.py
[2023-03-20T23:48:09.704+0000] {processor.py:743} INFO - Processing file /opt/airflow/dags/project_master_dags.py for tasks to queue
[2023-03-20T23:48:09.705+0000] {logging_mixin.py:137} INFO - [2023-03-20T23:48:09.705+0000] {dagbag.py:532} INFO - Filling up the DagBag from /opt/airflow/dags/project_master_dags.py
[2023-03-20T23:48:09.772+0000] {logging_mixin.py:137} INFO - Warning: Your Kaggle API key is readable by other users on this system! To fix this, you can run 'chmod 600 /home/airflow/.kaggle/kaggle.json'
[2023-03-20T23:48:11.307+0000] {processor.py:753} INFO - DAG(s) dict_keys(['project_data_ingestion_gcs_dag']) retrieved from /opt/airflow/dags/project_master_dags.py
[2023-03-20T23:48:11.332+0000] {logging_mixin.py:137} INFO - [2023-03-20T23:48:11.331+0000] {dag.py:2693} INFO - Sync 1 DAGs
[2023-03-20T23:48:11.396+0000] {logging_mixin.py:137} INFO - [2023-03-20T23:48:11.396+0000] {dag.py:3444} INFO - Setting next_dagrun for project_data_ingestion_gcs_dag to 2023-03-20T00:00:00+00:00, run_after=2023-03-21T00:00:00+00:00
[2023-03-20T23:48:11.433+0000] {processor.py:175} INFO - Processing /opt/airflow/dags/project_master_dags.py took 1.742 seconds
[2023-03-20T23:48:42.245+0000] {processor.py:153} INFO - Started process (PID=6914) to work on /opt/airflow/dags/project_master_dags.py
[2023-03-20T23:48:42.247+0000] {processor.py:743} INFO - Processing file /opt/airflow/dags/project_master_dags.py for tasks to queue
[2023-03-20T23:48:42.250+0000] {logging_mixin.py:137} INFO - [2023-03-20T23:48:42.249+0000] {dagbag.py:532} INFO - Filling up the DagBag from /opt/airflow/dags/project_master_dags.py
[2023-03-20T23:48:42.314+0000] {logging_mixin.py:137} INFO - Warning: Your Kaggle API key is readable by other users on this system! To fix this, you can run 'chmod 600 /home/airflow/.kaggle/kaggle.json'
[2023-03-20T23:48:45.041+0000] {processor.py:753} INFO - DAG(s) dict_keys(['project_data_ingestion_gcs_dag']) retrieved from /opt/airflow/dags/project_master_dags.py
[2023-03-20T23:48:45.243+0000] {logging_mixin.py:137} INFO - [2023-03-20T23:48:45.242+0000] {dag.py:2693} INFO - Sync 1 DAGs
[2023-03-20T23:48:45.429+0000] {logging_mixin.py:137} INFO - [2023-03-20T23:48:45.428+0000] {dag.py:3444} INFO - Setting next_dagrun for project_data_ingestion_gcs_dag to 2023-03-20T00:00:00+00:00, run_after=2023-03-21T00:00:00+00:00
[2023-03-20T23:48:45.568+0000] {processor.py:175} INFO - Processing /opt/airflow/dags/project_master_dags.py took 3.340 seconds
[2023-03-20T23:49:16.286+0000] {processor.py:153} INFO - Started process (PID=6981) to work on /opt/airflow/dags/project_master_dags.py
[2023-03-20T23:49:16.288+0000] {processor.py:743} INFO - Processing file /opt/airflow/dags/project_master_dags.py for tasks to queue
[2023-03-20T23:49:16.290+0000] {logging_mixin.py:137} INFO - [2023-03-20T23:49:16.289+0000] {dagbag.py:532} INFO - Filling up the DagBag from /opt/airflow/dags/project_master_dags.py
[2023-03-20T23:49:16.358+0000] {logging_mixin.py:137} INFO - Warning: Your Kaggle API key is readable by other users on this system! To fix this, you can run 'chmod 600 /home/airflow/.kaggle/kaggle.json'
[2023-03-20T23:49:19.247+0000] {processor.py:753} INFO - DAG(s) dict_keys(['project_data_ingestion_gcs_dag']) retrieved from /opt/airflow/dags/project_master_dags.py
[2023-03-20T23:49:19.341+0000] {logging_mixin.py:137} INFO - [2023-03-20T23:49:19.339+0000] {dag.py:2693} INFO - Sync 1 DAGs
[2023-03-20T23:49:19.480+0000] {logging_mixin.py:137} INFO - [2023-03-20T23:49:19.480+0000] {dag.py:3444} INFO - Setting next_dagrun for project_data_ingestion_gcs_dag to 2023-03-20T00:00:00+00:00, run_after=2023-03-21T00:00:00+00:00
[2023-03-20T23:49:20.261+0000] {processor.py:175} INFO - Processing /opt/airflow/dags/project_master_dags.py took 3.983 seconds
[2023-03-20T23:49:50.897+0000] {processor.py:153} INFO - Started process (PID=7037) to work on /opt/airflow/dags/project_master_dags.py
[2023-03-20T23:49:50.908+0000] {processor.py:743} INFO - Processing file /opt/airflow/dags/project_master_dags.py for tasks to queue
[2023-03-20T23:49:50.910+0000] {logging_mixin.py:137} INFO - [2023-03-20T23:49:50.909+0000] {dagbag.py:532} INFO - Filling up the DagBag from /opt/airflow/dags/project_master_dags.py
[2023-03-20T23:49:51.116+0000] {logging_mixin.py:137} INFO - Warning: Your Kaggle API key is readable by other users on this system! To fix this, you can run 'chmod 600 /home/airflow/.kaggle/kaggle.json'
[2023-03-20T23:49:53.803+0000] {processor.py:753} INFO - DAG(s) dict_keys(['project_data_ingestion_gcs_dag']) retrieved from /opt/airflow/dags/project_master_dags.py
[2023-03-20T23:49:53.818+0000] {logging_mixin.py:137} INFO - [2023-03-20T23:49:53.818+0000] {dag.py:2693} INFO - Sync 1 DAGs
[2023-03-20T23:49:53.856+0000] {logging_mixin.py:137} INFO - [2023-03-20T23:49:53.855+0000] {dag.py:3444} INFO - Setting next_dagrun for project_data_ingestion_gcs_dag to 2023-03-20T00:00:00+00:00, run_after=2023-03-21T00:00:00+00:00
[2023-03-20T23:49:53.881+0000] {processor.py:175} INFO - Processing /opt/airflow/dags/project_master_dags.py took 2.991 seconds
[2023-03-20T23:50:24.201+0000] {processor.py:153} INFO - Started process (PID=7093) to work on /opt/airflow/dags/project_master_dags.py
[2023-03-20T23:50:24.216+0000] {processor.py:743} INFO - Processing file /opt/airflow/dags/project_master_dags.py for tasks to queue
[2023-03-20T23:50:24.223+0000] {logging_mixin.py:137} INFO - [2023-03-20T23:50:24.222+0000] {dagbag.py:532} INFO - Filling up the DagBag from /opt/airflow/dags/project_master_dags.py
[2023-03-20T23:50:24.396+0000] {logging_mixin.py:137} INFO - Warning: Your Kaggle API key is readable by other users on this system! To fix this, you can run 'chmod 600 /home/airflow/.kaggle/kaggle.json'
[2023-03-20T23:50:27.837+0000] {processor.py:753} INFO - DAG(s) dict_keys(['project_data_ingestion_gcs_dag']) retrieved from /opt/airflow/dags/project_master_dags.py
[2023-03-20T23:50:28.120+0000] {logging_mixin.py:137} INFO - [2023-03-20T23:50:28.118+0000] {dag.py:2693} INFO - Sync 1 DAGs
[2023-03-20T23:50:28.209+0000] {logging_mixin.py:137} INFO - [2023-03-20T23:50:28.208+0000] {dag.py:3444} INFO - Setting next_dagrun for project_data_ingestion_gcs_dag to 2023-03-20T00:00:00+00:00, run_after=2023-03-21T00:00:00+00:00
[2023-03-20T23:50:28.369+0000] {processor.py:175} INFO - Processing /opt/airflow/dags/project_master_dags.py took 4.176 seconds
[2023-03-20T23:50:58.980+0000] {processor.py:153} INFO - Started process (PID=7152) to work on /opt/airflow/dags/project_master_dags.py
[2023-03-20T23:50:58.987+0000] {processor.py:743} INFO - Processing file /opt/airflow/dags/project_master_dags.py for tasks to queue
[2023-03-20T23:50:58.988+0000] {logging_mixin.py:137} INFO - [2023-03-20T23:50:58.988+0000] {dagbag.py:532} INFO - Filling up the DagBag from /opt/airflow/dags/project_master_dags.py
[2023-03-20T23:50:59.060+0000] {logging_mixin.py:137} INFO - Warning: Your Kaggle API key is readable by other users on this system! To fix this, you can run 'chmod 600 /home/airflow/.kaggle/kaggle.json'
[2023-03-20T23:51:00.648+0000] {processor.py:753} INFO - DAG(s) dict_keys(['project_data_ingestion_gcs_dag']) retrieved from /opt/airflow/dags/project_master_dags.py
[2023-03-20T23:51:00.680+0000] {logging_mixin.py:137} INFO - [2023-03-20T23:51:00.679+0000] {dag.py:2693} INFO - Sync 1 DAGs
[2023-03-20T23:51:00.716+0000] {logging_mixin.py:137} INFO - [2023-03-20T23:51:00.715+0000] {dag.py:3444} INFO - Setting next_dagrun for project_data_ingestion_gcs_dag to 2023-03-20T00:00:00+00:00, run_after=2023-03-21T00:00:00+00:00
[2023-03-20T23:51:00.742+0000] {processor.py:175} INFO - Processing /opt/airflow/dags/project_master_dags.py took 1.769 seconds
[2023-03-20T23:51:31.867+0000] {processor.py:153} INFO - Started process (PID=7210) to work on /opt/airflow/dags/project_master_dags.py
[2023-03-20T23:51:31.870+0000] {processor.py:743} INFO - Processing file /opt/airflow/dags/project_master_dags.py for tasks to queue
[2023-03-20T23:51:31.879+0000] {logging_mixin.py:137} INFO - [2023-03-20T23:51:31.878+0000] {dagbag.py:532} INFO - Filling up the DagBag from /opt/airflow/dags/project_master_dags.py
[2023-03-20T23:51:32.031+0000] {logging_mixin.py:137} INFO - Warning: Your Kaggle API key is readable by other users on this system! To fix this, you can run 'chmod 600 /home/airflow/.kaggle/kaggle.json'
[2023-03-20T23:51:34.324+0000] {processor.py:753} INFO - DAG(s) dict_keys(['project_data_ingestion_gcs_dag']) retrieved from /opt/airflow/dags/project_master_dags.py
[2023-03-20T23:51:34.357+0000] {logging_mixin.py:137} INFO - [2023-03-20T23:51:34.355+0000] {dag.py:2693} INFO - Sync 1 DAGs
[2023-03-20T23:51:34.471+0000] {logging_mixin.py:137} INFO - [2023-03-20T23:51:34.470+0000] {dag.py:3444} INFO - Setting next_dagrun for project_data_ingestion_gcs_dag to 2023-03-20T00:00:00+00:00, run_after=2023-03-21T00:00:00+00:00
[2023-03-20T23:51:34.557+0000] {processor.py:175} INFO - Processing /opt/airflow/dags/project_master_dags.py took 2.707 seconds
[2023-03-20T23:52:04.935+0000] {processor.py:153} INFO - Started process (PID=7269) to work on /opt/airflow/dags/project_master_dags.py
[2023-03-20T23:52:04.939+0000] {processor.py:743} INFO - Processing file /opt/airflow/dags/project_master_dags.py for tasks to queue
[2023-03-20T23:52:04.940+0000] {logging_mixin.py:137} INFO - [2023-03-20T23:52:04.940+0000] {dagbag.py:532} INFO - Filling up the DagBag from /opt/airflow/dags/project_master_dags.py
[2023-03-20T23:52:05.003+0000] {logging_mixin.py:137} INFO - Warning: Your Kaggle API key is readable by other users on this system! To fix this, you can run 'chmod 600 /home/airflow/.kaggle/kaggle.json'
[2023-03-20T23:52:06.029+0000] {processor.py:753} INFO - DAG(s) dict_keys(['project_data_ingestion_gcs_dag']) retrieved from /opt/airflow/dags/project_master_dags.py
[2023-03-20T23:52:06.117+0000] {logging_mixin.py:137} INFO - [2023-03-20T23:52:06.117+0000] {dag.py:2693} INFO - Sync 1 DAGs
[2023-03-20T23:52:06.314+0000] {logging_mixin.py:137} INFO - [2023-03-20T23:52:06.314+0000] {dag.py:3444} INFO - Setting next_dagrun for project_data_ingestion_gcs_dag to 2023-03-20T00:00:00+00:00, run_after=2023-03-21T00:00:00+00:00
[2023-03-20T23:52:06.343+0000] {processor.py:175} INFO - Processing /opt/airflow/dags/project_master_dags.py took 1.417 seconds
[2023-03-20T23:52:37.061+0000] {processor.py:153} INFO - Started process (PID=7326) to work on /opt/airflow/dags/project_master_dags.py
[2023-03-20T23:52:37.066+0000] {processor.py:743} INFO - Processing file /opt/airflow/dags/project_master_dags.py for tasks to queue
[2023-03-20T23:52:37.071+0000] {logging_mixin.py:137} INFO - [2023-03-20T23:52:37.070+0000] {dagbag.py:532} INFO - Filling up the DagBag from /opt/airflow/dags/project_master_dags.py
[2023-03-20T23:52:37.259+0000] {logging_mixin.py:137} INFO - Warning: Your Kaggle API key is readable by other users on this system! To fix this, you can run 'chmod 600 /home/airflow/.kaggle/kaggle.json'
[2023-03-20T23:52:38.787+0000] {processor.py:753} INFO - DAG(s) dict_keys(['project_data_ingestion_gcs_dag']) retrieved from /opt/airflow/dags/project_master_dags.py
[2023-03-20T23:52:38.817+0000] {logging_mixin.py:137} INFO - [2023-03-20T23:52:38.816+0000] {dag.py:2693} INFO - Sync 1 DAGs
[2023-03-20T23:52:38.854+0000] {logging_mixin.py:137} INFO - [2023-03-20T23:52:38.854+0000] {dag.py:3444} INFO - Setting next_dagrun for project_data_ingestion_gcs_dag to 2023-03-20T00:00:00+00:00, run_after=2023-03-21T00:00:00+00:00
[2023-03-20T23:52:38.881+0000] {processor.py:175} INFO - Processing /opt/airflow/dags/project_master_dags.py took 1.837 seconds
[2023-03-20T23:52:41.656+0000] {processor.py:153} INFO - Started process (PID=7340) to work on /opt/airflow/dags/project_master_dags.py
[2023-03-20T23:52:41.658+0000] {processor.py:743} INFO - Processing file /opt/airflow/dags/project_master_dags.py for tasks to queue
[2023-03-20T23:52:41.659+0000] {logging_mixin.py:137} INFO - [2023-03-20T23:52:41.659+0000] {dagbag.py:532} INFO - Filling up the DagBag from /opt/airflow/dags/project_master_dags.py
[2023-03-20T23:52:41.730+0000] {logging_mixin.py:137} INFO - Warning: Your Kaggle API key is readable by other users on this system! To fix this, you can run 'chmod 600 /home/airflow/.kaggle/kaggle.json'
[2023-03-20T23:52:43.304+0000] {processor.py:753} INFO - DAG(s) dict_keys(['project_data_ingestion_gcs_dag']) retrieved from /opt/airflow/dags/project_master_dags.py
[2023-03-20T23:52:43.389+0000] {logging_mixin.py:137} INFO - [2023-03-20T23:52:43.388+0000] {dag.py:2693} INFO - Sync 1 DAGs
[2023-03-20T23:52:43.465+0000] {logging_mixin.py:137} INFO - [2023-03-20T23:52:43.465+0000] {dag.py:3444} INFO - Setting next_dagrun for project_data_ingestion_gcs_dag to 2023-03-20T00:00:00+00:00, run_after=2023-03-21T00:00:00+00:00
[2023-03-20T23:52:43.510+0000] {processor.py:175} INFO - Processing /opt/airflow/dags/project_master_dags.py took 1.863 seconds
[2023-03-20T23:53:13.862+0000] {processor.py:153} INFO - Started process (PID=7397) to work on /opt/airflow/dags/project_master_dags.py
[2023-03-20T23:53:13.864+0000] {processor.py:743} INFO - Processing file /opt/airflow/dags/project_master_dags.py for tasks to queue
[2023-03-20T23:53:13.865+0000] {logging_mixin.py:137} INFO - [2023-03-20T23:53:13.865+0000] {dagbag.py:532} INFO - Filling up the DagBag from /opt/airflow/dags/project_master_dags.py
[2023-03-20T23:53:13.987+0000] {logging_mixin.py:137} INFO - Warning: Your Kaggle API key is readable by other users on this system! To fix this, you can run 'chmod 600 /home/airflow/.kaggle/kaggle.json'
[2023-03-20T23:53:15.615+0000] {processor.py:753} INFO - DAG(s) dict_keys(['project_data_ingestion_gcs_dag']) retrieved from /opt/airflow/dags/project_master_dags.py
[2023-03-20T23:53:15.636+0000] {logging_mixin.py:137} INFO - [2023-03-20T23:53:15.635+0000] {dag.py:2693} INFO - Sync 1 DAGs
[2023-03-20T23:53:15.701+0000] {logging_mixin.py:137} INFO - [2023-03-20T23:53:15.701+0000] {dag.py:3444} INFO - Setting next_dagrun for project_data_ingestion_gcs_dag to 2023-03-20T00:00:00+00:00, run_after=2023-03-21T00:00:00+00:00
[2023-03-20T23:53:15.736+0000] {processor.py:175} INFO - Processing /opt/airflow/dags/project_master_dags.py took 1.899 seconds
[2023-03-20T23:53:46.305+0000] {processor.py:153} INFO - Started process (PID=7454) to work on /opt/airflow/dags/project_master_dags.py
[2023-03-20T23:53:46.307+0000] {processor.py:743} INFO - Processing file /opt/airflow/dags/project_master_dags.py for tasks to queue
[2023-03-20T23:53:46.309+0000] {logging_mixin.py:137} INFO - [2023-03-20T23:53:46.309+0000] {dagbag.py:532} INFO - Filling up the DagBag from /opt/airflow/dags/project_master_dags.py
[2023-03-20T23:53:46.376+0000] {logging_mixin.py:137} INFO - Warning: Your Kaggle API key is readable by other users on this system! To fix this, you can run 'chmod 600 /home/airflow/.kaggle/kaggle.json'
[2023-03-20T23:53:48.450+0000] {processor.py:753} INFO - DAG(s) dict_keys(['project_data_ingestion_gcs_dag']) retrieved from /opt/airflow/dags/project_master_dags.py
[2023-03-20T23:53:48.649+0000] {logging_mixin.py:137} INFO - [2023-03-20T23:53:48.647+0000] {dag.py:2693} INFO - Sync 1 DAGs
[2023-03-20T23:53:48.711+0000] {logging_mixin.py:137} INFO - [2023-03-20T23:53:48.711+0000] {dag.py:3444} INFO - Setting next_dagrun for project_data_ingestion_gcs_dag to 2023-03-20T00:00:00+00:00, run_after=2023-03-21T00:00:00+00:00
[2023-03-20T23:53:49.028+0000] {processor.py:175} INFO - Processing /opt/airflow/dags/project_master_dags.py took 2.731 seconds
[2023-03-20T23:54:17.985+0000] {processor.py:153} INFO - Started process (PID=7520) to work on /opt/airflow/dags/project_master_dags.py
[2023-03-20T23:54:17.987+0000] {processor.py:743} INFO - Processing file /opt/airflow/dags/project_master_dags.py for tasks to queue
[2023-03-20T23:54:17.989+0000] {logging_mixin.py:137} INFO - [2023-03-20T23:54:17.989+0000] {dagbag.py:532} INFO - Filling up the DagBag from /opt/airflow/dags/project_master_dags.py
[2023-03-20T23:54:17.994+0000] {logging_mixin.py:137} INFO - [2023-03-20T23:54:17.992+0000] {dagbag.py:341} ERROR - Failed to import: /opt/airflow/dags/project_master_dags.py
Traceback (most recent call last):
  File "/home/airflow/.local/lib/python3.7/site-packages/airflow/models/dagbag.py", line 337, in parse
    loader.exec_module(new_module)
  File "<frozen importlib._bootstrap_external>", line 724, in exec_module
  File "<frozen importlib._bootstrap_external>", line 860, in get_code
  File "<frozen importlib._bootstrap_external>", line 791, in source_to_code
  File "<frozen importlib._bootstrap>", line 219, in _call_with_frames_removed
  File "/opt/airflow/dags/project_master_dags.py", line 99
    download_dataset_task = PythonOperator(
                        ^
IndentationError: expected an indented block
[2023-03-20T23:54:17.994+0000] {processor.py:755} WARNING - No viable dags retrieved from /opt/airflow/dags/project_master_dags.py
[2023-03-20T23:54:18.033+0000] {processor.py:175} INFO - Processing /opt/airflow/dags/project_master_dags.py took 0.056 seconds
[2023-03-20T23:54:48.300+0000] {processor.py:153} INFO - Started process (PID=7567) to work on /opt/airflow/dags/project_master_dags.py
[2023-03-20T23:54:48.302+0000] {processor.py:743} INFO - Processing file /opt/airflow/dags/project_master_dags.py for tasks to queue
[2023-03-20T23:54:48.303+0000] {logging_mixin.py:137} INFO - [2023-03-20T23:54:48.303+0000] {dagbag.py:532} INFO - Filling up the DagBag from /opt/airflow/dags/project_master_dags.py
[2023-03-20T23:54:48.308+0000] {logging_mixin.py:137} INFO - [2023-03-20T23:54:48.306+0000] {dagbag.py:341} ERROR - Failed to import: /opt/airflow/dags/project_master_dags.py
Traceback (most recent call last):
  File "/home/airflow/.local/lib/python3.7/site-packages/airflow/models/dagbag.py", line 337, in parse
    loader.exec_module(new_module)
  File "<frozen importlib._bootstrap_external>", line 724, in exec_module
  File "<frozen importlib._bootstrap_external>", line 860, in get_code
  File "<frozen importlib._bootstrap_external>", line 791, in source_to_code
  File "<frozen importlib._bootstrap>", line 219, in _call_with_frames_removed
  File "/opt/airflow/dags/project_master_dags.py", line 99
    download_dataset_task = PythonOperator(
                        ^
IndentationError: expected an indented block
[2023-03-20T23:54:48.309+0000] {processor.py:755} WARNING - No viable dags retrieved from /opt/airflow/dags/project_master_dags.py
[2023-03-20T23:54:48.348+0000] {processor.py:175} INFO - Processing /opt/airflow/dags/project_master_dags.py took 0.056 seconds
[2023-03-20T23:55:19.543+0000] {processor.py:153} INFO - Started process (PID=7613) to work on /opt/airflow/dags/project_master_dags.py
[2023-03-20T23:55:19.554+0000] {processor.py:743} INFO - Processing file /opt/airflow/dags/project_master_dags.py for tasks to queue
[2023-03-20T23:55:19.556+0000] {logging_mixin.py:137} INFO - [2023-03-20T23:55:19.556+0000] {dagbag.py:532} INFO - Filling up the DagBag from /opt/airflow/dags/project_master_dags.py
[2023-03-20T23:55:19.561+0000] {logging_mixin.py:137} INFO - [2023-03-20T23:55:19.559+0000] {dagbag.py:341} ERROR - Failed to import: /opt/airflow/dags/project_master_dags.py
Traceback (most recent call last):
  File "/home/airflow/.local/lib/python3.7/site-packages/airflow/models/dagbag.py", line 337, in parse
    loader.exec_module(new_module)
  File "<frozen importlib._bootstrap_external>", line 724, in exec_module
  File "<frozen importlib._bootstrap_external>", line 860, in get_code
  File "<frozen importlib._bootstrap_external>", line 791, in source_to_code
  File "<frozen importlib._bootstrap>", line 219, in _call_with_frames_removed
  File "/opt/airflow/dags/project_master_dags.py", line 99
    download_dataset_task = PythonOperator(
                        ^
IndentationError: expected an indented block
[2023-03-20T23:55:19.570+0000] {processor.py:755} WARNING - No viable dags retrieved from /opt/airflow/dags/project_master_dags.py
[2023-03-20T23:55:19.638+0000] {processor.py:175} INFO - Processing /opt/airflow/dags/project_master_dags.py took 0.111 seconds
[2023-03-20T23:55:33.787+0000] {processor.py:153} INFO - Started process (PID=7626) to work on /opt/airflow/dags/project_master_dags.py
[2023-03-20T23:55:33.789+0000] {processor.py:743} INFO - Processing file /opt/airflow/dags/project_master_dags.py for tasks to queue
[2023-03-20T23:55:33.791+0000] {logging_mixin.py:137} INFO - [2023-03-20T23:55:33.791+0000] {dagbag.py:532} INFO - Filling up the DagBag from /opt/airflow/dags/project_master_dags.py
[2023-03-20T23:55:33.867+0000] {logging_mixin.py:137} INFO - Warning: Your Kaggle API key is readable by other users on this system! To fix this, you can run 'chmod 600 /home/airflow/.kaggle/kaggle.json'
[2023-03-20T23:55:35.508+0000] {logging_mixin.py:137} INFO - [2023-03-20T23:55:35.505+0000] {dagbag.py:341} ERROR - Failed to import: /opt/airflow/dags/project_master_dags.py
Traceback (most recent call last):
  File "/home/airflow/.local/lib/python3.7/site-packages/airflow/models/dagbag.py", line 337, in parse
    loader.exec_module(new_module)
  File "<frozen importlib._bootstrap_external>", line 728, in exec_module
  File "<frozen importlib._bootstrap>", line 219, in _call_with_frames_removed
  File "/opt/airflow/dags/project_master_dags.py", line 90, in <module>
    dag = DAG('project_masterdag', default_args=default_args, schedule_interval=timedelta(days=1),catchup=False,tags=['dtc-de'],)
NameError: name 'timedelta' is not defined
[2023-03-20T23:55:35.509+0000] {processor.py:755} WARNING - No viable dags retrieved from /opt/airflow/dags/project_master_dags.py
[2023-03-20T23:55:35.540+0000] {processor.py:175} INFO - Processing /opt/airflow/dags/project_master_dags.py took 1.760 seconds
[2023-03-20T23:55:43.515+0000] {processor.py:153} INFO - Started process (PID=7655) to work on /opt/airflow/dags/project_master_dags.py
[2023-03-20T23:55:43.517+0000] {processor.py:743} INFO - Processing file /opt/airflow/dags/project_master_dags.py for tasks to queue
[2023-03-20T23:55:43.519+0000] {logging_mixin.py:137} INFO - [2023-03-20T23:55:43.519+0000] {dagbag.py:532} INFO - Filling up the DagBag from /opt/airflow/dags/project_master_dags.py
[2023-03-20T23:55:43.609+0000] {logging_mixin.py:137} INFO - Warning: Your Kaggle API key is readable by other users on this system! To fix this, you can run 'chmod 600 /home/airflow/.kaggle/kaggle.json'
[2023-03-20T23:55:45.964+0000] {logging_mixin.py:137} INFO - [2023-03-20T23:55:45.962+0000] {dagbag.py:341} ERROR - Failed to import: /opt/airflow/dags/project_master_dags.py
Traceback (most recent call last):
  File "/home/airflow/.local/lib/python3.7/site-packages/airflow/models/dagbag.py", line 337, in parse
    loader.exec_module(new_module)
  File "<frozen importlib._bootstrap_external>", line 728, in exec_module
  File "<frozen importlib._bootstrap>", line 219, in _call_with_frames_removed
  File "/opt/airflow/dags/project_master_dags.py", line 90, in <module>
    dag = DAG('project_masterdag', default_args=default_args, schedule_interval=timedelta(days=1),catchup=False,tags=['dtc-de'],)
NameError: name 'timedelta' is not defined
[2023-03-20T23:55:45.970+0000] {processor.py:755} WARNING - No viable dags retrieved from /opt/airflow/dags/project_master_dags.py
[2023-03-20T23:55:46.020+0000] {processor.py:175} INFO - Processing /opt/airflow/dags/project_master_dags.py took 2.513 seconds
[2023-03-20T23:56:16.536+0000] {processor.py:153} INFO - Started process (PID=7722) to work on /opt/airflow/dags/project_master_dags.py
[2023-03-20T23:56:16.544+0000] {processor.py:743} INFO - Processing file /opt/airflow/dags/project_master_dags.py for tasks to queue
[2023-03-20T23:56:16.547+0000] {logging_mixin.py:137} INFO - [2023-03-20T23:56:16.546+0000] {dagbag.py:532} INFO - Filling up the DagBag from /opt/airflow/dags/project_master_dags.py
[2023-03-20T23:56:16.631+0000] {logging_mixin.py:137} INFO - Warning: Your Kaggle API key is readable by other users on this system! To fix this, you can run 'chmod 600 /home/airflow/.kaggle/kaggle.json'
[2023-03-20T23:56:18.747+0000] {logging_mixin.py:137} INFO - [2023-03-20T23:56:18.744+0000] {dagbag.py:341} ERROR - Failed to import: /opt/airflow/dags/project_master_dags.py
Traceback (most recent call last):
  File "/home/airflow/.local/lib/python3.7/site-packages/airflow/models/dagbag.py", line 337, in parse
    loader.exec_module(new_module)
  File "<frozen importlib._bootstrap_external>", line 728, in exec_module
  File "<frozen importlib._bootstrap>", line 219, in _call_with_frames_removed
  File "/opt/airflow/dags/project_master_dags.py", line 90, in <module>
    dag = DAG('project_masterdag', default_args=default_args, schedule_interval=timedelta(days=1),catchup=False,tags=['dtc-de'],)
NameError: name 'timedelta' is not defined
[2023-03-20T23:56:18.748+0000] {processor.py:755} WARNING - No viable dags retrieved from /opt/airflow/dags/project_master_dags.py
[2023-03-20T23:56:18.794+0000] {processor.py:175} INFO - Processing /opt/airflow/dags/project_master_dags.py took 2.274 seconds
[2023-03-20T23:56:25.824+0000] {processor.py:153} INFO - Started process (PID=7741) to work on /opt/airflow/dags/project_master_dags.py
[2023-03-20T23:56:25.826+0000] {processor.py:743} INFO - Processing file /opt/airflow/dags/project_master_dags.py for tasks to queue
[2023-03-20T23:56:25.831+0000] {logging_mixin.py:137} INFO - [2023-03-20T23:56:25.830+0000] {dagbag.py:532} INFO - Filling up the DagBag from /opt/airflow/dags/project_master_dags.py
[2023-03-20T23:56:26.019+0000] {logging_mixin.py:137} INFO - Warning: Your Kaggle API key is readable by other users on this system! To fix this, you can run 'chmod 600 /home/airflow/.kaggle/kaggle.json'
[2023-03-20T23:56:28.792+0000] {processor.py:753} INFO - DAG(s) dict_keys(['project_masterdag']) retrieved from /opt/airflow/dags/project_master_dags.py
[2023-03-20T23:56:29.877+0000] {logging_mixin.py:137} INFO - [2023-03-20T23:56:29.876+0000] {manager.py:504} INFO - Created Permission View: can delete on DAG:project_masterdag
[2023-03-20T23:56:29.910+0000] {logging_mixin.py:137} INFO - [2023-03-20T23:56:29.910+0000] {manager.py:504} INFO - Created Permission View: can edit on DAG:project_masterdag
[2023-03-20T23:56:29.942+0000] {logging_mixin.py:137} INFO - [2023-03-20T23:56:29.942+0000] {manager.py:504} INFO - Created Permission View: can read on DAG:project_masterdag
[2023-03-20T23:56:29.944+0000] {logging_mixin.py:137} INFO - [2023-03-20T23:56:29.943+0000] {dag.py:2693} INFO - Sync 1 DAGs
[2023-03-20T23:56:29.991+0000] {logging_mixin.py:137} INFO - [2023-03-20T23:56:29.990+0000] {dag.py:2714} INFO - Creating ORM DAG for project_masterdag
[2023-03-20T23:56:30.040+0000] {logging_mixin.py:137} INFO - [2023-03-20T23:56:30.039+0000] {dag.py:3444} INFO - Setting next_dagrun for project_masterdag to 2023-03-19T23:56:30.039393+00:00, run_after=2023-03-20T23:56:30.039393+00:00
[2023-03-20T23:56:30.123+0000] {processor.py:175} INFO - Processing /opt/airflow/dags/project_master_dags.py took 4.324 seconds
[2023-03-20T23:57:00.484+0000] {processor.py:153} INFO - Started process (PID=7797) to work on /opt/airflow/dags/project_master_dags.py
[2023-03-20T23:57:00.486+0000] {processor.py:743} INFO - Processing file /opt/airflow/dags/project_master_dags.py for tasks to queue
[2023-03-20T23:57:00.487+0000] {logging_mixin.py:137} INFO - [2023-03-20T23:57:00.487+0000] {dagbag.py:532} INFO - Filling up the DagBag from /opt/airflow/dags/project_master_dags.py
[2023-03-20T23:57:00.570+0000] {logging_mixin.py:137} INFO - Warning: Your Kaggle API key is readable by other users on this system! To fix this, you can run 'chmod 600 /home/airflow/.kaggle/kaggle.json'
[2023-03-20T23:57:03.481+0000] {processor.py:753} INFO - DAG(s) dict_keys(['project_masterdag']) retrieved from /opt/airflow/dags/project_master_dags.py
[2023-03-20T23:57:03.587+0000] {logging_mixin.py:137} INFO - [2023-03-20T23:57:03.586+0000] {dag.py:2693} INFO - Sync 1 DAGs
[2023-03-20T23:57:03.753+0000] {logging_mixin.py:137} INFO - [2023-03-20T23:57:03.752+0000] {dag.py:3444} INFO - Setting next_dagrun for project_masterdag to 2023-03-20T23:56:30.039393+00:00, run_after=2023-03-21T23:56:30.039393+00:00
[2023-03-20T23:57:03.827+0000] {processor.py:175} INFO - Processing /opt/airflow/dags/project_master_dags.py took 3.352 seconds
[2023-03-20T23:57:41.048+0000] {processor.py:153} INFO - Started process (PID=7852) to work on /opt/airflow/dags/project_master_dags.py
[2023-03-20T23:57:41.051+0000] {processor.py:743} INFO - Processing file /opt/airflow/dags/project_master_dags.py for tasks to queue
[2023-03-20T23:57:41.054+0000] {logging_mixin.py:137} INFO - [2023-03-20T23:57:41.054+0000] {dagbag.py:532} INFO - Filling up the DagBag from /opt/airflow/dags/project_master_dags.py
[2023-03-20T23:57:41.534+0000] {logging_mixin.py:137} INFO - Warning: Your Kaggle API key is readable by other users on this system! To fix this, you can run 'chmod 600 /home/airflow/.kaggle/kaggle.json'
[2023-03-20T23:57:52.050+0000] {processor.py:753} INFO - DAG(s) dict_keys(['project_masterdag']) retrieved from /opt/airflow/dags/project_master_dags.py
[2023-03-20T23:57:52.243+0000] {logging_mixin.py:137} INFO - [2023-03-20T23:57:52.242+0000] {dag.py:2693} INFO - Sync 1 DAGs
[2023-03-20T23:57:52.473+0000] {logging_mixin.py:137} INFO - [2023-03-20T23:57:52.472+0000] {dag.py:3444} INFO - Setting next_dagrun for project_masterdag to 2023-03-20T23:56:30.039393+00:00, run_after=2023-03-21T23:56:30.039393+00:00
[2023-03-20T23:57:53.662+0000] {processor.py:175} INFO - Processing /opt/airflow/dags/project_master_dags.py took 12.650 seconds
[2023-03-20T23:58:24.276+0000] {processor.py:153} INFO - Started process (PID=7909) to work on /opt/airflow/dags/project_master_dags.py
[2023-03-20T23:58:24.282+0000] {processor.py:743} INFO - Processing file /opt/airflow/dags/project_master_dags.py for tasks to queue
[2023-03-20T23:58:24.284+0000] {logging_mixin.py:137} INFO - [2023-03-20T23:58:24.284+0000] {dagbag.py:532} INFO - Filling up the DagBag from /opt/airflow/dags/project_master_dags.py
[2023-03-20T23:58:24.615+0000] {logging_mixin.py:137} INFO - Warning: Your Kaggle API key is readable by other users on this system! To fix this, you can run 'chmod 600 /home/airflow/.kaggle/kaggle.json'
[2023-03-20T23:58:32.838+0000] {logging_mixin.py:137} INFO - [2023-03-20T23:58:32.828+0000] {dagbag.py:341} ERROR - Failed to import: /opt/airflow/dags/project_master_dags.py
Traceback (most recent call last):
  File "/home/airflow/.local/lib/python3.7/site-packages/airflow/models/dagbag.py", line 337, in parse
    loader.exec_module(new_module)
  File "<frozen importlib._bootstrap_external>", line 728, in exec_module
  File "<frozen importlib._bootstrap>", line 219, in _call_with_frames_removed
  File "/opt/airflow/dags/project_master_dags.py", line 112, in <module>
    gcs_to_bq_task = GoogleCloudStorageToBigQueryOperator(
NameError: name 'GoogleCloudStorageToBigQueryOperator' is not defined
[2023-03-20T23:58:32.850+0000] {processor.py:755} WARNING - No viable dags retrieved from /opt/airflow/dags/project_master_dags.py
[2023-03-20T23:58:32.934+0000] {processor.py:175} INFO - Processing /opt/airflow/dags/project_master_dags.py took 8.675 seconds
[2023-03-20T23:59:03.383+0000] {processor.py:153} INFO - Started process (PID=7967) to work on /opt/airflow/dags/project_master_dags.py
[2023-03-20T23:59:03.394+0000] {processor.py:743} INFO - Processing file /opt/airflow/dags/project_master_dags.py for tasks to queue
[2023-03-20T23:59:03.396+0000] {logging_mixin.py:137} INFO - [2023-03-20T23:59:03.396+0000] {dagbag.py:532} INFO - Filling up the DagBag from /opt/airflow/dags/project_master_dags.py
[2023-03-20T23:59:03.571+0000] {logging_mixin.py:137} INFO - Warning: Your Kaggle API key is readable by other users on this system! To fix this, you can run 'chmod 600 /home/airflow/.kaggle/kaggle.json'
[2023-03-20T23:59:10.496+0000] {logging_mixin.py:137} INFO - [2023-03-20T23:59:10.493+0000] {dagbag.py:341} ERROR - Failed to import: /opt/airflow/dags/project_master_dags.py
Traceback (most recent call last):
  File "/home/airflow/.local/lib/python3.7/site-packages/airflow/models/dagbag.py", line 337, in parse
    loader.exec_module(new_module)
  File "<frozen importlib._bootstrap_external>", line 728, in exec_module
  File "<frozen importlib._bootstrap>", line 219, in _call_with_frames_removed
  File "/opt/airflow/dags/project_master_dags.py", line 112, in <module>
    gcs_to_bq_task = GoogleCloudStorageToBigQueryOperator(
NameError: name 'GoogleCloudStorageToBigQueryOperator' is not defined
[2023-03-20T23:59:10.496+0000] {processor.py:755} WARNING - No viable dags retrieved from /opt/airflow/dags/project_master_dags.py
[2023-03-20T23:59:10.543+0000] {processor.py:175} INFO - Processing /opt/airflow/dags/project_master_dags.py took 7.192 seconds
[2023-03-20T23:59:40.785+0000] {processor.py:153} INFO - Started process (PID=8023) to work on /opt/airflow/dags/project_master_dags.py
[2023-03-20T23:59:40.799+0000] {processor.py:743} INFO - Processing file /opt/airflow/dags/project_master_dags.py for tasks to queue
[2023-03-20T23:59:40.801+0000] {logging_mixin.py:137} INFO - [2023-03-20T23:59:40.801+0000] {dagbag.py:532} INFO - Filling up the DagBag from /opt/airflow/dags/project_master_dags.py
[2023-03-20T23:59:40.922+0000] {logging_mixin.py:137} INFO - Warning: Your Kaggle API key is readable by other users on this system! To fix this, you can run 'chmod 600 /home/airflow/.kaggle/kaggle.json'
[2023-03-20T23:59:46.218+0000] {logging_mixin.py:137} INFO - [2023-03-20T23:59:46.216+0000] {dagbag.py:341} ERROR - Failed to import: /opt/airflow/dags/project_master_dags.py
Traceback (most recent call last):
  File "/home/airflow/.local/lib/python3.7/site-packages/airflow/models/dagbag.py", line 337, in parse
    loader.exec_module(new_module)
  File "<frozen importlib._bootstrap_external>", line 728, in exec_module
  File "<frozen importlib._bootstrap>", line 219, in _call_with_frames_removed
  File "/opt/airflow/dags/project_master_dags.py", line 112, in <module>
    gcs_to_bq_task = GoogleCloudStorageToBigQueryOperator(
NameError: name 'GoogleCloudStorageToBigQueryOperator' is not defined
[2023-03-20T23:59:46.219+0000] {processor.py:755} WARNING - No viable dags retrieved from /opt/airflow/dags/project_master_dags.py
[2023-03-20T23:59:46.288+0000] {processor.py:175} INFO - Processing /opt/airflow/dags/project_master_dags.py took 5.519 seconds
