[2023-03-21T14:23:53.471+0000] {taskinstance.py:1084} INFO - Dependencies all met for dep_context=non-requeueable deps ti=<TaskInstance: project_masterdag.gcs_to_bq manual__2023-03-21T14:00:00.595190+00:00 [queued]>
[2023-03-21T14:23:53.566+0000] {taskinstance.py:1084} INFO - Dependencies all met for dep_context=requeueable deps ti=<TaskInstance: project_masterdag.gcs_to_bq manual__2023-03-21T14:00:00.595190+00:00 [queued]>
[2023-03-21T14:23:53.567+0000] {taskinstance.py:1282} INFO - 
--------------------------------------------------------------------------------
[2023-03-21T14:23:53.567+0000] {taskinstance.py:1283} INFO - Starting attempt 2 of 3
[2023-03-21T14:23:53.568+0000] {taskinstance.py:1284} INFO - 
--------------------------------------------------------------------------------
[2023-03-21T14:23:53.658+0000] {taskinstance.py:1303} INFO - Executing <Task(GCSToBigQueryOperator): gcs_to_bq> on 2023-03-21 14:00:00.595190+00:00
[2023-03-21T14:23:53.698+0000] {standard_task_runner.py:55} INFO - Started process 40362 to run task
[2023-03-21T14:23:53.734+0000] {standard_task_runner.py:82} INFO - Running: ['***', 'tasks', 'run', 'project_masterdag', 'gcs_to_bq', 'manual__2023-03-21T14:00:00.595190+00:00', '--job-id', '349', '--raw', '--subdir', 'DAGS_FOLDER/project_master_dags.py', '--cfg-path', '/tmp/tmp11rko_zv']
[2023-03-21T14:23:53.795+0000] {standard_task_runner.py:83} INFO - Job 349: Subtask gcs_to_bq
[2023-03-21T14:23:53.901+0000] {warnings.py:110} WARNING - /home/***/.local/lib/python3.7/site-packages/***/settings.py:250: DeprecationWarning: The sql_alchemy_conn option in [core] has been moved to the sql_alchemy_conn option in [database] - the old setting has been used, but please update your config.
  SQL_ALCHEMY_CONN = conf.get("database", "SQL_ALCHEMY_CONN")

[2023-03-21T14:23:54.315+0000] {task_command.py:388} INFO - Running <TaskInstance: project_masterdag.gcs_to_bq manual__2023-03-21T14:00:00.595190+00:00 [running]> on host 796cac132c25
[2023-03-21T14:23:54.678+0000] {taskinstance.py:1511} INFO - Exporting the following env vars:
AIRFLOW_CTX_DAG_OWNER=***
AIRFLOW_CTX_DAG_ID=project_masterdag
AIRFLOW_CTX_TASK_ID=gcs_to_bq
AIRFLOW_CTX_EXECUTION_DATE=2023-03-21T14:00:00.595190+00:00
AIRFLOW_CTX_TRY_NUMBER=2
AIRFLOW_CTX_DAG_RUN_ID=manual__2023-03-21T14:00:00.595190+00:00
[2023-03-21T14:23:54.688+0000] {base.py:73} INFO - Using connection ID 'google_cloud_default' for task execution.
[2023-03-21T14:23:54.695+0000] {gcs_to_bigquery.py:382} INFO - Using existing BigQuery table for storing data...
[2023-03-21T14:23:55.064+0000] {gcs_to_bigquery.py:386} INFO - Executing: {'load': {'autodetect': True, 'createDisposition': 'CREATE_IF_NEEDED', 'destinationTable': {'projectId': 'dtc-de-course-375420', 'datasetId': 'chicago_crime_all', 'tableId': 'et_chicago_crimes'}, 'sourceFormat': 'CSV', 'sourceUris': ['gs://dtc_data_lake_dtc-de-course-375420/project/*.csv'], 'writeDisposition': 'WRITE_TRUNCATE', 'ignoreUnknownValues': False, 'schema': {'fields': [{'name': 'ID', 'type': 'INTEGER', 'mode': 'NULLABLE'}, {'name': 'Case_Number', 'type': 'STRING', 'mode': 'NULLABLE'}, {'name': 'Date', 'type': 'STRING', 'mode': 'NULLABLE'}, {'name': 'Block', 'type': 'STRING', 'mode': 'NULLABLE'}, {'name': 'IUCR', 'type': 'STRING', 'mode': 'NULLABLE'}, {'name': 'Primary_Type', 'type': 'STRING', 'mode': 'NULLABLE'}, {'name': 'Description', 'type': 'STRING', 'mode': 'NULLABLE'}, {'name': 'Location_Description', 'type': 'STRING', 'mode': 'NULLABLE'}, {'name': 'Arrest', 'type': 'STRING', 'mode': 'NULLABLE'}, {'name': 'Domestic', 'type': 'STRING', 'mode': 'NULLABLE'}, {'name': 'Beat', 'type': 'STRING', 'mode': 'NULLABLE'}, {'name': 'District', 'type': 'STRING', 'mode': 'NULLABLE'}, {'name': 'Ward', 'type': 'STRING', 'mode': 'NULLABLE'}, {'name': 'Community_Area', 'type': 'STRING', 'mode': 'NULLABLE'}, {'name': 'FBI_Code', 'type': 'STRING', 'mode': 'NULLABLE'}, {'name': 'X_Coordinate', 'type': 'STRING', 'mode': 'NULLABLE'}, {'name': 'Y_Coordinate', 'type': 'STRING', 'mode': 'NULLABLE'}, {'name': 'Year', 'type': 'INTEGER', 'mode': 'NULLABLE'}, {'name': 'Updated_On', 'type': 'STRING', 'mode': 'NULLABLE'}, {'name': 'Latitude', 'type': 'FLOAT', 'mode': 'NULLABLE'}, {'name': 'Longitude', 'type': 'FLOAT', 'mode': 'NULLABLE'}, {'name': 'Location', 'type': 'STRING', 'mode': 'NULLABLE'}]}, 'skipLeadingRows': None, 'fieldDelimiter': ',', 'quote': '"', 'allowQuotedNewlines': False, 'encoding': 'UTF-8'}}
[2023-03-21T14:23:55.068+0000] {bigquery.py:1546} INFO - Inserting job ***_project_masterdag_gcs_to_bq_2023_03_21T14_00_00_595190_00_00_bf740b8b8c9f9823da2dbc508490ed8e
[2023-03-21T14:24:16.241+0000] {taskinstance.py:1326} INFO - Marking task as SUCCESS. dag_id=project_masterdag, task_id=gcs_to_bq, execution_date=20230321T140000, start_date=20230321T142353, end_date=20230321T142416
[2023-03-21T14:24:16.320+0000] {local_task_job.py:212} INFO - Task exited with return code 0
