[2023-03-20T23:26:19.740+0000] {taskinstance.py:1084} INFO - Dependencies all met for dep_context=non-requeueable deps ti=<TaskInstance: project_bigquery_sql_dag.execute_sql_file manual__2023-03-20T20:40:54.242399+00:00 [queued]>
[2023-03-20T23:26:19.761+0000] {taskinstance.py:1084} INFO - Dependencies all met for dep_context=requeueable deps ti=<TaskInstance: project_bigquery_sql_dag.execute_sql_file manual__2023-03-20T20:40:54.242399+00:00 [queued]>
[2023-03-20T23:26:19.762+0000] {taskinstance.py:1282} INFO - 
--------------------------------------------------------------------------------
[2023-03-20T23:26:19.762+0000] {taskinstance.py:1283} INFO - Starting attempt 22 of 23
[2023-03-20T23:26:19.762+0000] {taskinstance.py:1284} INFO - 
--------------------------------------------------------------------------------
[2023-03-20T23:26:19.799+0000] {taskinstance.py:1303} INFO - Executing <Task(BigQueryInsertJobOperator): execute_sql_file> on 2023-03-20 20:40:54.242399+00:00
[2023-03-20T23:26:19.809+0000] {standard_task_runner.py:55} INFO - Started process 2430 to run task
[2023-03-20T23:26:19.822+0000] {standard_task_runner.py:82} INFO - Running: ['***', 'tasks', 'run', 'project_bigquery_sql_dag', 'execute_sql_file', 'manual__2023-03-20T20:40:54.242399+00:00', '--job-id', '250', '--raw', '--subdir', 'DAGS_FOLDER/project_bq_partitioning.py', '--cfg-path', '/tmp/tmp1uu3700j']
[2023-03-20T23:26:19.826+0000] {standard_task_runner.py:83} INFO - Job 250: Subtask execute_sql_file
[2023-03-20T23:26:19.856+0000] {warnings.py:110} WARNING - /home/***/.local/lib/python3.7/site-packages/***/settings.py:250: DeprecationWarning: The sql_alchemy_conn option in [core] has been moved to the sql_alchemy_conn option in [database] - the old setting has been used, but please update your config.
  SQL_ALCHEMY_CONN = conf.get("database", "SQL_ALCHEMY_CONN")

[2023-03-20T23:26:19.986+0000] {task_command.py:388} INFO - Running <TaskInstance: project_bigquery_sql_dag.execute_sql_file manual__2023-03-20T20:40:54.242399+00:00 [running]> on host 796cac132c25
[2023-03-20T23:26:20.196+0000] {taskinstance.py:1511} INFO - Exporting the following env vars:
AIRFLOW_CTX_DAG_OWNER=***
AIRFLOW_CTX_DAG_ID=project_bigquery_sql_dag
AIRFLOW_CTX_TASK_ID=execute_sql_file
AIRFLOW_CTX_EXECUTION_DATE=2023-03-20T20:40:54.242399+00:00
AIRFLOW_CTX_TRY_NUMBER=22
AIRFLOW_CTX_DAG_RUN_ID=manual__2023-03-20T20:40:54.242399+00:00
[2023-03-20T23:26:20.200+0000] {base.py:73} INFO - Using connection ID 'google_cloud_default' for task execution.
[2023-03-20T23:26:20.202+0000] {bigquery.py:2731} INFO - Executing: {'query': {'query': 'select * from `dtc-de-course-375420`.`chicago_crime_all`.`et_chicago_crimes` limit 1;\n\nCREATE OR REPLACE TABLE `dtc-de-course-375420.chicago_crime_all.ET_CHICAGO_CRIMES_DATEFORMATTED` AS\nSELECT\n  DATE(PARSE_DATETIME("%m/%d/%Y %I:%M:%S %p", date)) AS New_Date,\n  DATE_TRUNC(DATE(PARSE_DATETIME("%m/%d/%Y %I:%M:%S %p", date)), MONTH) AS Month,*\nFROM\n  `dtc-de-course-375420.chicago_crime_all.et_chicago_crimes`;\n  \n  \nCREATE OR REPLACE TABLE `dtc-de-course-375420.chicago_crime_all.CHICAGO_CRIMES_PARTITIONED`\nPARTITION BY Month\nAS\nSELECT * FROM `dtc-de-course-375420.chicago_crime_all.ET_CHICAGO_CRIMES_DATEFORMATTED`;', 'useLegacySql': False}}'
[2023-03-20T23:26:20.380+0000] {bigquery.py:1546} INFO - Inserting job ***_project_bigquery_sql_dag_execute_sql_file_2023_03_20T20_40_54_242399_00_00_ff642d21922f9cb7e0577dd5cc680f66
[2023-03-20T23:26:35.567+0000] {taskinstance.py:1326} INFO - Marking task as SUCCESS. dag_id=project_bigquery_sql_dag, task_id=execute_sql_file, execution_date=20230320T204054, start_date=20230320T232619, end_date=20230320T232635
[2023-03-20T23:26:35.674+0000] {local_task_job.py:212} INFO - Task exited with return code 0
[2023-03-20T23:26:35.759+0000] {taskinstance.py:2585} INFO - 0 downstream tasks scheduled from follow-on schedule check
