[2023-03-20T22:36:59.988+0000] {taskinstance.py:1084} INFO - Dependencies all met for dep_context=non-requeueable deps ti=<TaskInstance: project_bigquery_sql_dag.execute_sql_file manual__2023-03-20T20:40:54.242399+00:00 [queued]>
[2023-03-20T22:37:00.022+0000] {taskinstance.py:1084} INFO - Dependencies all met for dep_context=requeueable deps ti=<TaskInstance: project_bigquery_sql_dag.execute_sql_file manual__2023-03-20T20:40:54.242399+00:00 [queued]>
[2023-03-20T22:37:00.023+0000] {taskinstance.py:1282} INFO - 
--------------------------------------------------------------------------------
[2023-03-20T22:37:00.024+0000] {taskinstance.py:1283} INFO - Starting attempt 14 of 14
[2023-03-20T22:37:00.024+0000] {taskinstance.py:1284} INFO - 
--------------------------------------------------------------------------------
[2023-03-20T22:37:00.079+0000] {taskinstance.py:1303} INFO - Executing <Task(BigQueryExecuteQueryOperator): execute_sql_file> on 2023-03-20 20:40:54.242399+00:00
[2023-03-20T22:37:00.097+0000] {standard_task_runner.py:55} INFO - Started process 416 to run task
[2023-03-20T22:37:00.104+0000] {standard_task_runner.py:82} INFO - Running: ['***', 'tasks', 'run', 'project_bigquery_sql_dag', 'execute_sql_file', 'manual__2023-03-20T20:40:54.242399+00:00', '--job-id', '243', '--raw', '--subdir', 'DAGS_FOLDER/project_bq_partitioning.py', '--cfg-path', '/tmp/tmpsasia9ad']
[2023-03-20T22:37:00.119+0000] {standard_task_runner.py:83} INFO - Job 243: Subtask execute_sql_file
[2023-03-20T22:37:00.160+0000] {warnings.py:110} WARNING - /home/***/.local/lib/python3.7/site-packages/***/settings.py:250: DeprecationWarning: The sql_alchemy_conn option in [core] has been moved to the sql_alchemy_conn option in [database] - the old setting has been used, but please update your config.
  SQL_ALCHEMY_CONN = conf.get("database", "SQL_ALCHEMY_CONN")

[2023-03-20T22:37:00.311+0000] {task_command.py:388} INFO - Running <TaskInstance: project_bigquery_sql_dag.execute_sql_file manual__2023-03-20T20:40:54.242399+00:00 [running]> on host 796cac132c25
[2023-03-20T22:37:00.486+0000] {taskinstance.py:1511} INFO - Exporting the following env vars:
AIRFLOW_CTX_DAG_OWNER=***
AIRFLOW_CTX_DAG_ID=project_bigquery_sql_dag
AIRFLOW_CTX_TASK_ID=execute_sql_file
AIRFLOW_CTX_EXECUTION_DATE=2023-03-20T20:40:54.242399+00:00
AIRFLOW_CTX_TRY_NUMBER=14
AIRFLOW_CTX_DAG_RUN_ID=manual__2023-03-20T20:40:54.242399+00:00
[2023-03-20T22:37:00.488+0000] {bigquery.py:1093} INFO - Executing: CREATE TABLE `dtc-de-course-375420.chicago_crime_all.ET_CHICAGO_CRIMES_DATEFORMATTED` AS
SELECT
  DATE(PARSE_DATETIME("%m/%d/%Y %I:%M:%S %p", date)) AS New_Date,*
FROM
  `dtc-de-course-375420.chicago_crime_all.et_chicago_crimes`;
  
  
CREATE OR REPLACE TABLE `dtc-de-course-375420.chicago_crime_all.CHICAGO_CRIMES_PARTITIONED`
PARTITION BY DATE(New_Date)
AS
SELECT * FROM `dtc-de-course-375420.chicago_crime_all.ET_CHICAGO_CRIMES_DATEFORMATTED`;
[2023-03-20T22:37:00.490+0000] {crypto.py:83} WARNING - empty cryptography key - values will not be stored encrypted.
[2023-03-20T22:37:00.491+0000] {base.py:73} INFO - Using connection ID 'google_cloud_default' for task execution.
[2023-03-20T22:37:00.494+0000] {warnings.py:110} WARNING - /home/***/.local/lib/python3.7/site-packages/***/providers/google/cloud/hooks/bigquery.py:2055: DeprecationWarning: This method is deprecated. Please use `BigQueryHook.insert_job` method.
  "This method is deprecated. Please use `BigQueryHook.insert_job` method.", DeprecationWarning

[2023-03-20T22:37:00.593+0000] {taskinstance.py:1775} ERROR - Task failed with exception
Traceback (most recent call last):
  File "/home/airflow/.local/lib/python3.7/site-packages/airflow/providers/google/cloud/operators/bigquery.py", line 1119, in execute
    encryption_configuration=self.encryption_configuration,
  File "/home/airflow/.local/lib/python3.7/site-packages/airflow/providers/google/cloud/hooks/bigquery.py", line 2149, in run_query
    _validate_value(param_name, configuration["query"][param_name], param_type)
  File "/home/airflow/.local/lib/python3.7/site-packages/airflow/providers/google/cloud/hooks/bigquery.py", line 2935, in _validate_value
    raise TypeError(f"{key} argument must have a type {expected_type} not {type(value)}")
TypeError: queryParameters argument must have a type <class 'list'> not <class 'dict'>
[2023-03-20T22:37:00.647+0000] {taskinstance.py:1326} INFO - Marking task as FAILED. dag_id=project_bigquery_sql_dag, task_id=execute_sql_file, execution_date=20230320T204054, start_date=20230320T223659, end_date=20230320T223700
[2023-03-20T22:37:00.683+0000] {standard_task_runner.py:105} ERROR - Failed to execute job 243 for task execute_sql_file (queryParameters argument must have a type <class 'list'> not <class 'dict'>; 416)
[2023-03-20T22:37:00.714+0000] {local_task_job.py:212} INFO - Task exited with return code 1
[2023-03-20T22:37:00.753+0000] {taskinstance.py:2585} INFO - 0 downstream tasks scheduled from follow-on schedule check
