[2023-03-20T22:59:45.201+0000] {taskinstance.py:1084} INFO - Dependencies all met for dep_context=non-requeueable deps ti=<TaskInstance: project_bigquery_sql_dag.execute_sql_file manual__2023-03-20T20:40:54.242399+00:00 [queued]>
[2023-03-20T22:59:45.227+0000] {taskinstance.py:1084} INFO - Dependencies all met for dep_context=requeueable deps ti=<TaskInstance: project_bigquery_sql_dag.execute_sql_file manual__2023-03-20T20:40:54.242399+00:00 [queued]>
[2023-03-20T22:59:45.227+0000] {taskinstance.py:1282} INFO - 
--------------------------------------------------------------------------------
[2023-03-20T22:59:45.228+0000] {taskinstance.py:1283} INFO - Starting attempt 18 of 19
[2023-03-20T22:59:45.228+0000] {taskinstance.py:1284} INFO - 
--------------------------------------------------------------------------------
[2023-03-20T22:59:45.264+0000] {taskinstance.py:1303} INFO - Executing <Task(BigQueryInsertJobOperator): execute_sql_file> on 2023-03-20 20:40:54.242399+00:00
[2023-03-20T22:59:45.278+0000] {standard_task_runner.py:55} INFO - Started process 1331 to run task
[2023-03-20T22:59:45.289+0000] {standard_task_runner.py:82} INFO - Running: ['***', 'tasks', 'run', 'project_bigquery_sql_dag', 'execute_sql_file', 'manual__2023-03-20T20:40:54.242399+00:00', '--job-id', '246', '--raw', '--subdir', 'DAGS_FOLDER/project_bq_partitioning.py', '--cfg-path', '/tmp/tmpfavu5ys_']
[2023-03-20T22:59:45.306+0000] {standard_task_runner.py:83} INFO - Job 246: Subtask execute_sql_file
[2023-03-20T22:59:45.338+0000] {warnings.py:110} WARNING - /home/***/.local/lib/python3.7/site-packages/***/settings.py:250: DeprecationWarning: The sql_alchemy_conn option in [core] has been moved to the sql_alchemy_conn option in [database] - the old setting has been used, but please update your config.
  SQL_ALCHEMY_CONN = conf.get("database", "SQL_ALCHEMY_CONN")

[2023-03-20T22:59:45.489+0000] {task_command.py:388} INFO - Running <TaskInstance: project_bigquery_sql_dag.execute_sql_file manual__2023-03-20T20:40:54.242399+00:00 [running]> on host 796cac132c25
[2023-03-20T22:59:45.726+0000] {taskinstance.py:1511} INFO - Exporting the following env vars:
AIRFLOW_CTX_DAG_OWNER=***
AIRFLOW_CTX_DAG_ID=project_bigquery_sql_dag
AIRFLOW_CTX_TASK_ID=execute_sql_file
AIRFLOW_CTX_EXECUTION_DATE=2023-03-20T20:40:54.242399+00:00
AIRFLOW_CTX_TRY_NUMBER=18
AIRFLOW_CTX_DAG_RUN_ID=manual__2023-03-20T20:40:54.242399+00:00
[2023-03-20T22:59:45.732+0000] {base.py:73} INFO - Using connection ID 'google_cloud_default' for task execution.
[2023-03-20T22:59:45.734+0000] {bigquery.py:2731} INFO - Executing: {'query': {'query': 'CREATE OR REPLACE TABLE `dtc-de-course-375420.chicago_crime_all.ET_CHICAGO_CRIMES_DATEFORMATTED` AS\nSELECT\n  DATE(PARSE_DATETIME("%m/%d/%Y %I:%M:%S %p", date)) AS New_Date,*\nFROM\n  `dtc-de-course-375420.chicago_crime_all.et_chicago_crimes`;\n  \n  \nCREATE OR REPLACE TABLE `dtc-de-course-375420.chicago_crime_all.CHICAGO_CRIMES_PARTITIONED`\nPARTITION BY DATE(New_Date)\nAS\nSELECT * FROM `dtc-de-course-375420.chicago_crime_all.ET_CHICAGO_CRIMES_DATEFORMATTED`;', 'useLegacySql': False}}'
[2023-03-20T22:59:45.848+0000] {bigquery.py:1546} INFO - Inserting job ***_project_bigquery_sql_dag_execute_sql_file_2023_03_20T20_40_54_242399_00_00_ae31b71a41458e7ca7e117a9bf26e30f
[2023-03-20T22:59:52.716+0000] {taskinstance.py:1775} ERROR - Task failed with exception
Traceback (most recent call last):
  File "/home/airflow/.local/lib/python3.7/site-packages/airflow/providers/google/cloud/operators/bigquery.py", line 2782, in execute
    job.result(timeout=self.result_timeout, retry=self.result_retry)
  File "/home/airflow/.local/lib/python3.7/site-packages/google/cloud/bigquery/job/query.py", line 1499, in result
    do_get_result()
  File "/home/airflow/.local/lib/python3.7/site-packages/google/cloud/bigquery/job/query.py", line 1489, in do_get_result
    super(QueryJob, self).result(retry=retry, timeout=timeout)
  File "/home/airflow/.local/lib/python3.7/site-packages/google/cloud/bigquery/job/base.py", line 728, in result
    return super(_AsyncJob, self).result(timeout=timeout, **kwargs)
  File "/home/airflow/.local/lib/python3.7/site-packages/google/api_core/future/polling.py", line 137, in result
    raise self._exception
google.api_core.exceptions.BadRequest: 400 Query error: PARTITION BY expression must be DATE(<timestamp_column>), DATE(<datetime_column>), DATETIME_TRUNC(<datetime_column>, DAY/HOUR/MONTH/YEAR), a DATE column, TIMESTAMP_TRUNC(<timestamp_column>, DAY/HOUR/MONTH/YEAR), DATE_TRUNC(<date_column>, MONTH/YEAR), or RANGE_BUCKET(<int64_column>, GENERATE_ARRAY(<int64_value>, <int64_value>[, <int64_value>])) at [8:1]

Location: europe-west6
Job ID: airflow_project_bigquery_sql_dag_execute_sql_file_2023_03_20T20_40_54_242399_00_00_ae31b71a41458e7ca7e117a9bf26e30f

[2023-03-20T22:59:52.736+0000] {taskinstance.py:1326} INFO - Marking task as UP_FOR_RETRY. dag_id=project_bigquery_sql_dag, task_id=execute_sql_file, execution_date=20230320T204054, start_date=20230320T225945, end_date=20230320T225952
[2023-03-20T22:59:52.766+0000] {standard_task_runner.py:105} ERROR - Failed to execute job 246 for task execute_sql_file (400 Query error: PARTITION BY expression must be DATE(<timestamp_column>), DATE(<datetime_column>), DATETIME_TRUNC(<datetime_column>, DAY/HOUR/MONTH/YEAR), a DATE column, TIMESTAMP_TRUNC(<timestamp_column>, DAY/HOUR/MONTH/YEAR), DATE_TRUNC(<date_column>, MONTH/YEAR), or RANGE_BUCKET(<int64_column>, GENERATE_ARRAY(<int64_value>, <int64_value>[, <int64_value>])) at [8:1]

Location: europe-west6
Job ID: airflow_project_bigquery_sql_dag_execute_sql_file_2023_03_20T20_40_54_242399_00_00_ae31b71a41458e7ca7e117a9bf26e30f
; 1331)
[2023-03-20T22:59:52.819+0000] {local_task_job.py:212} INFO - Task exited with return code 1
[2023-03-20T22:59:52.858+0000] {taskinstance.py:2585} INFO - 0 downstream tasks scheduled from follow-on schedule check
