[2023-03-20T23:28:32.187+0000] {taskinstance.py:1084} INFO - Dependencies all met for dep_context=non-requeueable deps ti=<TaskInstance: project_bigquery_sql_dag.execute_sql_file manual__2023-03-20T20:40:54.242399+00:00 [queued]>
[2023-03-20T23:28:32.207+0000] {taskinstance.py:1084} INFO - Dependencies all met for dep_context=requeueable deps ti=<TaskInstance: project_bigquery_sql_dag.execute_sql_file manual__2023-03-20T20:40:54.242399+00:00 [queued]>
[2023-03-20T23:28:32.208+0000] {taskinstance.py:1282} INFO - 
--------------------------------------------------------------------------------
[2023-03-20T23:28:32.208+0000] {taskinstance.py:1283} INFO - Starting attempt 23 of 24
[2023-03-20T23:28:32.209+0000] {taskinstance.py:1284} INFO - 
--------------------------------------------------------------------------------
[2023-03-20T23:28:32.244+0000] {taskinstance.py:1303} INFO - Executing <Task(BigQueryInsertJobOperator): execute_sql_file> on 2023-03-20 20:40:54.242399+00:00
[2023-03-20T23:28:32.255+0000] {standard_task_runner.py:55} INFO - Started process 2532 to run task
[2023-03-20T23:28:32.283+0000] {standard_task_runner.py:82} INFO - Running: ['***', 'tasks', 'run', 'project_bigquery_sql_dag', 'execute_sql_file', 'manual__2023-03-20T20:40:54.242399+00:00', '--job-id', '251', '--raw', '--subdir', 'DAGS_FOLDER/project_bq_partitioning.py', '--cfg-path', '/tmp/tmp0_i71s6j']
[2023-03-20T23:28:32.296+0000] {standard_task_runner.py:83} INFO - Job 251: Subtask execute_sql_file
[2023-03-20T23:28:32.360+0000] {warnings.py:110} WARNING - /home/***/.local/lib/python3.7/site-packages/***/settings.py:250: DeprecationWarning: The sql_alchemy_conn option in [core] has been moved to the sql_alchemy_conn option in [database] - the old setting has been used, but please update your config.
  SQL_ALCHEMY_CONN = conf.get("database", "SQL_ALCHEMY_CONN")

[2023-03-20T23:28:32.659+0000] {task_command.py:388} INFO - Running <TaskInstance: project_bigquery_sql_dag.execute_sql_file manual__2023-03-20T20:40:54.242399+00:00 [running]> on host 796cac132c25
[2023-03-20T23:28:33.033+0000] {taskinstance.py:1511} INFO - Exporting the following env vars:
AIRFLOW_CTX_DAG_OWNER=***
AIRFLOW_CTX_DAG_ID=project_bigquery_sql_dag
AIRFLOW_CTX_TASK_ID=execute_sql_file
AIRFLOW_CTX_EXECUTION_DATE=2023-03-20T20:40:54.242399+00:00
AIRFLOW_CTX_TRY_NUMBER=23
AIRFLOW_CTX_DAG_RUN_ID=manual__2023-03-20T20:40:54.242399+00:00
[2023-03-20T23:28:33.036+0000] {base.py:73} INFO - Using connection ID 'google_cloud_default' for task execution.
[2023-03-20T23:28:33.037+0000] {bigquery.py:2731} INFO - Executing: {'query': {'query': 'CREATE OR REPLACE TABLE `dtc-de-course-375420.chicago_crime_all.ET_CHICAGO_CRIMES_DATEFORMATTED` AS\nSELECT\n  DATE(PARSE_DATETIME("%m/%d/%Y %I:%M:%S %p", date)) AS New_Date,\n  DATE_TRUNC(DATE(PARSE_DATETIME("%m/%d/%Y %I:%M:%S %p", date)), MONTH) AS Month,*\nFROM\n  dtc-de-course-375420.chicago_crime_all.et_chicago_crimes;\n  \n  \nCREATE OR REPLACE TABLE `dtc-de-course-375420.chicago_crime_all.CHICAGO_CRIMES_PARTITIONED`\nPARTITION BY Month\nAS\nSELECT * FROM `dtc-de-course-375420.chicago_crime_all.ET_CHICAGO_CRIMES_DATEFORMATTED`;', 'useLegacySql': False}}'
[2023-03-20T23:28:33.349+0000] {bigquery.py:1546} INFO - Inserting job ***_project_bigquery_sql_dag_execute_sql_file_2023_03_20T20_40_54_242399_00_00_07b2c41a474b3c4274ce78c88694e989
[2023-03-20T23:28:46.223+0000] {taskinstance.py:1326} INFO - Marking task as SUCCESS. dag_id=project_bigquery_sql_dag, task_id=execute_sql_file, execution_date=20230320T204054, start_date=20230320T232832, end_date=20230320T232846
[2023-03-20T23:28:46.283+0000] {local_task_job.py:212} INFO - Task exited with return code 0
[2023-03-20T23:28:46.343+0000] {taskinstance.py:2585} INFO - 0 downstream tasks scheduled from follow-on schedule check
