[2023-03-21T10:30:24.224+0000] {taskinstance.py:1084} INFO - Dependencies all met for dep_context=non-requeueable deps ti=<TaskInstance: project_masterdag.delete_dataproc_cluster manual__2023-03-21T10:08:02.026282+00:00 [queued]>
[2023-03-21T10:30:24.261+0000] {taskinstance.py:1084} INFO - Dependencies all met for dep_context=requeueable deps ti=<TaskInstance: project_masterdag.delete_dataproc_cluster manual__2023-03-21T10:08:02.026282+00:00 [queued]>
[2023-03-21T10:30:24.262+0000] {taskinstance.py:1282} INFO - 
--------------------------------------------------------------------------------
[2023-03-21T10:30:24.262+0000] {taskinstance.py:1283} INFO - Starting attempt 2 of 3
[2023-03-21T10:30:24.262+0000] {taskinstance.py:1284} INFO - 
--------------------------------------------------------------------------------
[2023-03-21T10:30:24.324+0000] {taskinstance.py:1303} INFO - Executing <Task(DataprocDeleteClusterOperator): delete_dataproc_cluster> on 2023-03-21 10:08:02.026282+00:00
[2023-03-21T10:30:24.341+0000] {standard_task_runner.py:55} INFO - Started process 29718 to run task
[2023-03-21T10:30:24.354+0000] {standard_task_runner.py:82} INFO - Running: ['***', 'tasks', 'run', 'project_masterdag', 'delete_dataproc_cluster', 'manual__2023-03-21T10:08:02.026282+00:00', '--job-id', '291', '--raw', '--subdir', 'DAGS_FOLDER/project_master_dags.py', '--cfg-path', '/tmp/tmp9aywqin2']
[2023-03-21T10:30:24.359+0000] {standard_task_runner.py:83} INFO - Job 291: Subtask delete_dataproc_cluster
[2023-03-21T10:30:24.400+0000] {warnings.py:110} WARNING - /home/***/.local/lib/python3.7/site-packages/***/settings.py:250: DeprecationWarning: The sql_alchemy_conn option in [core] has been moved to the sql_alchemy_conn option in [database] - the old setting has been used, but please update your config.
  SQL_ALCHEMY_CONN = conf.get("database", "SQL_ALCHEMY_CONN")

[2023-03-21T10:30:24.605+0000] {task_command.py:388} INFO - Running <TaskInstance: project_masterdag.delete_dataproc_cluster manual__2023-03-21T10:08:02.026282+00:00 [running]> on host 796cac132c25
[2023-03-21T10:30:24.868+0000] {taskinstance.py:1511} INFO - Exporting the following env vars:
AIRFLOW_CTX_DAG_OWNER=***
AIRFLOW_CTX_DAG_ID=project_masterdag
AIRFLOW_CTX_TASK_ID=delete_dataproc_cluster
AIRFLOW_CTX_EXECUTION_DATE=2023-03-21T10:08:02.026282+00:00
AIRFLOW_CTX_TRY_NUMBER=2
AIRFLOW_CTX_DAG_RUN_ID=manual__2023-03-21T10:08:02.026282+00:00
[2023-03-21T10:30:24.872+0000] {base.py:73} INFO - Using connection ID 'google_cloud_default' for task execution.
[2023-03-21T10:30:24.877+0000] {dataproc.py:901} INFO - Deleting cluster: my-dataproc-cluster
[2023-03-21T10:30:56.786+0000] {dataproc.py:871} INFO - Cluster deleted.
[2023-03-21T10:30:56.823+0000] {taskinstance.py:1326} INFO - Marking task as SUCCESS. dag_id=project_masterdag, task_id=delete_dataproc_cluster, execution_date=20230321T100802, start_date=20230321T103024, end_date=20230321T103056
[2023-03-21T10:30:56.921+0000] {local_task_job.py:212} INFO - Task exited with return code 0
[2023-03-21T10:30:56.980+0000] {taskinstance.py:2585} INFO - 0 downstream tasks scheduled from follow-on schedule check
