[2023-03-21T15:09:36.992+0000] {taskinstance.py:1084} INFO - Dependencies all met for dep_context=non-requeueable deps ti=<TaskInstance: project_masterdag.local_to_gcs_task manual__2023-03-21T14:00:00.595190+00:00 [queued]>
[2023-03-21T15:09:37.030+0000] {taskinstance.py:1084} INFO - Dependencies all met for dep_context=requeueable deps ti=<TaskInstance: project_masterdag.local_to_gcs_task manual__2023-03-21T14:00:00.595190+00:00 [queued]>
[2023-03-21T15:09:37.030+0000] {taskinstance.py:1282} INFO - 
--------------------------------------------------------------------------------
[2023-03-21T15:09:37.031+0000] {taskinstance.py:1283} INFO - Starting attempt 3 of 4
[2023-03-21T15:09:37.031+0000] {taskinstance.py:1284} INFO - 
--------------------------------------------------------------------------------
[2023-03-21T15:09:37.101+0000] {taskinstance.py:1303} INFO - Executing <Task(PythonOperator): local_to_gcs_task> on 2023-03-21 14:00:00.595190+00:00
[2023-03-21T15:09:37.128+0000] {standard_task_runner.py:55} INFO - Started process 42338 to run task
[2023-03-21T15:09:37.174+0000] {standard_task_runner.py:82} INFO - Running: ['***', 'tasks', 'run', 'project_masterdag', 'local_to_gcs_task', 'manual__2023-03-21T14:00:00.595190+00:00', '--job-id', '356', '--raw', '--subdir', 'DAGS_FOLDER/project_master_dags.py', '--cfg-path', '/tmp/tmpormxy1oe']
[2023-03-21T15:09:37.186+0000] {standard_task_runner.py:83} INFO - Job 356: Subtask local_to_gcs_task
[2023-03-21T15:09:37.258+0000] {warnings.py:110} WARNING - /home/***/.local/lib/python3.7/site-packages/***/settings.py:250: DeprecationWarning: The sql_alchemy_conn option in [core] has been moved to the sql_alchemy_conn option in [database] - the old setting has been used, but please update your config.
  SQL_ALCHEMY_CONN = conf.get("database", "SQL_ALCHEMY_CONN")

[2023-03-21T15:09:37.540+0000] {task_command.py:388} INFO - Running <TaskInstance: project_masterdag.local_to_gcs_task manual__2023-03-21T14:00:00.595190+00:00 [running]> on host 796cac132c25
[2023-03-21T15:09:37.940+0000] {taskinstance.py:1511} INFO - Exporting the following env vars:
AIRFLOW_CTX_DAG_OWNER=***
AIRFLOW_CTX_DAG_ID=project_masterdag
AIRFLOW_CTX_TASK_ID=local_to_gcs_task
AIRFLOW_CTX_EXECUTION_DATE=2023-03-21T14:00:00.595190+00:00
AIRFLOW_CTX_TRY_NUMBER=3
AIRFLOW_CTX_DAG_RUN_ID=manual__2023-03-21T14:00:00.595190+00:00
[2023-03-21T15:09:38.336+0000] {logging_mixin.py:137} INFO - Bucket name is  <Bucket: dtc_data_lake_dtc-de-course-375420>
[2023-03-21T15:09:38.336+0000] {project_master_dags.py:78} INFO - Uploading: Chicago_Crimes_2001.csv
[2023-03-21T15:09:41.738+0000] {project_master_dags.py:83} INFO - Chicago_Crimes_2001.csv uploaded to GCS bucket
[2023-03-21T15:09:41.739+0000] {project_master_dags.py:78} INFO - Uploading: Chicago_Crimes_2002.csv
[2023-03-21T15:09:44.700+0000] {project_master_dags.py:83} INFO - Chicago_Crimes_2002.csv uploaded to GCS bucket
[2023-03-21T15:09:44.700+0000] {project_master_dags.py:78} INFO - Uploading: Chicago_Crimes_2003.csv
[2023-03-21T15:09:47.491+0000] {project_master_dags.py:83} INFO - Chicago_Crimes_2003.csv uploaded to GCS bucket
[2023-03-21T15:09:47.492+0000] {project_master_dags.py:78} INFO - Uploading: Chicago_Crimes_2004.csv
[2023-03-21T15:09:50.739+0000] {project_master_dags.py:83} INFO - Chicago_Crimes_2004.csv uploaded to GCS bucket
[2023-03-21T15:09:50.741+0000] {project_master_dags.py:78} INFO - Uploading: Chicago_Crimes_2005.csv
[2023-03-21T15:09:53.731+0000] {project_master_dags.py:83} INFO - Chicago_Crimes_2005.csv uploaded to GCS bucket
[2023-03-21T15:09:53.732+0000] {project_master_dags.py:78} INFO - Uploading: Chicago_Crimes_2006.csv
[2023-03-21T15:09:56.803+0000] {project_master_dags.py:83} INFO - Chicago_Crimes_2006.csv uploaded to GCS bucket
[2023-03-21T15:09:56.804+0000] {project_master_dags.py:78} INFO - Uploading: Chicago_Crimes_2007.csv
[2023-03-21T15:09:59.818+0000] {project_master_dags.py:83} INFO - Chicago_Crimes_2007.csv uploaded to GCS bucket
[2023-03-21T15:09:59.819+0000] {project_master_dags.py:78} INFO - Uploading: Chicago_Crimes_2008.csv
[2023-03-21T15:10:02.404+0000] {project_master_dags.py:83} INFO - Chicago_Crimes_2008.csv uploaded to GCS bucket
[2023-03-21T15:10:02.404+0000] {project_master_dags.py:78} INFO - Uploading: Chicago_Crimes_2009.csv
[2023-03-21T15:10:05.095+0000] {project_master_dags.py:83} INFO - Chicago_Crimes_2009.csv uploaded to GCS bucket
[2023-03-21T15:10:05.096+0000] {project_master_dags.py:78} INFO - Uploading: Chicago_Crimes_2010.csv
[2023-03-21T15:10:07.716+0000] {project_master_dags.py:83} INFO - Chicago_Crimes_2010.csv uploaded to GCS bucket
[2023-03-21T15:10:07.718+0000] {project_master_dags.py:78} INFO - Uploading: Chicago_Crimes_2011.csv
[2023-03-21T15:10:10.069+0000] {project_master_dags.py:83} INFO - Chicago_Crimes_2011.csv uploaded to GCS bucket
[2023-03-21T15:10:10.070+0000] {project_master_dags.py:78} INFO - Uploading: Chicago_Crimes_2012.csv
[2023-03-21T15:10:12.497+0000] {project_master_dags.py:83} INFO - Chicago_Crimes_2012.csv uploaded to GCS bucket
[2023-03-21T15:10:12.498+0000] {project_master_dags.py:78} INFO - Uploading: Chicago_Crimes_2013.csv
[2023-03-21T15:10:14.723+0000] {project_master_dags.py:83} INFO - Chicago_Crimes_2013.csv uploaded to GCS bucket
[2023-03-21T15:10:14.724+0000] {project_master_dags.py:78} INFO - Uploading: Chicago_Crimes_2014.csv
[2023-03-21T15:10:16.522+0000] {project_master_dags.py:83} INFO - Chicago_Crimes_2014.csv uploaded to GCS bucket
[2023-03-21T15:10:16.523+0000] {project_master_dags.py:78} INFO - Uploading: Chicago_Crimes_2015.csv
[2023-03-21T15:10:18.286+0000] {project_master_dags.py:83} INFO - Chicago_Crimes_2015.csv uploaded to GCS bucket
[2023-03-21T15:10:18.287+0000] {project_master_dags.py:78} INFO - Uploading: Chicago_Crimes_2016.csv
[2023-03-21T15:10:20.016+0000] {project_master_dags.py:83} INFO - Chicago_Crimes_2016.csv uploaded to GCS bucket
[2023-03-21T15:10:20.016+0000] {project_master_dags.py:78} INFO - Uploading: Chicago_Crimes_2017.csv
[2023-03-21T15:10:21.642+0000] {project_master_dags.py:83} INFO - Chicago_Crimes_2017.csv uploaded to GCS bucket
[2023-03-21T15:10:21.642+0000] {project_master_dags.py:78} INFO - Uploading: Chicago_Crimes_2018.csv
[2023-03-21T15:10:23.387+0000] {project_master_dags.py:83} INFO - Chicago_Crimes_2018.csv uploaded to GCS bucket
[2023-03-21T15:10:23.388+0000] {project_master_dags.py:78} INFO - Uploading: Chicago_Crimes_2019.csv
[2023-03-21T15:10:25.118+0000] {project_master_dags.py:83} INFO - Chicago_Crimes_2019.csv uploaded to GCS bucket
[2023-03-21T15:10:25.119+0000] {project_master_dags.py:78} INFO - Uploading: Chicago_Crimes_2020.csv
[2023-03-21T15:10:26.458+0000] {project_master_dags.py:83} INFO - Chicago_Crimes_2020.csv uploaded to GCS bucket
[2023-03-21T15:10:26.460+0000] {project_master_dags.py:78} INFO - Uploading: Chicago_Crimes_2021.csv
[2023-03-21T15:10:28.036+0000] {project_master_dags.py:83} INFO - Chicago_Crimes_2021.csv uploaded to GCS bucket
[2023-03-21T15:10:28.037+0000] {project_master_dags.py:78} INFO - Uploading: Chicago_Crimes_2022.csv
[2023-03-21T15:10:29.235+0000] {project_master_dags.py:83} INFO - Chicago_Crimes_2022.csv uploaded to GCS bucket
[2023-03-21T15:10:29.236+0000] {project_master_dags.py:86} INFO - Removing downloaded files
[2023-03-21T15:10:29.236+0000] {python.py:177} INFO - Done. Returned value was: None
[2023-03-21T15:10:29.275+0000] {taskinstance.py:1326} INFO - Marking task as SUCCESS. dag_id=project_masterdag, task_id=local_to_gcs_task, execution_date=20230321T140000, start_date=20230321T150936, end_date=20230321T151029
[2023-03-21T15:10:29.361+0000] {local_task_job.py:212} INFO - Task exited with return code 0
