[2023-03-21T14:02:29.652+0000] {taskinstance.py:1084} INFO - Dependencies all met for dep_context=non-requeueable deps ti=<TaskInstance: project_masterdag.local_to_gcs_task manual__2023-03-21T14:00:00.595190+00:00 [queued]>
[2023-03-21T14:02:29.694+0000] {taskinstance.py:1084} INFO - Dependencies all met for dep_context=requeueable deps ti=<TaskInstance: project_masterdag.local_to_gcs_task manual__2023-03-21T14:00:00.595190+00:00 [queued]>
[2023-03-21T14:02:29.695+0000] {taskinstance.py:1282} INFO - 
--------------------------------------------------------------------------------
[2023-03-21T14:02:29.696+0000] {taskinstance.py:1283} INFO - Starting attempt 1 of 2
[2023-03-21T14:02:29.696+0000] {taskinstance.py:1284} INFO - 
--------------------------------------------------------------------------------
[2023-03-21T14:02:29.773+0000] {taskinstance.py:1303} INFO - Executing <Task(PythonOperator): local_to_gcs_task> on 2023-03-21 14:00:00.595190+00:00
[2023-03-21T14:02:29.801+0000] {standard_task_runner.py:55} INFO - Started process 39323 to run task
[2023-03-21T14:02:29.826+0000] {standard_task_runner.py:82} INFO - Running: ['***', 'tasks', 'run', 'project_masterdag', 'local_to_gcs_task', 'manual__2023-03-21T14:00:00.595190+00:00', '--job-id', '340', '--raw', '--subdir', 'DAGS_FOLDER/project_master_dags.py', '--cfg-path', '/tmp/tmp0imd2bh4']
[2023-03-21T14:02:29.871+0000] {standard_task_runner.py:83} INFO - Job 340: Subtask local_to_gcs_task
[2023-03-21T14:02:30.014+0000] {warnings.py:110} WARNING - /home/***/.local/lib/python3.7/site-packages/***/settings.py:250: DeprecationWarning: The sql_alchemy_conn option in [core] has been moved to the sql_alchemy_conn option in [database] - the old setting has been used, but please update your config.
  SQL_ALCHEMY_CONN = conf.get("database", "SQL_ALCHEMY_CONN")

[2023-03-21T14:02:30.435+0000] {task_command.py:388} INFO - Running <TaskInstance: project_masterdag.local_to_gcs_task manual__2023-03-21T14:00:00.595190+00:00 [running]> on host 796cac132c25
[2023-03-21T14:02:30.850+0000] {taskinstance.py:1511} INFO - Exporting the following env vars:
AIRFLOW_CTX_DAG_OWNER=***
AIRFLOW_CTX_DAG_ID=project_masterdag
AIRFLOW_CTX_TASK_ID=local_to_gcs_task
AIRFLOW_CTX_EXECUTION_DATE=2023-03-21T14:00:00.595190+00:00
AIRFLOW_CTX_TRY_NUMBER=1
AIRFLOW_CTX_DAG_RUN_ID=manual__2023-03-21T14:00:00.595190+00:00
[2023-03-21T14:02:31.511+0000] {logging_mixin.py:137} INFO - Bucket name is  <Bucket: dtc_data_lake_dtc-de-course-375420>
[2023-03-21T14:02:31.512+0000] {project_master_dags.py:78} INFO - Uploading: Chicago_Crimes_2001.csv
[2023-03-21T14:02:35.390+0000] {project_master_dags.py:83} INFO - Chicago_Crimes_2001.csv uploaded to GCS bucket
[2023-03-21T14:02:35.391+0000] {project_master_dags.py:78} INFO - Uploading: Chicago_Crimes_2002.csv
[2023-03-21T14:02:38.960+0000] {project_master_dags.py:83} INFO - Chicago_Crimes_2002.csv uploaded to GCS bucket
[2023-03-21T14:02:38.961+0000] {project_master_dags.py:86} INFO - Removing downloaded files
[2023-03-21T14:02:38.961+0000] {python.py:177} INFO - Done. Returned value was: None
[2023-03-21T14:02:38.987+0000] {taskinstance.py:1326} INFO - Marking task as SUCCESS. dag_id=project_masterdag, task_id=local_to_gcs_task, execution_date=20230321T140000, start_date=20230321T140229, end_date=20230321T140238
[2023-03-21T14:02:39.079+0000] {local_task_job.py:212} INFO - Task exited with return code 0
