[2023-03-21T14:22:50.492+0000] {taskinstance.py:1084} INFO - Dependencies all met for dep_context=non-requeueable deps ti=<TaskInstance: project_masterdag.local_to_gcs_task manual__2023-03-21T14:00:00.595190+00:00 [queued]>
[2023-03-21T14:22:50.570+0000] {taskinstance.py:1084} INFO - Dependencies all met for dep_context=requeueable deps ti=<TaskInstance: project_masterdag.local_to_gcs_task manual__2023-03-21T14:00:00.595190+00:00 [queued]>
[2023-03-21T14:22:50.576+0000] {taskinstance.py:1282} INFO - 
--------------------------------------------------------------------------------
[2023-03-21T14:22:50.577+0000] {taskinstance.py:1283} INFO - Starting attempt 2 of 3
[2023-03-21T14:22:50.578+0000] {taskinstance.py:1284} INFO - 
--------------------------------------------------------------------------------
[2023-03-21T14:22:50.722+0000] {taskinstance.py:1303} INFO - Executing <Task(PythonOperator): local_to_gcs_task> on 2023-03-21 14:00:00.595190+00:00
[2023-03-21T14:22:50.776+0000] {standard_task_runner.py:55} INFO - Started process 40309 to run task
[2023-03-21T14:22:50.811+0000] {standard_task_runner.py:82} INFO - Running: ['***', 'tasks', 'run', 'project_masterdag', 'local_to_gcs_task', 'manual__2023-03-21T14:00:00.595190+00:00', '--job-id', '348', '--raw', '--subdir', 'DAGS_FOLDER/project_master_dags.py', '--cfg-path', '/tmp/tmpb_ai1qd6']
[2023-03-21T14:22:50.832+0000] {standard_task_runner.py:83} INFO - Job 348: Subtask local_to_gcs_task
[2023-03-21T14:22:50.947+0000] {warnings.py:110} WARNING - /home/***/.local/lib/python3.7/site-packages/***/settings.py:250: DeprecationWarning: The sql_alchemy_conn option in [core] has been moved to the sql_alchemy_conn option in [database] - the old setting has been used, but please update your config.
  SQL_ALCHEMY_CONN = conf.get("database", "SQL_ALCHEMY_CONN")

[2023-03-21T14:22:51.116+0000] {task_command.py:388} INFO - Running <TaskInstance: project_masterdag.local_to_gcs_task manual__2023-03-21T14:00:00.595190+00:00 [running]> on host 796cac132c25
[2023-03-21T14:22:51.427+0000] {taskinstance.py:1511} INFO - Exporting the following env vars:
AIRFLOW_CTX_DAG_OWNER=***
AIRFLOW_CTX_DAG_ID=project_masterdag
AIRFLOW_CTX_TASK_ID=local_to_gcs_task
AIRFLOW_CTX_EXECUTION_DATE=2023-03-21T14:00:00.595190+00:00
AIRFLOW_CTX_TRY_NUMBER=2
AIRFLOW_CTX_DAG_RUN_ID=manual__2023-03-21T14:00:00.595190+00:00
[2023-03-21T14:22:51.787+0000] {logging_mixin.py:137} INFO - Bucket name is  <Bucket: dtc_data_lake_dtc-de-course-375420>
[2023-03-21T14:22:51.788+0000] {project_master_dags.py:78} INFO - Uploading: Chicago_Crimes_2001.csv
[2023-03-21T14:22:55.158+0000] {project_master_dags.py:83} INFO - Chicago_Crimes_2001.csv uploaded to GCS bucket
[2023-03-21T14:22:55.158+0000] {project_master_dags.py:78} INFO - Uploading: Chicago_Crimes_2002.csv
[2023-03-21T14:22:57.852+0000] {project_master_dags.py:83} INFO - Chicago_Crimes_2002.csv uploaded to GCS bucket
[2023-03-21T14:22:57.853+0000] {project_master_dags.py:78} INFO - Uploading: Chicago_Crimes_2003.csv
[2023-03-21T14:23:01.466+0000] {project_master_dags.py:83} INFO - Chicago_Crimes_2003.csv uploaded to GCS bucket
[2023-03-21T14:23:01.466+0000] {project_master_dags.py:78} INFO - Uploading: Chicago_Crimes_2004.csv
[2023-03-21T14:23:05.011+0000] {project_master_dags.py:83} INFO - Chicago_Crimes_2004.csv uploaded to GCS bucket
[2023-03-21T14:23:05.016+0000] {project_master_dags.py:78} INFO - Uploading: Chicago_Crimes_2005.csv
[2023-03-21T14:23:08.216+0000] {project_master_dags.py:83} INFO - Chicago_Crimes_2005.csv uploaded to GCS bucket
[2023-03-21T14:23:08.218+0000] {project_master_dags.py:78} INFO - Uploading: Chicago_Crimes_2006.csv
[2023-03-21T14:23:11.673+0000] {project_master_dags.py:83} INFO - Chicago_Crimes_2006.csv uploaded to GCS bucket
[2023-03-21T14:23:11.674+0000] {project_master_dags.py:78} INFO - Uploading: Chicago_Crimes_2007.csv
[2023-03-21T14:23:14.758+0000] {project_master_dags.py:83} INFO - Chicago_Crimes_2007.csv uploaded to GCS bucket
[2023-03-21T14:23:14.758+0000] {project_master_dags.py:78} INFO - Uploading: Chicago_Crimes_2008.csv
[2023-03-21T14:23:17.936+0000] {project_master_dags.py:83} INFO - Chicago_Crimes_2008.csv uploaded to GCS bucket
[2023-03-21T14:23:17.936+0000] {project_master_dags.py:78} INFO - Uploading: Chicago_Crimes_2009.csv
[2023-03-21T14:23:20.489+0000] {project_master_dags.py:83} INFO - Chicago_Crimes_2009.csv uploaded to GCS bucket
[2023-03-21T14:23:20.490+0000] {project_master_dags.py:78} INFO - Uploading: Chicago_Crimes_2010.csv
[2023-03-21T14:23:22.977+0000] {project_master_dags.py:83} INFO - Chicago_Crimes_2010.csv uploaded to GCS bucket
[2023-03-21T14:23:22.978+0000] {project_master_dags.py:78} INFO - Uploading: Chicago_Crimes_2011.csv
[2023-03-21T14:23:25.790+0000] {project_master_dags.py:83} INFO - Chicago_Crimes_2011.csv uploaded to GCS bucket
[2023-03-21T14:23:25.791+0000] {project_master_dags.py:78} INFO - Uploading: Chicago_Crimes_2012.csv
[2023-03-21T14:23:28.209+0000] {project_master_dags.py:83} INFO - Chicago_Crimes_2012.csv uploaded to GCS bucket
[2023-03-21T14:23:28.210+0000] {project_master_dags.py:78} INFO - Uploading: Chicago_Crimes_2013.csv
[2023-03-21T14:23:30.666+0000] {project_master_dags.py:83} INFO - Chicago_Crimes_2013.csv uploaded to GCS bucket
[2023-03-21T14:23:30.667+0000] {project_master_dags.py:78} INFO - Uploading: Chicago_Crimes_2014.csv
[2023-03-21T14:23:32.746+0000] {project_master_dags.py:83} INFO - Chicago_Crimes_2014.csv uploaded to GCS bucket
[2023-03-21T14:23:32.748+0000] {project_master_dags.py:78} INFO - Uploading: Chicago_Crimes_2015.csv
[2023-03-21T14:23:34.815+0000] {project_master_dags.py:83} INFO - Chicago_Crimes_2015.csv uploaded to GCS bucket
[2023-03-21T14:23:34.816+0000] {project_master_dags.py:78} INFO - Uploading: Chicago_Crimes_2016.csv
[2023-03-21T14:23:36.660+0000] {project_master_dags.py:83} INFO - Chicago_Crimes_2016.csv uploaded to GCS bucket
[2023-03-21T14:23:36.661+0000] {project_master_dags.py:78} INFO - Uploading: Chicago_Crimes_2017.csv
[2023-03-21T14:23:39.056+0000] {project_master_dags.py:83} INFO - Chicago_Crimes_2017.csv uploaded to GCS bucket
[2023-03-21T14:23:39.057+0000] {project_master_dags.py:78} INFO - Uploading: Chicago_Crimes_2018.csv
[2023-03-21T14:23:40.802+0000] {project_master_dags.py:83} INFO - Chicago_Crimes_2018.csv uploaded to GCS bucket
[2023-03-21T14:23:40.803+0000] {project_master_dags.py:78} INFO - Uploading: Chicago_Crimes_2019.csv
[2023-03-21T14:23:42.743+0000] {project_master_dags.py:83} INFO - Chicago_Crimes_2019.csv uploaded to GCS bucket
[2023-03-21T14:23:42.743+0000] {project_master_dags.py:78} INFO - Uploading: Chicago_Crimes_2020.csv
[2023-03-21T14:23:44.333+0000] {project_master_dags.py:83} INFO - Chicago_Crimes_2020.csv uploaded to GCS bucket
[2023-03-21T14:23:44.334+0000] {project_master_dags.py:78} INFO - Uploading: Chicago_Crimes_2021.csv
[2023-03-21T14:23:45.825+0000] {project_master_dags.py:83} INFO - Chicago_Crimes_2021.csv uploaded to GCS bucket
[2023-03-21T14:23:45.826+0000] {project_master_dags.py:78} INFO - Uploading: Chicago_Crimes_2022.csv
[2023-03-21T14:23:46.961+0000] {project_master_dags.py:83} INFO - Chicago_Crimes_2022.csv uploaded to GCS bucket
[2023-03-21T14:23:46.962+0000] {project_master_dags.py:86} INFO - Removing downloaded files
[2023-03-21T14:23:46.963+0000] {python.py:177} INFO - Done. Returned value was: None
[2023-03-21T14:23:47.003+0000] {taskinstance.py:1326} INFO - Marking task as SUCCESS. dag_id=project_masterdag, task_id=local_to_gcs_task, execution_date=20230321T140000, start_date=20230321T142250, end_date=20230321T142347
[2023-03-21T14:23:47.160+0000] {local_task_job.py:212} INFO - Task exited with return code 0
