[2023-03-21T14:03:03.307+0000] {taskinstance.py:1084} INFO - Dependencies all met for dep_context=non-requeueable deps ti=<TaskInstance: project_masterdag.partition_bq_table manual__2023-03-21T14:00:00.595190+00:00 [queued]>
[2023-03-21T14:03:03.329+0000] {taskinstance.py:1084} INFO - Dependencies all met for dep_context=requeueable deps ti=<TaskInstance: project_masterdag.partition_bq_table manual__2023-03-21T14:00:00.595190+00:00 [queued]>
[2023-03-21T14:03:03.330+0000] {taskinstance.py:1282} INFO - 
--------------------------------------------------------------------------------
[2023-03-21T14:03:03.331+0000] {taskinstance.py:1283} INFO - Starting attempt 1 of 2
[2023-03-21T14:03:03.332+0000] {taskinstance.py:1284} INFO - 
--------------------------------------------------------------------------------
[2023-03-21T14:03:03.371+0000] {taskinstance.py:1303} INFO - Executing <Task(BigQueryInsertJobOperator): partition_bq_table> on 2023-03-21 14:00:00.595190+00:00
[2023-03-21T14:03:03.383+0000] {standard_task_runner.py:55} INFO - Started process 39369 to run task
[2023-03-21T14:03:03.396+0000] {standard_task_runner.py:82} INFO - Running: ['***', 'tasks', 'run', 'project_masterdag', 'partition_bq_table', 'manual__2023-03-21T14:00:00.595190+00:00', '--job-id', '342', '--raw', '--subdir', 'DAGS_FOLDER/project_master_dags.py', '--cfg-path', '/tmp/tmpykufqteb']
[2023-03-21T14:03:03.401+0000] {standard_task_runner.py:83} INFO - Job 342: Subtask partition_bq_table
[2023-03-21T14:03:03.429+0000] {warnings.py:110} WARNING - /home/***/.local/lib/python3.7/site-packages/***/settings.py:250: DeprecationWarning: The sql_alchemy_conn option in [core] has been moved to the sql_alchemy_conn option in [database] - the old setting has been used, but please update your config.
  SQL_ALCHEMY_CONN = conf.get("database", "SQL_ALCHEMY_CONN")

[2023-03-21T14:03:03.560+0000] {task_command.py:388} INFO - Running <TaskInstance: project_masterdag.partition_bq_table manual__2023-03-21T14:00:00.595190+00:00 [running]> on host 796cac132c25
[2023-03-21T14:03:03.934+0000] {taskinstance.py:1511} INFO - Exporting the following env vars:
AIRFLOW_CTX_DAG_OWNER=***
AIRFLOW_CTX_DAG_ID=project_masterdag
AIRFLOW_CTX_TASK_ID=partition_bq_table
AIRFLOW_CTX_EXECUTION_DATE=2023-03-21T14:00:00.595190+00:00
AIRFLOW_CTX_TRY_NUMBER=1
AIRFLOW_CTX_DAG_RUN_ID=manual__2023-03-21T14:00:00.595190+00:00
[2023-03-21T14:03:03.946+0000] {base.py:73} INFO - Using connection ID 'google_cloud_default' for task execution.
[2023-03-21T14:03:03.948+0000] {bigquery.py:2731} INFO - Executing: {'query': {'query': 'CREATE OR REPLACE TABLE `dtc-de-course-375420.chicago_crime_all.ET_CHICAGO_CRIMES_DATEFORMATTED` AS\nSELECT\n  DATE(PARSE_DATETIME("%m/%d/%Y %I:%M:%S %p", date)) AS New_Date,\n  DATE_TRUNC(DATE(PARSE_DATETIME("%m/%d/%Y %I:%M:%S %p", date)), MONTH) AS Month,*\nFROM\n  dtc-de-course-375420.chicago_crime_all.et_chicago_crimes;\n  \n  \nCREATE OR REPLACE TABLE `dtc-de-course-375420.chicago_crime_all.CHICAGO_CRIMES_PARTITIONED`\nPARTITION BY Month\nAS\nSELECT * FROM `dtc-de-course-375420.chicago_crime_all.ET_CHICAGO_CRIMES_DATEFORMATTED`;', 'useLegacySql': False}}'
[2023-03-21T14:03:04.180+0000] {bigquery.py:1546} INFO - Inserting job ***_project_masterdag_partition_bq_table_2023_03_21T14_00_00_595190_00_00_e227c88cca7b4ede9826c5d942b1d892
[2023-03-21T14:03:12.346+0000] {taskinstance.py:1326} INFO - Marking task as SUCCESS. dag_id=project_masterdag, task_id=partition_bq_table, execution_date=20230321T140000, start_date=20230321T140303, end_date=20230321T140312
[2023-03-21T14:03:12.396+0000] {local_task_job.py:212} INFO - Task exited with return code 0
